find package FindBin
find package JSON
key is data_type, value is short_reads
key is track_name, value is pO83_CORR
key is chr_id, value is NC_017659.1
key is data_file, value is ../data/NC_017659.1.indel.fa.to.NC_017659.1.fa.sr.sam.sorted.bam:../data/NC_017659.1.fa
key is ylabel, value is illuminate pair-end read mapping,gap:50bp,fontsize:13,color:black
key is data_display_shape, value is rainbow:color->blue:opacity->0.8:cross_link_width_ellipse->0.05
key is data_type, value is short_reads
key is track_name, value is pO83_CORR
key is chr_id, value is NC_017659.1
key is data_file, value is ../data/NC_017659.1.indel.fa.to.NC_017659.1.fa.sr.sam.sorted.bam:../data/NC_017659.1.fa
key is data_display_shape, value is stack
key is ylabel, value is illuminate pair-end read mapping stack,gap:50bp,fontsize:13,color:black
key is data_type, value is long_reads
key is track_name, value is pO83_CORR
key is chr_id, value is NC_017659.1
key is data_file, value is ../data/NC_017659.1.indel.fa.to.NC_017659.1.fa.longreads.sort.bam:../data/NC_017659.1.fa
key is data_display_shape, value is stack
key is ylabel, value is pacbio read mapping stack,gap:50bp,fontsize:13,color:black
key is data_type, value is short_reads
key is track_name, value is pO83_CORR.twin
key is chr_id, value is NC_017659.1
key is data_file, value is ../data/NC_017659.1.indel.fa.to.NC_017659.1.fa.sr.sam.sorted.bam:../data/NC_017659.1.fa
key is data_display_shape, value is rainbow:color->blue:opacity->0.8:cross_link_width_ellipse->0.05
key is ylabel, value is illuminate pair-end read mapping,gap:50bp,fontsize:13,color:black
key is data_type, value is short_reads
key is track_name, value is pO83_CORR.twin
key is chr_id, value is NC_017659.1
key is data_file, value is ../data/NC_017659.1.indel.fa.to.NC_017659.1.fa.sr.sam.sorted.bam:../data/NC_017659.1.fa
key is data_display_shape, value is stack
key is ylabel, value is illuminate pair-end read mapping stack,gap:50bp,fontsize:13,color:black
key is data_type, value is long_reads
key is track_name, value is pO83_CORR.twin
key is chr_id, value is NC_017659.1
key is data_file, value is ../data/NC_017659.1.indel.fa.to.NC_017659.1.fa.longreads.sort.bam:../data/NC_017659.1.fa
key is data_display_shape, value is stack
key is ylabel, value is pacbio read mapping stack,gap:50bp,fontsize:13,color:black
key is data_type, value is long_reads
key is track_name, value is pO83_CORR.indel
key is chr_id, value is NC_017659.1.fake
key is data_file, value is ../data/NC_017659.1.indel.fa.longreads.map2ref.sort.bam:../data/NC_017659.1.indel.fa
key is data_display_shape, value is stack
key is ylabel, value is pacbio read mapping stack,gap:50bp,fontsize:13,color:black
tracks_shift_y -> pO83_CORR,0,+1:+0;pO83_CORR.twin,0,+1:-0.5
tracks_shift_x -> pO83_CORR,1,+200bp:+0bp;pO83_CORR,2,-400bp:+0bp;pO83_CORR.twin,1,+300bp:+0bp
key is data_display_order, value is 0->1
key is query, value is pO83_CORR.indel
key is target, value is pO83_CORR
key is alignment_file, value is ../data/mummer.delta.filter.coords
key is alignment_format, value is mummer_coords
key is alignment_block_shape, value is quadrilateral
key is forward_color, value is orange->opacity0.5
key is reverse_color, value is blue->opacity0.7
key is cross_link_shift_y, value is +3:-3
key is sort, value is 1
allow_feature_out_of_list -> synteny
display_segment_name -> yes,center,shift_y:+2,fontsize:6,color:black,order:5,rotate:0

not_exists hist_scatter_line in confs
key reads_mapping = short_reads,1,pO83_CORR,NC_017659.1,0,../data/NC_017659.1.indel.fa.to.NC_017659.1.fa.sr.sam.sorted.bam:../data/NC_017659.1.fa,rainbow:color->blue:opacity->0.8:cross_link_width_ellipse->0.05,subtrack_yaxis_bg_region,0,1->100->10,ytick_label,0,green:black,1:1,2:6:0.2:0.1,15:15,0:10:40	color_height_cs->M:green:opacity0.8:height0.5:1bp:rect,I:red:opacity1:height0.9:6bp:rect,D:black:opacity1:height0.8:3bp:rect,N:blue:opacity1:height0.2:1bp:rect,S:blue:opacity0.6:height0.9:5bp:rect,H:blue:opacity0.6:height0.2:10bp:rect,P:blue:opacity1:height0.2:1bp:rect,X:Purple:opacity1:height0.6:1bp:rect,reverse:#1E90FF:opacity0.6:height0.8:6bp:arrow,forward:green:opacity0.6:height0.8:1bp:arrow,read1:green:opacity0.6:height0.8:6bp:arrow,read2:#1E90FF:opacity0.6:height0.8:1bp:arrow,fake:white:opacity1:height0.8:0bp:rect,diploid:red:opacity0.8:height0.5:1bp:rect;	ylabel->illuminate pair-end read mapping,gap:50bp,fontsize:13,color:black

key reads_mapping = short_reads,1,pO83_CORR,NC_017659.1,0,../data/NC_017659.1.indel.fa.to.NC_017659.1.fa.sr.sam.sorted.bam:../data/NC_017659.1.fa,stack,subtrack_yaxis_bg_region,0,1->100->10,ytick_label,0,green:black,1:1,2:6:0.2:0.1,15:15,0:10:40	color_height_cs->M:green:opacity0.8:height0.5:1bp:rect,I:red:opacity1:height0.9:6bp:rect,D:black:opacity1:height0.8:3bp:rect,N:blue:opacity1:height0.2:1bp:rect,S:blue:opacity0.6:height0.9:5bp:rect,H:blue:opacity0.6:height0.2:10bp:rect,P:blue:opacity1:height0.2:1bp:rect,X:Purple:opacity1:height0.6:1bp:rect,reverse:#1E90FF:opacity0.6:height0.8:6bp:arrow,forward:green:opacity0.6:height0.8:1bp:arrow,read1:green:opacity0.6:height0.8:6bp:arrow,read2:#1E90FF:opacity0.6:height0.8:1bp:arrow,fake:white:opacity1:height0.8:0bp:rect,diploid:red:opacity0.8:height0.5:1bp:rect;	ylabel->illuminate pair-end read mapping stack,gap:50bp,fontsize:13,color:black

key reads_mapping = long_reads,1,pO83_CORR,NC_017659.1,0,../data/NC_017659.1.indel.fa.to.NC_017659.1.fa.longreads.sort.bam:../data/NC_017659.1.fa,stack,subtrack_yaxis_bg_region,0,1->100->10,ytick_label,0,green:black,1:1,2:6:0.2:0.1,15:15,0:10:40	color_height_cs->M:green:opacity0.8:height0.5:1bp:rect,I:red:opacity1:height0.9:6bp:rect,D:black:opacity1:height0.8:3bp:rect,N:blue:opacity1:height0.2:1bp:rect,S:blue:opacity0.6:height0.9:5bp:rect,H:blue:opacity0.6:height0.2:10bp:rect,P:blue:opacity1:height0.2:1bp:rect,X:Purple:opacity1:height0.6:1bp:rect,reverse:#1E90FF:opacity0.6:height0.8:6bp:arrow,forward:green:opacity0.6:height0.8:1bp:arrow,read1:green:opacity0.6:height0.8:6bp:arrow,read2:#1E90FF:opacity0.6:height0.8:1bp:arrow,fake:white:opacity1:height0.8:0bp:rect,diploid:red:opacity0.8:height0.5:1bp:rect;	ylabel->pacbio read mapping stack,gap:50bp,fontsize:13,color:black

key reads_mapping = short_reads,1,pO83_CORR.twin,NC_017659.1,0,../data/NC_017659.1.indel.fa.to.NC_017659.1.fa.sr.sam.sorted.bam:../data/NC_017659.1.fa,rainbow:color->blue:opacity->0.8:cross_link_width_ellipse->0.05,subtrack_yaxis_bg_region,0,1->100->10,ytick_label,0,green:black,1:1,2:6:0.2:0.1,15:15,0:10:40	color_height_cs->M:green:opacity0.8:height0.5:1bp:rect,I:red:opacity1:height0.9:6bp:rect,D:black:opacity1:height0.8:3bp:rect,N:blue:opacity1:height0.2:1bp:rect,S:blue:opacity0.6:height0.9:5bp:rect,H:blue:opacity0.6:height0.2:10bp:rect,P:blue:opacity1:height0.2:1bp:rect,X:Purple:opacity1:height0.6:1bp:rect,reverse:#1E90FF:opacity0.6:height0.8:6bp:arrow,forward:green:opacity0.6:height0.8:1bp:arrow,read1:green:opacity0.6:height0.8:6bp:arrow,read2:#1E90FF:opacity0.6:height0.8:1bp:arrow,fake:white:opacity1:height0.8:0bp:rect,diploid:red:opacity0.8:height0.5:1bp:rect;	ylabel->illuminate pair-end read mapping,gap:50bp,fontsize:13,color:black

key reads_mapping = short_reads,1,pO83_CORR.twin,NC_017659.1,0,../data/NC_017659.1.indel.fa.to.NC_017659.1.fa.sr.sam.sorted.bam:../data/NC_017659.1.fa,stack,subtrack_yaxis_bg_region,0,1->100->10,ytick_label,0,green:black,1:1,2:6:0.2:0.1,15:15,0:10:40	color_height_cs->M:green:opacity0.8:height0.5:1bp:rect,I:red:opacity1:height0.9:6bp:rect,D:black:opacity1:height0.8:3bp:rect,N:blue:opacity1:height0.2:1bp:rect,S:blue:opacity0.6:height0.9:5bp:rect,H:blue:opacity0.6:height0.2:10bp:rect,P:blue:opacity1:height0.2:1bp:rect,X:Purple:opacity1:height0.6:1bp:rect,reverse:#1E90FF:opacity0.6:height0.8:6bp:arrow,forward:green:opacity0.6:height0.8:1bp:arrow,read1:green:opacity0.6:height0.8:6bp:arrow,read2:#1E90FF:opacity0.6:height0.8:1bp:arrow,fake:white:opacity1:height0.8:0bp:rect,diploid:red:opacity0.8:height0.5:1bp:rect;	ylabel->illuminate pair-end read mapping stack,gap:50bp,fontsize:13,color:black

key reads_mapping = long_reads,1,pO83_CORR.twin,NC_017659.1,0,../data/NC_017659.1.indel.fa.to.NC_017659.1.fa.longreads.sort.bam:../data/NC_017659.1.fa,stack,subtrack_yaxis_bg_region,0,1->100->10,ytick_label,0,green:black,1:1,2:6:0.2:0.1,15:15,0:10:40	color_height_cs->M:green:opacity0.8:height0.5:1bp:rect,I:red:opacity1:height0.9:6bp:rect,D:black:opacity1:height0.8:3bp:rect,N:blue:opacity1:height0.2:1bp:rect,S:blue:opacity0.6:height0.9:5bp:rect,H:blue:opacity0.6:height0.2:10bp:rect,P:blue:opacity1:height0.2:1bp:rect,X:Purple:opacity1:height0.6:1bp:rect,reverse:#1E90FF:opacity0.6:height0.8:6bp:arrow,forward:green:opacity0.6:height0.8:1bp:arrow,read1:green:opacity0.6:height0.8:6bp:arrow,read2:#1E90FF:opacity0.6:height0.8:1bp:arrow,fake:white:opacity1:height0.8:0bp:rect,diploid:red:opacity0.8:height0.5:1bp:rect;	ylabel->pacbio read mapping stack,gap:50bp,fontsize:13,color:black

key reads_mapping = long_reads,1,pO83_CORR.indel,NC_017659.1.fake,0,../data/NC_017659.1.indel.fa.longreads.map2ref.sort.bam:../data/NC_017659.1.indel.fa,stack,subtrack_yaxis_bg_region,0,1->100->10,ytick_label,0,green:black,1:1,2:6:0.2:0.1,15:15,0:10:40	color_height_cs->M:green:opacity0.8:height0.5:1bp:rect,I:red:opacity1:height0.9:6bp:rect,D:black:opacity1:height0.8:3bp:rect,N:blue:opacity1:height0.2:1bp:rect,S:blue:opacity0.6:height0.9:5bp:rect,H:blue:opacity0.6:height0.2:10bp:rect,P:blue:opacity1:height0.2:1bp:rect,X:Purple:opacity1:height0.6:1bp:rect,reverse:#1E90FF:opacity0.6:height0.8:6bp:arrow,forward:green:opacity0.6:height0.8:1bp:arrow,read1:green:opacity0.6:height0.8:6bp:arrow,read2:#1E90FF:opacity0.6:height0.8:1bp:arrow,fake:white:opacity1:height0.8:0bp:rect,diploid:red:opacity0.8:height0.5:1bp:rect;	ylabel->pacbio read mapping stack,gap:50bp,fontsize:13,color:black

key synteny = 0->1,pO83_CORR.indel,pO83_CORR,../data/mummer.delta.filter.coords,mummer_coords,quadrilateral,orange->opacity0.5,blue->opacity0.7,+3:-3,1

parse pO83_CORR pO83_CORR:NC_017659.1:1700-5900 -> block_index 1

parse pO83_CORR pO83_CORR:NC_017659.1:5901-7000 -> block_index 2

read_list pO83_CORR end
parse pO83_CORR.indel pO83_CORR.indel:NC_017659.1.fake:1700-6000 -> block_index 1

parse pO83_CORR.indel pO83_CORR.indel:NC_017659.1.fake:6001-7000 -> block_index 2

read_list pO83_CORR.indel end
parse pO83_CORR.twin pO83_CORR.twin:NC_017659.1:1700-7000 -> block_index 1

read_list pO83_CORR.twin end
hist_scatter_line not
reads_mapping start
k_index 1 is short_reads,1,pO83_CORR,NC_017659.1,0,../data/NC_017659.1.indel.fa.to.NC_017659.1.fa.sr.sam.sorted.bam:../data/NC_017659.1.fa,rainbow:color->blue:opacity->0.8:cross_link_width_ellipse->0.05,86.8571428571429->100,0,1->100->10,ytick_label,0,green:black,1:1,2:6:0.2:0.1,15:15,0:10:40	color_height_cs->M:green:opacity0.8:height0.5:1bp:rect,I:red:opacity1:height0.9:6bp:rect,D:black:opacity1:height0.8:3bp:rect,N:blue:opacity1:height0.2:1bp:rect,S:blue:opacity0.6:height0.9:5bp:rect,H:blue:opacity0.6:height0.2:10bp:rect,P:blue:opacity1:height0.2:1bp:rect,X:Purple:opacity1:height0.6:1bp:rect,reverse:#1E90FF:opacity0.6:height0.8:6bp:arrow,forward:green:opacity0.6:height0.8:1bp:arrow,read1:green:opacity0.6:height0.8:6bp:arrow,read2:#1E90FF:opacity0.6:height0.8:1bp:arrow,fake:white:opacity1:height0.8:0bp:rect,diploid:red:opacity0.8:height0.5:1bp:rect;	ylabel->illuminate pair-end read mapping,gap:50bp,fontsize:13,color:black

block_index is 2,pO83_CORR

output out2.pO83_CORR.NC_017659.1.2.1.short_reads.ylabel.gff

output out2.pO83_CORR.NC_017659.1.2.1.short_reads.ylabel.setting.conf

no out2.pO83_CORR.NC_017659.1.2.1.short_reads.ylabel.crosslink.conf for pO83_CORR
start_end_xaxis is 5901,7000
cmd is set -vex;samtools depth  -r NC_017659.1:5901-7000 ../data/NC_017659.1.indel.fa.to.NC_017659.1.fa.sr.sam.sorted.bam|awk '{print $NF}'|sort -k 1nr|head -1
max_depth max_depth is 47

rg is 5901,7000,  :5901,7000
color_height_cs is M:green:opacity0.8:height0.5:1bp:rect,I:red:opacity1:height0.9:6bp:rect,D:black:opacity1:height0.8:3bp:rect,N:blue:opacity1:height0.2:1bp:rect,S:blue:opacity0.6:height0.9:5bp:rect,H:blue:opacity0.6:height0.2:10bp:rect,P:blue:opacity1:height0.2:1bp:rect,X:Purple:opacity1:height0.6:1bp:rect,reverse:#1E90FF:opacity0.6:height0.8:6bp:arrow,forward:green:opacity0.6:height0.8:1bp:arrow,read1:green:opacity0.6:height0.8:6bp:arrow,read2:#1E90FF:opacity0.6:height0.8:1bp:arrow,fake:white:opacity1:height0.8:0bp:rect,diploid:red:opacity0.8:height0.5:1bp:rect
after split is M:green:opacity0.8:height0.5:1bp:rect I:red:opacity1:height0.9:6bp:rect D:black:opacity1:height0.8:3bp:rect N:blue:opacity1:height0.2:1bp:rect S:blue:opacity0.6:height0.9:5bp:rect H:blue:opacity0.6:height0.2:10bp:rect P:blue:opacity1:height0.2:1bp:rect X:Purple:opacity1:height0.6:1bp:rect reverse:#1E90FF:opacity0.6:height0.8:6bp:arrow forward:green:opacity0.6:height0.8:1bp:arrow read1:green:opacity0.6:height0.8:6bp:arrow read2:#1E90FF:opacity0.6:height0.8:1bp:arrow fake:white:opacity1:height0.8:0bp:rect diploid:red:opacity0.8:height0.5:1bp:rect
shift_y start
max_depth is 75.5, read_type is short_reads
read number is 408

output out2.pO83_CORR.NC_017659.1.2.1.5901.7000.mapping.gff

output out2.pO83_CORR.NC_017659.1.2.1.5901.7000.mapping.setting.conf

output out2.pO83_CORR.NC_017659.1.2.1.5901.7000.mapping.crosslink.conf
block_index is 1,pO83_CORR
start_end_xaxis is 1700,5900
cmd is set -vex;samtools depth  -r NC_017659.1:1700-5900 ../data/NC_017659.1.indel.fa.to.NC_017659.1.fa.sr.sam.sorted.bam|awk '{print $NF}'|sort -k 1nr|head -1
max_depth max_depth is 71

rg is 1700,5900,  :1700,5900
color_height_cs is M:green:opacity0.8:height0.5:1bp:rect,I:red:opacity1:height0.9:6bp:rect,D:black:opacity1:height0.8:3bp:rect,N:blue:opacity1:height0.2:1bp:rect,S:blue:opacity0.6:height0.9:5bp:rect,H:blue:opacity0.6:height0.2:10bp:rect,P:blue:opacity1:height0.2:1bp:rect,X:Purple:opacity1:height0.6:1bp:rect,reverse:#1E90FF:opacity0.6:height0.8:6bp:arrow,forward:green:opacity0.6:height0.8:1bp:arrow,read1:green:opacity0.6:height0.8:6bp:arrow,read2:#1E90FF:opacity0.6:height0.8:1bp:arrow,fake:white:opacity1:height0.8:0bp:rect,diploid:red:opacity0.8:height0.5:1bp:rect
after split is M:green:opacity0.8:height0.5:1bp:rect I:red:opacity1:height0.9:6bp:rect D:black:opacity1:height0.8:3bp:rect N:blue:opacity1:height0.2:1bp:rect S:blue:opacity0.6:height0.9:5bp:rect H:blue:opacity0.6:height0.2:10bp:rect P:blue:opacity1:height0.2:1bp:rect X:Purple:opacity1:height0.6:1bp:rect reverse:#1E90FF:opacity0.6:height0.8:6bp:arrow forward:green:opacity0.6:height0.8:1bp:arrow read1:green:opacity0.6:height0.8:6bp:arrow read2:#1E90FF:opacity0.6:height0.8:1bp:arrow fake:white:opacity1:height0.8:0bp:rect diploid:red:opacity0.8:height0.5:1bp:rect
shift_y start
max_depth is 199.5, read_type is short_reads
read number is 1438

output out2.pO83_CORR.NC_017659.1.1.1.1700.5900.mapping.gff

output out2.pO83_CORR.NC_017659.1.1.1.1700.5900.mapping.setting.conf

output out2.pO83_CORR.NC_017659.1.1.1.1700.5900.mapping.crosslink.conf
k_index 2 is short_reads,1,pO83_CORR,NC_017659.1,0,../data/NC_017659.1.indel.fa.to.NC_017659.1.fa.sr.sam.sorted.bam:../data/NC_017659.1.fa,stack,72.7142857142857->85.8571428571429,0,1->100->10,ytick_label,0,green:black,1:1,2:6:0.2:0.1,15:15,0:10:40	color_height_cs->M:green:opacity0.8:height0.5:1bp:rect,I:red:opacity1:height0.9:6bp:rect,D:black:opacity1:height0.8:3bp:rect,N:blue:opacity1:height0.2:1bp:rect,S:blue:opacity0.6:height0.9:5bp:rect,H:blue:opacity0.6:height0.2:10bp:rect,P:blue:opacity1:height0.2:1bp:rect,X:Purple:opacity1:height0.6:1bp:rect,reverse:#1E90FF:opacity0.6:height0.8:6bp:arrow,forward:green:opacity0.6:height0.8:1bp:arrow,read1:green:opacity0.6:height0.8:6bp:arrow,read2:#1E90FF:opacity0.6:height0.8:1bp:arrow,fake:white:opacity1:height0.8:0bp:rect,diploid:red:opacity0.8:height0.5:1bp:rect;	ylabel->illuminate pair-end read mapping stack,gap:50bp,fontsize:13,color:black

block_index is 2,pO83_CORR

output out2.pO83_CORR.NC_017659.1.2.2.short_reads.ylabel.gff

output out2.pO83_CORR.NC_017659.1.2.2.short_reads.ylabel.setting.conf

no out2.pO83_CORR.NC_017659.1.2.2.short_reads.ylabel.crosslink.conf for pO83_CORR
start_end_xaxis is 5901,7000
cmd is set -vex;samtools depth  -r NC_017659.1:5901-7000 ../data/NC_017659.1.indel.fa.to.NC_017659.1.fa.sr.sam.sorted.bam|awk '{print $NF}'|sort -k 1nr|head -1
max_depth max_depth is 47

rg is 5901,7000,  :5901,7000
color_height_cs is M:green:opacity0.8:height0.5:1bp:rect,I:red:opacity1:height0.9:6bp:rect,D:black:opacity1:height0.8:3bp:rect,N:blue:opacity1:height0.2:1bp:rect,S:blue:opacity0.6:height0.9:5bp:rect,H:blue:opacity0.6:height0.2:10bp:rect,P:blue:opacity1:height0.2:1bp:rect,X:Purple:opacity1:height0.6:1bp:rect,reverse:#1E90FF:opacity0.6:height0.8:6bp:arrow,forward:green:opacity0.6:height0.8:1bp:arrow,read1:green:opacity0.6:height0.8:6bp:arrow,read2:#1E90FF:opacity0.6:height0.8:1bp:arrow,fake:white:opacity1:height0.8:0bp:rect,diploid:red:opacity0.8:height0.5:1bp:rect
after split is M:green:opacity0.8:height0.5:1bp:rect I:red:opacity1:height0.9:6bp:rect D:black:opacity1:height0.8:3bp:rect N:blue:opacity1:height0.2:1bp:rect S:blue:opacity0.6:height0.9:5bp:rect H:blue:opacity0.6:height0.2:10bp:rect P:blue:opacity1:height0.2:1bp:rect X:Purple:opacity1:height0.6:1bp:rect reverse:#1E90FF:opacity0.6:height0.8:6bp:arrow forward:green:opacity0.6:height0.8:1bp:arrow read1:green:opacity0.6:height0.8:6bp:arrow read2:#1E90FF:opacity0.6:height0.8:1bp:arrow fake:white:opacity1:height0.8:0bp:rect diploid:red:opacity0.8:height0.5:1bp:rect
shift_y start
max_depth is 46.5, read_type is short_reads
read number is 324

output out2.pO83_CORR.NC_017659.1.2.2.5901.7000.mapping.gff

output out2.pO83_CORR.NC_017659.1.2.2.5901.7000.mapping.setting.conf

no out2.pO83_CORR.NC_017659.1.2.2.5901.7000.mapping.crosslink.conf for pO83_CORR
block_index is 1,pO83_CORR
start_end_xaxis is 1700,5900
cmd is set -vex;samtools depth  -r NC_017659.1:1700-5900 ../data/NC_017659.1.indel.fa.to.NC_017659.1.fa.sr.sam.sorted.bam|awk '{print $NF}'|sort -k 1nr|head -1
max_depth max_depth is 71

rg is 1700,5900,  :1700,5900
color_height_cs is M:green:opacity0.8:height0.5:1bp:rect,I:red:opacity1:height0.9:6bp:rect,D:black:opacity1:height0.8:3bp:rect,N:blue:opacity1:height0.2:1bp:rect,S:blue:opacity0.6:height0.9:5bp:rect,H:blue:opacity0.6:height0.2:10bp:rect,P:blue:opacity1:height0.2:1bp:rect,X:Purple:opacity1:height0.6:1bp:rect,reverse:#1E90FF:opacity0.6:height0.8:6bp:arrow,forward:green:opacity0.6:height0.8:1bp:arrow,read1:green:opacity0.6:height0.8:6bp:arrow,read2:#1E90FF:opacity0.6:height0.8:1bp:arrow,fake:white:opacity1:height0.8:0bp:rect,diploid:red:opacity0.8:height0.5:1bp:rect
after split is M:green:opacity0.8:height0.5:1bp:rect I:red:opacity1:height0.9:6bp:rect D:black:opacity1:height0.8:3bp:rect N:blue:opacity1:height0.2:1bp:rect S:blue:opacity0.6:height0.9:5bp:rect H:blue:opacity0.6:height0.2:10bp:rect P:blue:opacity1:height0.2:1bp:rect X:Purple:opacity1:height0.6:1bp:rect reverse:#1E90FF:opacity0.6:height0.8:6bp:arrow forward:green:opacity0.6:height0.8:1bp:arrow read1:green:opacity0.6:height0.8:6bp:arrow read2:#1E90FF:opacity0.6:height0.8:1bp:arrow fake:white:opacity1:height0.8:0bp:rect diploid:red:opacity0.8:height0.5:1bp:rect
shift_y start
max_depth is 80.5, read_type is short_reads
read number is 1271

output out2.pO83_CORR.NC_017659.1.1.2.1700.5900.mapping.gff

output out2.pO83_CORR.NC_017659.1.1.2.1700.5900.mapping.setting.conf

no out2.pO83_CORR.NC_017659.1.1.2.1700.5900.mapping.crosslink.conf for pO83_CORR
k_index 3 is long_reads,1,pO83_CORR,NC_017659.1,0,../data/NC_017659.1.indel.fa.to.NC_017659.1.fa.longreads.sort.bam:../data/NC_017659.1.fa,stack,58.5714285714286->71.7142857142857,0,1->100->10,ytick_label,0,green:black,1:1,2:6:0.2:0.1,15:15,0:10:40	color_height_cs->M:green:opacity0.8:height0.5:1bp:rect,I:red:opacity1:height0.9:6bp:rect,D:black:opacity1:height0.8:3bp:rect,N:blue:opacity1:height0.2:1bp:rect,S:blue:opacity0.6:height0.9:5bp:rect,H:blue:opacity0.6:height0.2:10bp:rect,P:blue:opacity1:height0.2:1bp:rect,X:Purple:opacity1:height0.6:1bp:rect,reverse:#1E90FF:opacity0.6:height0.8:6bp:arrow,forward:green:opacity0.6:height0.8:1bp:arrow,read1:green:opacity0.6:height0.8:6bp:arrow,read2:#1E90FF:opacity0.6:height0.8:1bp:arrow,fake:white:opacity1:height0.8:0bp:rect,diploid:red:opacity0.8:height0.5:1bp:rect;	ylabel->pacbio read mapping stack,gap:50bp,fontsize:13,color:black

block_index is 2,pO83_CORR

output out2.pO83_CORR.NC_017659.1.2.3.long_reads.ylabel.gff

output out2.pO83_CORR.NC_017659.1.2.3.long_reads.ylabel.setting.conf

no out2.pO83_CORR.NC_017659.1.2.3.long_reads.ylabel.crosslink.conf for pO83_CORR
start_end_xaxis is 5901,7000
cmd is set -vex;samtools depth  -r NC_017659.1:5901-7000 ../data/NC_017659.1.indel.fa.to.NC_017659.1.fa.longreads.sort.bam|awk '{print $NF}'|sort -k 1nr|head -1
max_depth max_depth is 23

rg is 5901,7000,  :5901,7000
color_height_cs is M:green:opacity0.8:height0.5:1bp:rect,I:red:opacity1:height0.9:6bp:rect,D:black:opacity1:height0.8:3bp:rect,N:blue:opacity1:height0.2:1bp:rect,S:blue:opacity0.6:height0.9:5bp:rect,H:blue:opacity0.6:height0.2:10bp:rect,P:blue:opacity1:height0.2:1bp:rect,X:Purple:opacity1:height0.6:1bp:rect,reverse:#1E90FF:opacity0.6:height0.8:6bp:arrow,forward:green:opacity0.6:height0.8:1bp:arrow,read1:green:opacity0.6:height0.8:6bp:arrow,read2:#1E90FF:opacity0.6:height0.8:1bp:arrow,fake:white:opacity1:height0.8:0bp:rect,diploid:red:opacity0.8:height0.5:1bp:rect
after split is M:green:opacity0.8:height0.5:1bp:rect I:red:opacity1:height0.9:6bp:rect D:black:opacity1:height0.8:3bp:rect N:blue:opacity1:height0.2:1bp:rect S:blue:opacity0.6:height0.9:5bp:rect H:blue:opacity0.6:height0.2:10bp:rect P:blue:opacity1:height0.2:1bp:rect X:Purple:opacity1:height0.6:1bp:rect reverse:#1E90FF:opacity0.6:height0.8:6bp:arrow forward:green:opacity0.6:height0.8:1bp:arrow read1:green:opacity0.6:height0.8:6bp:arrow read2:#1E90FF:opacity0.6:height0.8:1bp:arrow fake:white:opacity1:height0.8:0bp:rect diploid:red:opacity0.8:height0.5:1bp:rect
shift_y start
max_depth is 22.5, read_type is long_reads
read number is 26

output out2.pO83_CORR.NC_017659.1.2.3.5901.7000.mapping.gff

output out2.pO83_CORR.NC_017659.1.2.3.5901.7000.mapping.setting.conf

no out2.pO83_CORR.NC_017659.1.2.3.5901.7000.mapping.crosslink.conf for pO83_CORR
block_index is 1,pO83_CORR
start_end_xaxis is 1700,5900
cmd is set -vex;samtools depth  -r NC_017659.1:1700-5900 ../data/NC_017659.1.indel.fa.to.NC_017659.1.fa.longreads.sort.bam|awk '{print $NF}'|sort -k 1nr|head -1
max_depth max_depth is 21

rg is 1700,5900,  :1700,5900
color_height_cs is M:green:opacity0.8:height0.5:1bp:rect,I:red:opacity1:height0.9:6bp:rect,D:black:opacity1:height0.8:3bp:rect,N:blue:opacity1:height0.2:1bp:rect,S:blue:opacity0.6:height0.9:5bp:rect,H:blue:opacity0.6:height0.2:10bp:rect,P:blue:opacity1:height0.2:1bp:rect,X:Purple:opacity1:height0.6:1bp:rect,reverse:#1E90FF:opacity0.6:height0.8:6bp:arrow,forward:green:opacity0.6:height0.8:1bp:arrow,read1:green:opacity0.6:height0.8:6bp:arrow,read2:#1E90FF:opacity0.6:height0.8:1bp:arrow,fake:white:opacity1:height0.8:0bp:rect,diploid:red:opacity0.8:height0.5:1bp:rect
after split is M:green:opacity0.8:height0.5:1bp:rect I:red:opacity1:height0.9:6bp:rect D:black:opacity1:height0.8:3bp:rect N:blue:opacity1:height0.2:1bp:rect S:blue:opacity0.6:height0.9:5bp:rect H:blue:opacity0.6:height0.2:10bp:rect P:blue:opacity1:height0.2:1bp:rect X:Purple:opacity1:height0.6:1bp:rect reverse:#1E90FF:opacity0.6:height0.8:6bp:arrow forward:green:opacity0.6:height0.8:1bp:arrow read1:green:opacity0.6:height0.8:6bp:arrow read2:#1E90FF:opacity0.6:height0.8:1bp:arrow fake:white:opacity1:height0.8:0bp:rect diploid:red:opacity0.8:height0.5:1bp:rect
shift_y start
max_depth is 20.5, read_type is long_reads
read number is 28

output out2.pO83_CORR.NC_017659.1.1.3.1700.5900.mapping.gff

output out2.pO83_CORR.NC_017659.1.1.3.1700.5900.mapping.setting.conf

no out2.pO83_CORR.NC_017659.1.1.3.1700.5900.mapping.crosslink.conf for pO83_CORR
k_index 4 is short_reads,1,pO83_CORR.twin,NC_017659.1,0,../data/NC_017659.1.indel.fa.to.NC_017659.1.fa.sr.sam.sorted.bam:../data/NC_017659.1.fa,rainbow:color->blue:opacity->0.8:cross_link_width_ellipse->0.05,44.4285714285714->57.5714285714286,0,1->100->10,ytick_label,0,green:black,1:1,2:6:0.2:0.1,15:15,0:10:40	color_height_cs->M:green:opacity0.8:height0.5:1bp:rect,I:red:opacity1:height0.9:6bp:rect,D:black:opacity1:height0.8:3bp:rect,N:blue:opacity1:height0.2:1bp:rect,S:blue:opacity0.6:height0.9:5bp:rect,H:blue:opacity0.6:height0.2:10bp:rect,P:blue:opacity1:height0.2:1bp:rect,X:Purple:opacity1:height0.6:1bp:rect,reverse:#1E90FF:opacity0.6:height0.8:6bp:arrow,forward:green:opacity0.6:height0.8:1bp:arrow,read1:green:opacity0.6:height0.8:6bp:arrow,read2:#1E90FF:opacity0.6:height0.8:1bp:arrow,fake:white:opacity1:height0.8:0bp:rect,diploid:red:opacity0.8:height0.5:1bp:rect;	ylabel->illuminate pair-end read mapping,gap:50bp,fontsize:13,color:black

block_index is 1,pO83_CORR.twin

output out2.pO83_CORR.twin.NC_017659.1.1.4.short_reads.ylabel.gff

output out2.pO83_CORR.twin.NC_017659.1.1.4.short_reads.ylabel.setting.conf

no out2.pO83_CORR.twin.NC_017659.1.1.4.short_reads.ylabel.crosslink.conf for pO83_CORR.twin
start_end_xaxis is 1700,7000
cmd is set -vex;samtools depth  -r NC_017659.1:1700-7000 ../data/NC_017659.1.indel.fa.to.NC_017659.1.fa.sr.sam.sorted.bam|awk '{print $NF}'|sort -k 1nr|head -1
max_depth max_depth is 71

rg is 1700,7000,  :1700,7000
color_height_cs is M:green:opacity0.8:height0.5:1bp:rect,I:red:opacity1:height0.9:6bp:rect,D:black:opacity1:height0.8:3bp:rect,N:blue:opacity1:height0.2:1bp:rect,S:blue:opacity0.6:height0.9:5bp:rect,H:blue:opacity0.6:height0.2:10bp:rect,P:blue:opacity1:height0.2:1bp:rect,X:Purple:opacity1:height0.6:1bp:rect,reverse:#1E90FF:opacity0.6:height0.8:6bp:arrow,forward:green:opacity0.6:height0.8:1bp:arrow,read1:green:opacity0.6:height0.8:6bp:arrow,read2:#1E90FF:opacity0.6:height0.8:1bp:arrow,fake:white:opacity1:height0.8:0bp:rect,diploid:red:opacity0.8:height0.5:1bp:rect
after split is M:green:opacity0.8:height0.5:1bp:rect I:red:opacity1:height0.9:6bp:rect D:black:opacity1:height0.8:3bp:rect N:blue:opacity1:height0.2:1bp:rect S:blue:opacity0.6:height0.9:5bp:rect H:blue:opacity0.6:height0.2:10bp:rect P:blue:opacity1:height0.2:1bp:rect X:Purple:opacity1:height0.6:1bp:rect reverse:#1E90FF:opacity0.6:height0.8:6bp:arrow forward:green:opacity0.6:height0.8:1bp:arrow read1:green:opacity0.6:height0.8:6bp:arrow read2:#1E90FF:opacity0.6:height0.8:1bp:arrow fake:white:opacity1:height0.8:0bp:rect diploid:red:opacity0.8:height0.5:1bp:rect
shift_y start
max_depth is 199.5, read_type is short_reads
read number is 1708

output out2.pO83_CORR.twin.NC_017659.1.1.4.1700.7000.mapping.gff

output out2.pO83_CORR.twin.NC_017659.1.1.4.1700.7000.mapping.setting.conf

output out2.pO83_CORR.twin.NC_017659.1.1.4.1700.7000.mapping.crosslink.conf
k_index 5 is short_reads,1,pO83_CORR.twin,NC_017659.1,0,../data/NC_017659.1.indel.fa.to.NC_017659.1.fa.sr.sam.sorted.bam:../data/NC_017659.1.fa,stack,30.2857142857143->43.4285714285714,0,1->100->10,ytick_label,0,green:black,1:1,2:6:0.2:0.1,15:15,0:10:40	color_height_cs->M:green:opacity0.8:height0.5:1bp:rect,I:red:opacity1:height0.9:6bp:rect,D:black:opacity1:height0.8:3bp:rect,N:blue:opacity1:height0.2:1bp:rect,S:blue:opacity0.6:height0.9:5bp:rect,H:blue:opacity0.6:height0.2:10bp:rect,P:blue:opacity1:height0.2:1bp:rect,X:Purple:opacity1:height0.6:1bp:rect,reverse:#1E90FF:opacity0.6:height0.8:6bp:arrow,forward:green:opacity0.6:height0.8:1bp:arrow,read1:green:opacity0.6:height0.8:6bp:arrow,read2:#1E90FF:opacity0.6:height0.8:1bp:arrow,fake:white:opacity1:height0.8:0bp:rect,diploid:red:opacity0.8:height0.5:1bp:rect;	ylabel->illuminate pair-end read mapping stack,gap:50bp,fontsize:13,color:black

block_index is 1,pO83_CORR.twin

output out2.pO83_CORR.twin.NC_017659.1.1.5.short_reads.ylabel.gff

output out2.pO83_CORR.twin.NC_017659.1.1.5.short_reads.ylabel.setting.conf

no out2.pO83_CORR.twin.NC_017659.1.1.5.short_reads.ylabel.crosslink.conf for pO83_CORR.twin
start_end_xaxis is 1700,7000
cmd is set -vex;samtools depth  -r NC_017659.1:1700-7000 ../data/NC_017659.1.indel.fa.to.NC_017659.1.fa.sr.sam.sorted.bam|awk '{print $NF}'|sort -k 1nr|head -1
max_depth max_depth is 71

rg is 1700,7000,  :1700,7000
color_height_cs is M:green:opacity0.8:height0.5:1bp:rect,I:red:opacity1:height0.9:6bp:rect,D:black:opacity1:height0.8:3bp:rect,N:blue:opacity1:height0.2:1bp:rect,S:blue:opacity0.6:height0.9:5bp:rect,H:blue:opacity0.6:height0.2:10bp:rect,P:blue:opacity1:height0.2:1bp:rect,X:Purple:opacity1:height0.6:1bp:rect,reverse:#1E90FF:opacity0.6:height0.8:6bp:arrow,forward:green:opacity0.6:height0.8:1bp:arrow,read1:green:opacity0.6:height0.8:6bp:arrow,read2:#1E90FF:opacity0.6:height0.8:1bp:arrow,fake:white:opacity1:height0.8:0bp:rect,diploid:red:opacity0.8:height0.5:1bp:rect
after split is M:green:opacity0.8:height0.5:1bp:rect I:red:opacity1:height0.9:6bp:rect D:black:opacity1:height0.8:3bp:rect N:blue:opacity1:height0.2:1bp:rect S:blue:opacity0.6:height0.9:5bp:rect H:blue:opacity0.6:height0.2:10bp:rect P:blue:opacity1:height0.2:1bp:rect X:Purple:opacity1:height0.6:1bp:rect reverse:#1E90FF:opacity0.6:height0.8:6bp:arrow forward:green:opacity0.6:height0.8:1bp:arrow read1:green:opacity0.6:height0.8:6bp:arrow read2:#1E90FF:opacity0.6:height0.8:1bp:arrow fake:white:opacity1:height0.8:0bp:rect diploid:red:opacity0.8:height0.5:1bp:rect
shift_y start
max_depth is 80.5, read_type is short_reads
read number is 1551

output out2.pO83_CORR.twin.NC_017659.1.1.5.1700.7000.mapping.gff

output out2.pO83_CORR.twin.NC_017659.1.1.5.1700.7000.mapping.setting.conf

no out2.pO83_CORR.twin.NC_017659.1.1.5.1700.7000.mapping.crosslink.conf for pO83_CORR.twin
k_index 6 is long_reads,1,pO83_CORR.twin,NC_017659.1,0,../data/NC_017659.1.indel.fa.to.NC_017659.1.fa.longreads.sort.bam:../data/NC_017659.1.fa,stack,16.1428571428572->29.2857142857143,0,1->100->10,ytick_label,0,green:black,1:1,2:6:0.2:0.1,15:15,0:10:40	color_height_cs->M:green:opacity0.8:height0.5:1bp:rect,I:red:opacity1:height0.9:6bp:rect,D:black:opacity1:height0.8:3bp:rect,N:blue:opacity1:height0.2:1bp:rect,S:blue:opacity0.6:height0.9:5bp:rect,H:blue:opacity0.6:height0.2:10bp:rect,P:blue:opacity1:height0.2:1bp:rect,X:Purple:opacity1:height0.6:1bp:rect,reverse:#1E90FF:opacity0.6:height0.8:6bp:arrow,forward:green:opacity0.6:height0.8:1bp:arrow,read1:green:opacity0.6:height0.8:6bp:arrow,read2:#1E90FF:opacity0.6:height0.8:1bp:arrow,fake:white:opacity1:height0.8:0bp:rect,diploid:red:opacity0.8:height0.5:1bp:rect;	ylabel->pacbio read mapping stack,gap:50bp,fontsize:13,color:black

block_index is 1,pO83_CORR.twin

output out2.pO83_CORR.twin.NC_017659.1.1.6.long_reads.ylabel.gff

output out2.pO83_CORR.twin.NC_017659.1.1.6.long_reads.ylabel.setting.conf

no out2.pO83_CORR.twin.NC_017659.1.1.6.long_reads.ylabel.crosslink.conf for pO83_CORR.twin
start_end_xaxis is 1700,7000
cmd is set -vex;samtools depth  -r NC_017659.1:1700-7000 ../data/NC_017659.1.indel.fa.to.NC_017659.1.fa.longreads.sort.bam|awk '{print $NF}'|sort -k 1nr|head -1
max_depth max_depth is 23

rg is 1700,7000,  :1700,7000
color_height_cs is M:green:opacity0.8:height0.5:1bp:rect,I:red:opacity1:height0.9:6bp:rect,D:black:opacity1:height0.8:3bp:rect,N:blue:opacity1:height0.2:1bp:rect,S:blue:opacity0.6:height0.9:5bp:rect,H:blue:opacity0.6:height0.2:10bp:rect,P:blue:opacity1:height0.2:1bp:rect,X:Purple:opacity1:height0.6:1bp:rect,reverse:#1E90FF:opacity0.6:height0.8:6bp:arrow,forward:green:opacity0.6:height0.8:1bp:arrow,read1:green:opacity0.6:height0.8:6bp:arrow,read2:#1E90FF:opacity0.6:height0.8:1bp:arrow,fake:white:opacity1:height0.8:0bp:rect,diploid:red:opacity0.8:height0.5:1bp:rect
after split is M:green:opacity0.8:height0.5:1bp:rect I:red:opacity1:height0.9:6bp:rect D:black:opacity1:height0.8:3bp:rect N:blue:opacity1:height0.2:1bp:rect S:blue:opacity0.6:height0.9:5bp:rect H:blue:opacity0.6:height0.2:10bp:rect P:blue:opacity1:height0.2:1bp:rect X:Purple:opacity1:height0.6:1bp:rect reverse:#1E90FF:opacity0.6:height0.8:6bp:arrow forward:green:opacity0.6:height0.8:1bp:arrow read1:green:opacity0.6:height0.8:6bp:arrow read2:#1E90FF:opacity0.6:height0.8:1bp:arrow fake:white:opacity1:height0.8:0bp:rect diploid:red:opacity0.8:height0.5:1bp:rect
shift_y start
max_depth is 22.5, read_type is long_reads
read number is 33

output out2.pO83_CORR.twin.NC_017659.1.1.6.1700.7000.mapping.gff

output out2.pO83_CORR.twin.NC_017659.1.1.6.1700.7000.mapping.setting.conf

no out2.pO83_CORR.twin.NC_017659.1.1.6.1700.7000.mapping.crosslink.conf for pO83_CORR.twin
k_index 7 is long_reads,1,pO83_CORR.indel,NC_017659.1.fake,0,../data/NC_017659.1.indel.fa.longreads.map2ref.sort.bam:../data/NC_017659.1.indel.fa,stack,2.00000000000002->15.1428571428572,0,1->100->10,ytick_label,0,green:black,1:1,2:6:0.2:0.1,15:15,0:10:40	color_height_cs->M:green:opacity0.8:height0.5:1bp:rect,I:red:opacity1:height0.9:6bp:rect,D:black:opacity1:height0.8:3bp:rect,N:blue:opacity1:height0.2:1bp:rect,S:blue:opacity0.6:height0.9:5bp:rect,H:blue:opacity0.6:height0.2:10bp:rect,P:blue:opacity1:height0.2:1bp:rect,X:Purple:opacity1:height0.6:1bp:rect,reverse:#1E90FF:opacity0.6:height0.8:6bp:arrow,forward:green:opacity0.6:height0.8:1bp:arrow,read1:green:opacity0.6:height0.8:6bp:arrow,read2:#1E90FF:opacity0.6:height0.8:1bp:arrow,fake:white:opacity1:height0.8:0bp:rect,diploid:red:opacity0.8:height0.5:1bp:rect;	ylabel->pacbio read mapping stack,gap:50bp,fontsize:13,color:black

block_index is 2,pO83_CORR.indel

output out2.pO83_CORR.indel.NC_017659.1.fake.2.7.long_reads.ylabel.gff

output out2.pO83_CORR.indel.NC_017659.1.fake.2.7.long_reads.ylabel.setting.conf

no out2.pO83_CORR.indel.NC_017659.1.fake.2.7.long_reads.ylabel.crosslink.conf for pO83_CORR.indel
start_end_xaxis is 6001,7000
cmd is set -vex;samtools depth  -r NC_017659.1.fake:6001-7000 ../data/NC_017659.1.indel.fa.longreads.map2ref.sort.bam|awk '{print $NF}'|sort -k 1nr|head -1
max_depth max_depth is 23

rg is 6001,7000,  :6001,7000
color_height_cs is M:green:opacity0.8:height0.5:1bp:rect,I:red:opacity1:height0.9:6bp:rect,D:black:opacity1:height0.8:3bp:rect,N:blue:opacity1:height0.2:1bp:rect,S:blue:opacity0.6:height0.9:5bp:rect,H:blue:opacity0.6:height0.2:10bp:rect,P:blue:opacity1:height0.2:1bp:rect,X:Purple:opacity1:height0.6:1bp:rect,reverse:#1E90FF:opacity0.6:height0.8:6bp:arrow,forward:green:opacity0.6:height0.8:1bp:arrow,read1:green:opacity0.6:height0.8:6bp:arrow,read2:#1E90FF:opacity0.6:height0.8:1bp:arrow,fake:white:opacity1:height0.8:0bp:rect,diploid:red:opacity0.8:height0.5:1bp:rect
after split is M:green:opacity0.8:height0.5:1bp:rect I:red:opacity1:height0.9:6bp:rect D:black:opacity1:height0.8:3bp:rect N:blue:opacity1:height0.2:1bp:rect S:blue:opacity0.6:height0.9:5bp:rect H:blue:opacity0.6:height0.2:10bp:rect P:blue:opacity1:height0.2:1bp:rect X:Purple:opacity1:height0.6:1bp:rect reverse:#1E90FF:opacity0.6:height0.8:6bp:arrow forward:green:opacity0.6:height0.8:1bp:arrow read1:green:opacity0.6:height0.8:6bp:arrow read2:#1E90FF:opacity0.6:height0.8:1bp:arrow fake:white:opacity1:height0.8:0bp:rect diploid:red:opacity0.8:height0.5:1bp:rect
shift_y start
max_depth is 22.5, read_type is long_reads
read number is 26

output out2.pO83_CORR.indel.NC_017659.1.fake.2.7.6001.7000.mapping.gff

output out2.pO83_CORR.indel.NC_017659.1.fake.2.7.6001.7000.mapping.setting.conf

no out2.pO83_CORR.indel.NC_017659.1.fake.2.7.6001.7000.mapping.crosslink.conf for pO83_CORR.indel
block_index is 1,pO83_CORR.indel
start_end_xaxis is 1700,6000
cmd is set -vex;samtools depth  -r NC_017659.1.fake:1700-6000 ../data/NC_017659.1.indel.fa.longreads.map2ref.sort.bam|awk '{print $NF}'|sort -k 1nr|head -1
max_depth max_depth is 21

rg is 1700,6000,  :1700,6000
color_height_cs is M:green:opacity0.8:height0.5:1bp:rect,I:red:opacity1:height0.9:6bp:rect,D:black:opacity1:height0.8:3bp:rect,N:blue:opacity1:height0.2:1bp:rect,S:blue:opacity0.6:height0.9:5bp:rect,H:blue:opacity0.6:height0.2:10bp:rect,P:blue:opacity1:height0.2:1bp:rect,X:Purple:opacity1:height0.6:1bp:rect,reverse:#1E90FF:opacity0.6:height0.8:6bp:arrow,forward:green:opacity0.6:height0.8:1bp:arrow,read1:green:opacity0.6:height0.8:6bp:arrow,read2:#1E90FF:opacity0.6:height0.8:1bp:arrow,fake:white:opacity1:height0.8:0bp:rect,diploid:red:opacity0.8:height0.5:1bp:rect
after split is M:green:opacity0.8:height0.5:1bp:rect I:red:opacity1:height0.9:6bp:rect D:black:opacity1:height0.8:3bp:rect N:blue:opacity1:height0.2:1bp:rect S:blue:opacity0.6:height0.9:5bp:rect H:blue:opacity0.6:height0.2:10bp:rect P:blue:opacity1:height0.2:1bp:rect X:Purple:opacity1:height0.6:1bp:rect reverse:#1E90FF:opacity0.6:height0.8:6bp:arrow forward:green:opacity0.6:height0.8:1bp:arrow read1:green:opacity0.6:height0.8:6bp:arrow read2:#1E90FF:opacity0.6:height0.8:1bp:arrow fake:white:opacity1:height0.8:0bp:rect diploid:red:opacity0.8:height0.5:1bp:rect
shift_y start
max_depth is 20.5, read_type is long_reads
read number is 26

output out2.pO83_CORR.indel.NC_017659.1.fake.1.7.1700.6000.mapping.gff

output out2.pO83_CORR.indel.NC_017659.1.fake.1.7.1700.6000.mapping.setting.conf

no out2.pO83_CORR.indel.NC_017659.1.fake.1.7.1700.6000.mapping.crosslink.conf for pO83_CORR.indel
func_name is reads_mapping
echo "
set -vex;cat out2.pO83_CORR.NC_017659.1.2.1.short_reads.ylabel.gff out2.pO83_CORR.NC_017659.1.2.1.5901.7000.mapping.gff out2.pO83_CORR.NC_017659.1.1.1.1700.5900.mapping.gff out2.pO83_CORR.NC_017659.1.2.2.short_reads.ylabel.gff out2.pO83_CORR.NC_017659.1.2.2.5901.7000.mapping.gff out2.pO83_CORR.NC_017659.1.1.2.1700.5900.mapping.gff out2.pO83_CORR.NC_017659.1.2.3.long_reads.ylabel.gff out2.pO83_CORR.NC_017659.1.2.3.5901.7000.mapping.gff out2.pO83_CORR.NC_017659.1.1.3.1700.5900.mapping.gff >out2.pO83_CORR.out2.reads_mapping.gff;rm out2.pO83_CORR.NC_017659.1.2.1.short_reads.ylabel.gff out2.pO83_CORR.NC_017659.1.2.1.5901.7000.mapping.gff out2.pO83_CORR.NC_017659.1.1.1.1700.5900.mapping.gff out2.pO83_CORR.NC_017659.1.2.2.short_reads.ylabel.gff out2.pO83_CORR.NC_017659.1.2.2.5901.7000.mapping.gff out2.pO83_CORR.NC_017659.1.1.2.1700.5900.mapping.gff out2.pO83_CORR.NC_017659.1.2.3.long_reads.ylabel.gff out2.pO83_CORR.NC_017659.1.2.3.5901.7000.mapping.gff out2.pO83_CORR.NC_017659.1.1.3.1700.5900.mapping.gff;echo output out2.pO83_CORR.out2.reads_mapping.gff
" >> out2.cat.log;set -vex;cat out2.pO83_CORR.NC_017659.1.2.1.short_reads.ylabel.gff out2.pO83_CORR.NC_017659.1.2.1.5901.7000.mapping.gff out2.pO83_CORR.NC_017659.1.1.1.1700.5900.mapping.gff out2.pO83_CORR.NC_017659.1.2.2.short_reads.ylabel.gff out2.pO83_CORR.NC_017659.1.2.2.5901.7000.mapping.gff out2.pO83_CORR.NC_017659.1.1.2.1700.5900.mapping.gff out2.pO83_CORR.NC_017659.1.2.3.long_reads.ylabel.gff out2.pO83_CORR.NC_017659.1.2.3.5901.7000.mapping.gff out2.pO83_CORR.NC_017659.1.1.3.1700.5900.mapping.gff >out2.pO83_CORR.out2.reads_mapping.gff;rm out2.pO83_CORR.NC_017659.1.2.1.short_reads.ylabel.gff out2.pO83_CORR.NC_017659.1.2.1.5901.7000.mapping.gff out2.pO83_CORR.NC_017659.1.1.1.1700.5900.mapping.gff out2.pO83_CORR.NC_017659.1.2.2.short_reads.ylabel.gff out2.pO83_CORR.NC_017659.1.2.2.5901.7000.mapping.gff out2.pO83_CORR.NC_017659.1.1.2.1700.5900.mapping.gff out2.pO83_CORR.NC_017659.1.2.3.long_reads.ylabel.gff out2.pO83_CORR.NC_017659.1.2.3.5901.7000.mapping.gff out2.pO83_CORR.NC_017659.1.1.3.1700.5900.mapping.gff;echo output out2.pO83_CORR.out2.reads_mapping.gff done
echo "
set -vex;cat out2.pO83_CORR.NC_017659.1.2.1.short_reads.ylabel.setting.conf out2.pO83_CORR.NC_017659.1.2.1.5901.7000.mapping.setting.conf out2.pO83_CORR.NC_017659.1.1.1.1700.5900.mapping.setting.conf out2.pO83_CORR.NC_017659.1.2.2.short_reads.ylabel.setting.conf out2.pO83_CORR.NC_017659.1.2.2.5901.7000.mapping.setting.conf out2.pO83_CORR.NC_017659.1.1.2.1700.5900.mapping.setting.conf out2.pO83_CORR.NC_017659.1.2.3.long_reads.ylabel.setting.conf out2.pO83_CORR.NC_017659.1.2.3.5901.7000.mapping.setting.conf out2.pO83_CORR.NC_017659.1.1.3.1700.5900.mapping.setting.conf > out2.pO83_CORR.out2.reads_mapping.setting.conf;rm out2.pO83_CORR.NC_017659.1.2.1.short_reads.ylabel.setting.conf out2.pO83_CORR.NC_017659.1.2.1.5901.7000.mapping.setting.conf out2.pO83_CORR.NC_017659.1.1.1.1700.5900.mapping.setting.conf out2.pO83_CORR.NC_017659.1.2.2.short_reads.ylabel.setting.conf out2.pO83_CORR.NC_017659.1.2.2.5901.7000.mapping.setting.conf out2.pO83_CORR.NC_017659.1.1.2.1700.5900.mapping.setting.conf out2.pO83_CORR.NC_017659.1.2.3.long_reads.ylabel.setting.conf out2.pO83_CORR.NC_017659.1.2.3.5901.7000.mapping.setting.conf out2.pO83_CORR.NC_017659.1.1.3.1700.5900.mapping.setting.conf;echo output out2.pO83_CORR.out2.reads_mapping.setting.conf
" >> out2.cat.log;set -vex;cat out2.pO83_CORR.NC_017659.1.2.1.short_reads.ylabel.setting.conf out2.pO83_CORR.NC_017659.1.2.1.5901.7000.mapping.setting.conf out2.pO83_CORR.NC_017659.1.1.1.1700.5900.mapping.setting.conf out2.pO83_CORR.NC_017659.1.2.2.short_reads.ylabel.setting.conf out2.pO83_CORR.NC_017659.1.2.2.5901.7000.mapping.setting.conf out2.pO83_CORR.NC_017659.1.1.2.1700.5900.mapping.setting.conf out2.pO83_CORR.NC_017659.1.2.3.long_reads.ylabel.setting.conf out2.pO83_CORR.NC_017659.1.2.3.5901.7000.mapping.setting.conf out2.pO83_CORR.NC_017659.1.1.3.1700.5900.mapping.setting.conf > out2.pO83_CORR.out2.reads_mapping.setting.conf;rm out2.pO83_CORR.NC_017659.1.2.1.short_reads.ylabel.setting.conf out2.pO83_CORR.NC_017659.1.2.1.5901.7000.mapping.setting.conf out2.pO83_CORR.NC_017659.1.1.1.1700.5900.mapping.setting.conf out2.pO83_CORR.NC_017659.1.2.2.short_reads.ylabel.setting.conf out2.pO83_CORR.NC_017659.1.2.2.5901.7000.mapping.setting.conf out2.pO83_CORR.NC_017659.1.1.2.1700.5900.mapping.setting.conf out2.pO83_CORR.NC_017659.1.2.3.long_reads.ylabel.setting.conf out2.pO83_CORR.NC_017659.1.2.3.5901.7000.mapping.setting.conf out2.pO83_CORR.NC_017659.1.1.3.1700.5900.mapping.setting.conf;echo output out2.pO83_CORR.out2.reads_mapping.setting.conf done
echo "
set -vex;cat out2.pO83_CORR.NC_017659.1.2.1.5901.7000.mapping.crosslink.conf out2.pO83_CORR.NC_017659.1.1.1.1700.5900.mapping.crosslink.conf >out2.pO83_CORR.out2.reads_mapping.crosslink;rm out2.pO83_CORR.NC_017659.1.2.1.5901.7000.mapping.crosslink.conf out2.pO83_CORR.NC_017659.1.1.1.1700.5900.mapping.crosslink.conf;echo output out2.pO83_CORR.out2.reads_mapping.crosslink
" >> out2.cat.log;set -vex;cat out2.pO83_CORR.NC_017659.1.2.1.5901.7000.mapping.crosslink.conf out2.pO83_CORR.NC_017659.1.1.1.1700.5900.mapping.crosslink.conf >out2.pO83_CORR.out2.reads_mapping.crosslink;rm out2.pO83_CORR.NC_017659.1.2.1.5901.7000.mapping.crosslink.conf out2.pO83_CORR.NC_017659.1.1.1.1700.5900.mapping.crosslink.conf;echo output out2.pO83_CORR.out2.reads_mapping.crosslink done
echo "
set -vex;cat out2.pO83_CORR.twin.NC_017659.1.1.4.short_reads.ylabel.gff out2.pO83_CORR.twin.NC_017659.1.1.4.1700.7000.mapping.gff out2.pO83_CORR.twin.NC_017659.1.1.5.short_reads.ylabel.gff out2.pO83_CORR.twin.NC_017659.1.1.5.1700.7000.mapping.gff out2.pO83_CORR.twin.NC_017659.1.1.6.long_reads.ylabel.gff out2.pO83_CORR.twin.NC_017659.1.1.6.1700.7000.mapping.gff >out2.pO83_CORR.twin.out2.reads_mapping.gff;rm out2.pO83_CORR.twin.NC_017659.1.1.4.short_reads.ylabel.gff out2.pO83_CORR.twin.NC_017659.1.1.4.1700.7000.mapping.gff out2.pO83_CORR.twin.NC_017659.1.1.5.short_reads.ylabel.gff out2.pO83_CORR.twin.NC_017659.1.1.5.1700.7000.mapping.gff out2.pO83_CORR.twin.NC_017659.1.1.6.long_reads.ylabel.gff out2.pO83_CORR.twin.NC_017659.1.1.6.1700.7000.mapping.gff;echo output out2.pO83_CORR.twin.out2.reads_mapping.gff
" >> out2.cat.log;set -vex;cat out2.pO83_CORR.twin.NC_017659.1.1.4.short_reads.ylabel.gff out2.pO83_CORR.twin.NC_017659.1.1.4.1700.7000.mapping.gff out2.pO83_CORR.twin.NC_017659.1.1.5.short_reads.ylabel.gff out2.pO83_CORR.twin.NC_017659.1.1.5.1700.7000.mapping.gff out2.pO83_CORR.twin.NC_017659.1.1.6.long_reads.ylabel.gff out2.pO83_CORR.twin.NC_017659.1.1.6.1700.7000.mapping.gff >out2.pO83_CORR.twin.out2.reads_mapping.gff;rm out2.pO83_CORR.twin.NC_017659.1.1.4.short_reads.ylabel.gff out2.pO83_CORR.twin.NC_017659.1.1.4.1700.7000.mapping.gff out2.pO83_CORR.twin.NC_017659.1.1.5.short_reads.ylabel.gff out2.pO83_CORR.twin.NC_017659.1.1.5.1700.7000.mapping.gff out2.pO83_CORR.twin.NC_017659.1.1.6.long_reads.ylabel.gff out2.pO83_CORR.twin.NC_017659.1.1.6.1700.7000.mapping.gff;echo output out2.pO83_CORR.twin.out2.reads_mapping.gff done
echo "
set -vex;cat out2.pO83_CORR.twin.NC_017659.1.1.4.short_reads.ylabel.setting.conf out2.pO83_CORR.twin.NC_017659.1.1.4.1700.7000.mapping.setting.conf out2.pO83_CORR.twin.NC_017659.1.1.5.short_reads.ylabel.setting.conf out2.pO83_CORR.twin.NC_017659.1.1.5.1700.7000.mapping.setting.conf out2.pO83_CORR.twin.NC_017659.1.1.6.long_reads.ylabel.setting.conf out2.pO83_CORR.twin.NC_017659.1.1.6.1700.7000.mapping.setting.conf > out2.pO83_CORR.twin.out2.reads_mapping.setting.conf;rm out2.pO83_CORR.twin.NC_017659.1.1.4.short_reads.ylabel.setting.conf out2.pO83_CORR.twin.NC_017659.1.1.4.1700.7000.mapping.setting.conf out2.pO83_CORR.twin.NC_017659.1.1.5.short_reads.ylabel.setting.conf out2.pO83_CORR.twin.NC_017659.1.1.5.1700.7000.mapping.setting.conf out2.pO83_CORR.twin.NC_017659.1.1.6.long_reads.ylabel.setting.conf out2.pO83_CORR.twin.NC_017659.1.1.6.1700.7000.mapping.setting.conf;echo output out2.pO83_CORR.twin.out2.reads_mapping.setting.conf
" >> out2.cat.log;set -vex;cat out2.pO83_CORR.twin.NC_017659.1.1.4.short_reads.ylabel.setting.conf out2.pO83_CORR.twin.NC_017659.1.1.4.1700.7000.mapping.setting.conf out2.pO83_CORR.twin.NC_017659.1.1.5.short_reads.ylabel.setting.conf out2.pO83_CORR.twin.NC_017659.1.1.5.1700.7000.mapping.setting.conf out2.pO83_CORR.twin.NC_017659.1.1.6.long_reads.ylabel.setting.conf out2.pO83_CORR.twin.NC_017659.1.1.6.1700.7000.mapping.setting.conf > out2.pO83_CORR.twin.out2.reads_mapping.setting.conf;rm out2.pO83_CORR.twin.NC_017659.1.1.4.short_reads.ylabel.setting.conf out2.pO83_CORR.twin.NC_017659.1.1.4.1700.7000.mapping.setting.conf out2.pO83_CORR.twin.NC_017659.1.1.5.short_reads.ylabel.setting.conf out2.pO83_CORR.twin.NC_017659.1.1.5.1700.7000.mapping.setting.conf out2.pO83_CORR.twin.NC_017659.1.1.6.long_reads.ylabel.setting.conf out2.pO83_CORR.twin.NC_017659.1.1.6.1700.7000.mapping.setting.conf;echo output out2.pO83_CORR.twin.out2.reads_mapping.setting.conf done
echo "
set -vex;cat out2.pO83_CORR.twin.NC_017659.1.1.4.1700.7000.mapping.crosslink.conf >out2.pO83_CORR.twin.out2.reads_mapping.crosslink;rm out2.pO83_CORR.twin.NC_017659.1.1.4.1700.7000.mapping.crosslink.conf;echo output out2.pO83_CORR.twin.out2.reads_mapping.crosslink
" >> out2.cat.log;set -vex;cat out2.pO83_CORR.twin.NC_017659.1.1.4.1700.7000.mapping.crosslink.conf >out2.pO83_CORR.twin.out2.reads_mapping.crosslink;rm out2.pO83_CORR.twin.NC_017659.1.1.4.1700.7000.mapping.crosslink.conf;echo output out2.pO83_CORR.twin.out2.reads_mapping.crosslink done
echo "
set -vex;cat out2.pO83_CORR.indel.NC_017659.1.fake.2.7.long_reads.ylabel.gff out2.pO83_CORR.indel.NC_017659.1.fake.2.7.6001.7000.mapping.gff out2.pO83_CORR.indel.NC_017659.1.fake.1.7.1700.6000.mapping.gff >out2.pO83_CORR.indel.out2.reads_mapping.gff;rm out2.pO83_CORR.indel.NC_017659.1.fake.2.7.long_reads.ylabel.gff out2.pO83_CORR.indel.NC_017659.1.fake.2.7.6001.7000.mapping.gff out2.pO83_CORR.indel.NC_017659.1.fake.1.7.1700.6000.mapping.gff;echo output out2.pO83_CORR.indel.out2.reads_mapping.gff
" >> out2.cat.log;set -vex;cat out2.pO83_CORR.indel.NC_017659.1.fake.2.7.long_reads.ylabel.gff out2.pO83_CORR.indel.NC_017659.1.fake.2.7.6001.7000.mapping.gff out2.pO83_CORR.indel.NC_017659.1.fake.1.7.1700.6000.mapping.gff >out2.pO83_CORR.indel.out2.reads_mapping.gff;rm out2.pO83_CORR.indel.NC_017659.1.fake.2.7.long_reads.ylabel.gff out2.pO83_CORR.indel.NC_017659.1.fake.2.7.6001.7000.mapping.gff out2.pO83_CORR.indel.NC_017659.1.fake.1.7.1700.6000.mapping.gff;echo output out2.pO83_CORR.indel.out2.reads_mapping.gff done
echo "
set -vex;cat out2.pO83_CORR.indel.NC_017659.1.fake.2.7.long_reads.ylabel.setting.conf out2.pO83_CORR.indel.NC_017659.1.fake.2.7.6001.7000.mapping.setting.conf out2.pO83_CORR.indel.NC_017659.1.fake.1.7.1700.6000.mapping.setting.conf > out2.pO83_CORR.indel.out2.reads_mapping.setting.conf;rm out2.pO83_CORR.indel.NC_017659.1.fake.2.7.long_reads.ylabel.setting.conf out2.pO83_CORR.indel.NC_017659.1.fake.2.7.6001.7000.mapping.setting.conf out2.pO83_CORR.indel.NC_017659.1.fake.1.7.1700.6000.mapping.setting.conf;echo output out2.pO83_CORR.indel.out2.reads_mapping.setting.conf
" >> out2.cat.log;set -vex;cat out2.pO83_CORR.indel.NC_017659.1.fake.2.7.long_reads.ylabel.setting.conf out2.pO83_CORR.indel.NC_017659.1.fake.2.7.6001.7000.mapping.setting.conf out2.pO83_CORR.indel.NC_017659.1.fake.1.7.1700.6000.mapping.setting.conf > out2.pO83_CORR.indel.out2.reads_mapping.setting.conf;rm out2.pO83_CORR.indel.NC_017659.1.fake.2.7.long_reads.ylabel.setting.conf out2.pO83_CORR.indel.NC_017659.1.fake.2.7.6001.7000.mapping.setting.conf out2.pO83_CORR.indel.NC_017659.1.fake.1.7.1700.6000.mapping.setting.conf;echo output out2.pO83_CORR.indel.out2.reads_mapping.setting.conf done
out2.reads_mapping end
echo "
set -vex;cat out2.pO83_CORR.out2.reads_mapping.crosslink out2.pO83_CORR.twin.out2.reads_mapping.crosslink >out2.reads_mapping.crosslink
" >> out2.cat.log;set -vex;cat out2.pO83_CORR.out2.reads_mapping.crosslink out2.pO83_CORR.twin.out2.reads_mapping.crosslink >out2.reads_mapping.crosslink done
echo "
set -vex;cat out2.pO83_CORR.out2.reads_mapping.setting.conf out2.pO83_CORR.twin.out2.reads_mapping.setting.conf out2.pO83_CORR.indel.out2.reads_mapping.setting.conf >out2.reads_mapping.setting.conf
" >> out2.cat.log;set -vex;cat out2.pO83_CORR.out2.reads_mapping.setting.conf out2.pO83_CORR.twin.out2.reads_mapping.setting.conf out2.pO83_CORR.indel.out2.reads_mapping.setting.conf >out2.reads_mapping.setting.conf done
synteny start
1 is 0->1,pO83_CORR.indel,pO83_CORR,../data/mummer.delta.filter.coords,mummer_coords,quadrilateral,orange->opacity0.5,blue->opacity0.7,+3:-3,1

start read ../data/mummer.delta.filter.coords
../data/mummer.delta.filter.coords is plain file
query_overlap_length=541, target_overlap_length=441, blast:5460:147060 -> 5460:147060 rg:NC_017659.1.fake,1700,6000,1 -> NC_017659.1,1700,5900,1

query_overlap_length=541, target_overlap_length=1100, blast:5460:147060 -> 5460:147060 rg:NC_017659.1.fake,1700,6000,1 -> NC_017659.1,5901,7000,2

query_overlap_length=1000, target_overlap_length=441, blast:5460:147060 -> 5460:147060 rg:NC_017659.1.fake,6001,7000,2 -> NC_017659.1,1700,5900,1

query_overlap_length=1000, target_overlap_length=1100, blast:5460:147060 -> 5460:147060 rg:NC_017659.1.fake,6001,7000,2 -> NC_017659.1,5901,7000,2

qt is 
query_overlap_length=3360, target_overlap_length=3360, blast:1891:5250 -> 2101:5460 rg:NC_017659.1.fake,1700,6000,1 -> NC_017659.1,1700,5900,1

query_overlap_length=3360, target_overlap_length=0, blast:1891:5250 -> 2101:5460 rg:NC_017659.1.fake,1700,6000,1 -> NC_017659.1,5901,7000,2

query_overlap_length=0, target_overlap_length=3360, blast:1891:5250 -> 2101:5460 rg:NC_017659.1.fake,6001,7000,2 -> NC_017659.1,1700,5900,1

query_overlap_length=0, target_overlap_length=0, blast:1891:5250 -> 2101:5460 rg:NC_017659.1.fake,6001,7000,2 -> NC_017659.1,5901,7000,2

qt is 
query_overlap_length=199, target_overlap_length=199, blast:1:1898 -> 1:1898 rg:NC_017659.1.fake,1700,6000,1 -> NC_017659.1,1700,5900,1

query_overlap_length=199, target_overlap_length=0, blast:1:1898 -> 1:1898 rg:NC_017659.1.fake,1700,6000,1 -> NC_017659.1,5901,7000,2

query_overlap_length=0, target_overlap_length=199, blast:1:1898 -> 1:1898 rg:NC_017659.1.fake,6001,7000,2 -> NC_017659.1,1700,5900,1

query_overlap_length=0, target_overlap_length=0, blast:1:1898 -> 1:1898 rg:NC_017659.1.fake,6001,7000,2 -> NC_017659.1,5901,7000,2

qt is 
query_overlap_length=0, target_overlap_length=0, blast:40854:42178 -> 34808:36132 rg:NC_017659.1.fake,1700,6000,1 -> NC_017659.1,1700,5900,1

query_overlap_length=0, target_overlap_length=0, blast:40854:42178 -> 34808:36132 rg:NC_017659.1.fake,1700,6000,1 -> NC_017659.1,5901,7000,2

query_overlap_length=0, target_overlap_length=0, blast:40854:42178 -> 34808:36132 rg:NC_017659.1.fake,6001,7000,2 -> NC_017659.1,1700,5900,1

query_overlap_length=0, target_overlap_length=0, blast:40854:42178 -> 34808:36132 rg:NC_017659.1.fake,6001,7000,2 -> NC_017659.1,5901,7000,2

qt is 
query_overlap_length=0, target_overlap_length=0, blast:34808:36132 -> 40854:42178 rg:NC_017659.1.fake,1700,6000,1 -> NC_017659.1,1700,5900,1

query_overlap_length=0, target_overlap_length=0, blast:34808:36132 -> 40854:42178 rg:NC_017659.1.fake,1700,6000,1 -> NC_017659.1,5901,7000,2

query_overlap_length=0, target_overlap_length=0, blast:34808:36132 -> 40854:42178 rg:NC_017659.1.fake,6001,7000,2 -> NC_017659.1,1700,5900,1

query_overlap_length=0, target_overlap_length=0, blast:34808:36132 -> 40854:42178 rg:NC_017659.1.fake,6001,7000,2 -> NC_017659.1,5901,7000,2

qt is 
query_overlap_length=0, target_overlap_length=0, blast:47530:48349 -> 45180:45999 rg:NC_017659.1.fake,1700,6000,1 -> NC_017659.1,1700,5900,1

query_overlap_length=0, target_overlap_length=0, blast:47530:48349 -> 45180:45999 rg:NC_017659.1.fake,1700,6000,1 -> NC_017659.1,5901,7000,2

query_overlap_length=0, target_overlap_length=0, blast:47530:48349 -> 45180:45999 rg:NC_017659.1.fake,6001,7000,2 -> NC_017659.1,1700,5900,1

query_overlap_length=0, target_overlap_length=0, blast:47530:48349 -> 45180:45999 rg:NC_017659.1.fake,6001,7000,2 -> NC_017659.1,5901,7000,2

qt is 
query_overlap_length=0, target_overlap_length=0, blast:45180:45999 -> 47530:48349 rg:NC_017659.1.fake,1700,6000,1 -> NC_017659.1,1700,5900,1

query_overlap_length=0, target_overlap_length=0, blast:45180:45999 -> 47530:48349 rg:NC_017659.1.fake,1700,6000,1 -> NC_017659.1,5901,7000,2

query_overlap_length=0, target_overlap_length=0, blast:45180:45999 -> 47530:48349 rg:NC_017659.1.fake,6001,7000,2 -> NC_017659.1,1700,5900,1

query_overlap_length=0, target_overlap_length=0, blast:45180:45999 -> 47530:48349 rg:NC_017659.1.fake,6001,7000,2 -> NC_017659.1,5901,7000,2

qt is 
query_overlap_length=0, target_overlap_length=0, blast:74016:74784 -> 43766:44534 rg:NC_017659.1.fake,1700,6000,1 -> NC_017659.1,1700,5900,1

query_overlap_length=0, target_overlap_length=0, blast:74016:74784 -> 43766:44534 rg:NC_017659.1.fake,1700,6000,1 -> NC_017659.1,5901,7000,2

query_overlap_length=0, target_overlap_length=0, blast:74016:74784 -> 43766:44534 rg:NC_017659.1.fake,6001,7000,2 -> NC_017659.1,1700,5900,1

query_overlap_length=0, target_overlap_length=0, blast:74016:74784 -> 43766:44534 rg:NC_017659.1.fake,6001,7000,2 -> NC_017659.1,5901,7000,2

qt is 
query_overlap_length=0, target_overlap_length=0, blast:43766:44534 -> 74016:74784 rg:NC_017659.1.fake,1700,6000,1 -> NC_017659.1,1700,5900,1

query_overlap_length=0, target_overlap_length=0, blast:43766:44534 -> 74016:74784 rg:NC_017659.1.fake,1700,6000,1 -> NC_017659.1,5901,7000,2

query_overlap_length=0, target_overlap_length=0, blast:43766:44534 -> 74016:74784 rg:NC_017659.1.fake,6001,7000,2 -> NC_017659.1,1700,5900,1

query_overlap_length=0, target_overlap_length=0, blast:43766:44534 -> 74016:74784 rg:NC_017659.1.fake,6001,7000,2 -> NC_017659.1,5901,7000,2

qt is 
query_overlap_length=0, target_overlap_length=0, blast:126723:127490 -> 110474:111241 rg:NC_017659.1.fake,1700,6000,1 -> NC_017659.1,1700,5900,1

query_overlap_length=0, target_overlap_length=0, blast:126723:127490 -> 110474:111241 rg:NC_017659.1.fake,1700,6000,1 -> NC_017659.1,5901,7000,2

query_overlap_length=0, target_overlap_length=0, blast:126723:127490 -> 110474:111241 rg:NC_017659.1.fake,6001,7000,2 -> NC_017659.1,1700,5900,1

query_overlap_length=0, target_overlap_length=0, blast:126723:127490 -> 110474:111241 rg:NC_017659.1.fake,6001,7000,2 -> NC_017659.1,5901,7000,2

qt is 
query_overlap_length=0, target_overlap_length=0, blast:138801:139568 -> 110474:111241 rg:NC_017659.1.fake,1700,6000,1 -> NC_017659.1,1700,5900,1

query_overlap_length=0, target_overlap_length=0, blast:138801:139568 -> 110474:111241 rg:NC_017659.1.fake,1700,6000,1 -> NC_017659.1,5901,7000,2

query_overlap_length=0, target_overlap_length=0, blast:138801:139568 -> 110474:111241 rg:NC_017659.1.fake,6001,7000,2 -> NC_017659.1,1700,5900,1

query_overlap_length=0, target_overlap_length=0, blast:138801:139568 -> 110474:111241 rg:NC_017659.1.fake,6001,7000,2 -> NC_017659.1,5901,7000,2

qt is 
query_overlap_length=0, target_overlap_length=0, blast:110474:111241 -> 126723:127490 rg:NC_017659.1.fake,1700,6000,1 -> NC_017659.1,1700,5900,1

query_overlap_length=0, target_overlap_length=0, blast:110474:111241 -> 126723:127490 rg:NC_017659.1.fake,1700,6000,1 -> NC_017659.1,5901,7000,2

query_overlap_length=0, target_overlap_length=0, blast:110474:111241 -> 126723:127490 rg:NC_017659.1.fake,6001,7000,2 -> NC_017659.1,1700,5900,1

query_overlap_length=0, target_overlap_length=0, blast:110474:111241 -> 126723:127490 rg:NC_017659.1.fake,6001,7000,2 -> NC_017659.1,5901,7000,2

qt is 
query_overlap_length=0, target_overlap_length=0, blast:110474:111241 -> 138801:139568 rg:NC_017659.1.fake,1700,6000,1 -> NC_017659.1,1700,5900,1

query_overlap_length=0, target_overlap_length=0, blast:110474:111241 -> 138801:139568 rg:NC_017659.1.fake,1700,6000,1 -> NC_017659.1,5901,7000,2

query_overlap_length=0, target_overlap_length=0, blast:110474:111241 -> 138801:139568 rg:NC_017659.1.fake,6001,7000,2 -> NC_017659.1,1700,5900,1

query_overlap_length=0, target_overlap_length=0, blast:110474:111241 -> 138801:139568 rg:NC_017659.1.fake,6001,7000,2 -> NC_017659.1,5901,7000,2

qt is 
query_overlap_length=210, target_overlap_length=210, blast:5251:5460 -> 1891:2100 rg:NC_017659.1.fake,1700,6000,1 -> NC_017659.1,1700,5900,1

query_overlap_length=210, target_overlap_length=0, blast:5251:5460 -> 1891:2100 rg:NC_017659.1.fake,1700,6000,1 -> NC_017659.1,5901,7000,2

query_overlap_length=0, target_overlap_length=210, blast:5251:5460 -> 1891:2100 rg:NC_017659.1.fake,6001,7000,2 -> NC_017659.1,1700,5900,1

query_overlap_length=0, target_overlap_length=0, blast:5251:5460 -> 1891:2100 rg:NC_017659.1.fake,6001,7000,2 -> NC_017659.1,5901,7000,2

qt is 
end read ../data/mummer.delta.filter.coords, paris num is5

output out2.pO83_CORR.indel.pO83_CORR.indel.to.pO83_CORR.mummer_coords.quadrilateral.1.synteny.gff

output out2.pO83_CORR.indel.pO83_CORR.indel.to.pO83_CORR.mummer_coords.quadrilateral.1.synteny.setting.conf

no out2.pO83_CORR.indel.pO83_CORR.indel.to.pO83_CORR.mummer_coords.quadrilateral.1.synteny.crosslink.conf for pO83_CORR.indel

output pO83_CORR.pO83_CORR.indel.to.pO83_CORR.mummer_coords.quadrilateral.1.synteny.gff

output pO83_CORR.pO83_CORR.indel.to.pO83_CORR.mummer_coords.quadrilateral.1.synteny.setting.conf

no pO83_CORR.pO83_CORR.indel.to.pO83_CORR.mummer_coords.quadrilateral.1.synteny.crosslink.conf for pO83_CORR

no pO83_CORR.indel.to.pO83_CORR.mummer_coords.quadrilateral.1.synteny.gff for pO83_CORR.indel.to.pO83_CORR

no pO83_CORR.indel.to.pO83_CORR.mummer_coords.quadrilateral.1.synteny.setting.conf for pO83_CORR.indel.to.pO83_CORR

output pO83_CORR.indel.to.pO83_CORR.mummer_coords.quadrilateral.1.synteny.crosslink.conf
func_name is synteny
echo "
set -vex;cat pO83_CORR.pO83_CORR.indel.to.pO83_CORR.mummer_coords.quadrilateral.1.synteny.gff >out2.pO83_CORR.out2.synteny.gff;rm pO83_CORR.pO83_CORR.indel.to.pO83_CORR.mummer_coords.quadrilateral.1.synteny.gff;echo output out2.pO83_CORR.out2.synteny.gff
" >> out2.cat.log;set -vex;cat pO83_CORR.pO83_CORR.indel.to.pO83_CORR.mummer_coords.quadrilateral.1.synteny.gff >out2.pO83_CORR.out2.synteny.gff;rm pO83_CORR.pO83_CORR.indel.to.pO83_CORR.mummer_coords.quadrilateral.1.synteny.gff;echo output out2.pO83_CORR.out2.synteny.gff done
echo "
set -vex;cat pO83_CORR.pO83_CORR.indel.to.pO83_CORR.mummer_coords.quadrilateral.1.synteny.setting.conf > out2.pO83_CORR.out2.synteny.setting.conf;rm pO83_CORR.pO83_CORR.indel.to.pO83_CORR.mummer_coords.quadrilateral.1.synteny.setting.conf;echo output out2.pO83_CORR.out2.synteny.setting.conf
" >> out2.cat.log;set -vex;cat pO83_CORR.pO83_CORR.indel.to.pO83_CORR.mummer_coords.quadrilateral.1.synteny.setting.conf > out2.pO83_CORR.out2.synteny.setting.conf;rm pO83_CORR.pO83_CORR.indel.to.pO83_CORR.mummer_coords.quadrilateral.1.synteny.setting.conf;echo output out2.pO83_CORR.out2.synteny.setting.conf done
echo "
set -vex;cat out2.pO83_CORR.indel.pO83_CORR.indel.to.pO83_CORR.mummer_coords.quadrilateral.1.synteny.gff >out2.pO83_CORR.indel.out2.synteny.gff;rm out2.pO83_CORR.indel.pO83_CORR.indel.to.pO83_CORR.mummer_coords.quadrilateral.1.synteny.gff;echo output out2.pO83_CORR.indel.out2.synteny.gff
" >> out2.cat.log;set -vex;cat out2.pO83_CORR.indel.pO83_CORR.indel.to.pO83_CORR.mummer_coords.quadrilateral.1.synteny.gff >out2.pO83_CORR.indel.out2.synteny.gff;rm out2.pO83_CORR.indel.pO83_CORR.indel.to.pO83_CORR.mummer_coords.quadrilateral.1.synteny.gff;echo output out2.pO83_CORR.indel.out2.synteny.gff done
echo "
set -vex;cat out2.pO83_CORR.indel.pO83_CORR.indel.to.pO83_CORR.mummer_coords.quadrilateral.1.synteny.setting.conf > out2.pO83_CORR.indel.out2.synteny.setting.conf;rm out2.pO83_CORR.indel.pO83_CORR.indel.to.pO83_CORR.mummer_coords.quadrilateral.1.synteny.setting.conf;echo output out2.pO83_CORR.indel.out2.synteny.setting.conf
" >> out2.cat.log;set -vex;cat out2.pO83_CORR.indel.pO83_CORR.indel.to.pO83_CORR.mummer_coords.quadrilateral.1.synteny.setting.conf > out2.pO83_CORR.indel.out2.synteny.setting.conf;rm out2.pO83_CORR.indel.pO83_CORR.indel.to.pO83_CORR.mummer_coords.quadrilateral.1.synteny.setting.conf;echo output out2.pO83_CORR.indel.out2.synteny.setting.conf done
echo "
set -vex;cat pO83_CORR.indel.to.pO83_CORR.mummer_coords.quadrilateral.1.synteny.crosslink.conf >out2.pO83_CORR.indel.to.pO83_CORR.out2.synteny.crosslink;rm pO83_CORR.indel.to.pO83_CORR.mummer_coords.quadrilateral.1.synteny.crosslink.conf;echo output out2.pO83_CORR.indel.to.pO83_CORR.out2.synteny.crosslink
" >> out2.cat.log;set -vex;cat pO83_CORR.indel.to.pO83_CORR.mummer_coords.quadrilateral.1.synteny.crosslink.conf >out2.pO83_CORR.indel.to.pO83_CORR.out2.synteny.crosslink;rm pO83_CORR.indel.to.pO83_CORR.mummer_coords.quadrilateral.1.synteny.crosslink.conf;echo output out2.pO83_CORR.indel.to.pO83_CORR.out2.synteny.crosslink done
out2.synteny end
echo "
set -vex;cat out2.pO83_CORR.indel.to.pO83_CORR.out2.synteny.crosslink >out2.synteny.crosslink
" >> out2.cat.log;set -vex;cat out2.pO83_CORR.indel.to.pO83_CORR.out2.synteny.crosslink >out2.synteny.crosslink done
echo "
set -vex;cat out2.pO83_CORR.out2.synteny.setting.conf out2.pO83_CORR.indel.out2.synteny.setting.conf >out2.synteny.setting.conf
" >> out2.cat.log;set -vex;cat out2.pO83_CORR.out2.synteny.setting.conf out2.pO83_CORR.indel.out2.synteny.setting.conf >out2.synteny.setting.conf done
general_features not
add out2.reads_mapping.setting.conf out2.synteny.setting.conf to feature_setting 
echo "
set -vex;cat out2.reads_mapping.setting.conf out2.synteny.setting.conf >feature.color.label.conf.out2
" >> out2.cat.log;set -vex;cat out2.reads_mapping.setting.conf out2.synteny.setting.conf >feature.color.label.conf.out2 done
add out2.reads_mapping.crosslink out2.synteny.crosslink to crossing_link 
echo "
set -vex;cat out2.reads_mapping.crosslink out2.synteny.crosslink >feature.crossing.link.out2
" >> out2.cat.log;set -vex;cat out2.reads_mapping.crosslink out2.synteny.crosslink >feature.crossing.link.out2 done
echo "
set -vex;cat out2.pO83_CORR.out2.reads_mapping.gff out2.pO83_CORR.twin.out2.reads_mapping.gff out2.pO83_CORR.indel.out2.reads_mapping.gff out2.pO83_CORR.out2.synteny.gff out2.pO83_CORR.indel.out2.synteny.gff|awk -F "	" '{print $3}'|sort -u
" >> out2.cat.log;set -vex;cat out2.pO83_CORR.out2.reads_mapping.gff out2.pO83_CORR.twin.out2.reads_mapping.gff out2.pO83_CORR.indel.out2.reads_mapping.gff out2.pO83_CORR.out2.synteny.gff out2.pO83_CORR.indel.out2.synteny.gff|awk -F "	" '{print $3}'|sort -u done
echo "
set -vex;sed  -r 's/^(pO83_CORR\s.*\.gff)\s/\1,out2.pO83_CORR.out2.reads_mapping.gff,out2.pO83_CORR.out2.synteny.gff\t/' tracks.2.list >tracks.2.list.out2;cp tracks.2.list.out2 tracks.2.list.out2.tmp
" >> out2.cat.log;set -vex;sed  -r 's/^(pO83_CORR\s.*\.gff)\s/\1,out2.pO83_CORR.out2.reads_mapping.gff,out2.pO83_CORR.out2.synteny.gff\t/' tracks.2.list >tracks.2.list.out2;cp tracks.2.list.out2 tracks.2.list.out2.tmp done
echo "
set -vex;sed  -r 's/^(pO83_CORR.twin\s.*\.gff)\s/\1,out2.pO83_CORR.twin.out2.reads_mapping.gff\t/' tracks.2.list.out2.tmp >tracks.2.list.out2;cp tracks.2.list.out2 tracks.2.list.out2.tmp
" >> out2.cat.log;set -vex;sed  -r 's/^(pO83_CORR.twin\s.*\.gff)\s/\1,out2.pO83_CORR.twin.out2.reads_mapping.gff\t/' tracks.2.list.out2.tmp >tracks.2.list.out2;cp tracks.2.list.out2 tracks.2.list.out2.tmp done
echo "
set -vex;sed  -r 's/^(pO83_CORR.indel\s.*\.gff)\s/\1,out2.pO83_CORR.indel.out2.reads_mapping.gff,out2.pO83_CORR.indel.out2.synteny.gff\t/' tracks.2.list.out2.tmp >tracks.2.list.out2;cp tracks.2.list.out2 tracks.2.list.out2.tmp
" >> out2.cat.log;set -vex;sed  -r 's/^(pO83_CORR.indel\s.*\.gff)\s/\1,out2.pO83_CORR.indel.out2.reads_mapping.gff,out2.pO83_CORR.indel.out2.synteny.gff\t/' tracks.2.list.out2.tmp >tracks.2.list.out2;cp tracks.2.list.out2 tracks.2.list.out2.tmp done

data done
