find package FindBin
find package JSON
key is data_type, value is long_reads
key is track_name, value is chr14
key is chr_id, value is 14
key is data_file, value is ../data/pacbio.chr14.sort.bam:../data/chr14.fa
key is data_display_shape, value is stack
key is subtrack_yaxis_bg_region, value is -10->-110
key is ylabel, value is pacbio read mapping stack,gap:30bp,fontsize:13,color:black
key is data_type, value is short_reads
key is track_name, value is chr14
key is chr_id, value is 14
key is data_file, value is ../data/illumina.chr14.sort.bam:../data/chr14.fa
key is data_display_shape, value is paired:color->Orange:opacity->1:cross_link_height_line->0.3
key is subtrack_yaxis_bg_region, value is 79->117
key is ylabel, value is illuminate read mapping paired,gap:30bp,fontsize:13,color:black
key is data_type, value is short_reads
key is track_name, value is chr14
key is chr_id, value is 14
key is data_file, value is ../data/illumina.chr14.sort.bam:../data/chr14.fa
key is data_display_shape, value is stack
key is subtrack_yaxis_bg_region, value is 53->77
key is ylabel, value is illumnate read mapping stack,gap:30bp,fontsize:13,color:black
key is data_type, value is hist
key is track_name, value is chr14
key is chr_id, value is 14
key is window_size, value is 40
key is data_file, value is ../data/illumina.chr14.sort.bam.depth.txt:../data/chr14.fa
key is data_color, value is color->green:opacity->0.7
key is subtrack_yaxis_bg_region, value is 42->52
key is subtrack_yaxis_display_region, value is 5->25->10
key is ytick_display_flag, value is 1
key is ylabel, value is illuminate read depth,gap:30bp,fontsize:13,color:black
key is data_type, value is hist
key is track_name, value is chr14
key is chr_id, value is 14
key is window_size, value is 20bp
key is data_file, value is ../data/illumina.chr14.sort.bam.depth.txt:../data/chr14.fa
key is subtrack_yaxis_bg_region, value is 31->41
key is subtrack_yaxis_display_region, value is 25->5->10
key is ytick_display_flag, value is 1
key is data_type, value is short_reads
key is track_name, value is chr14
key is chr_id, value is 14
key is data_file, value is ../data/illumina.chr14.sort.bam:../data/chr14.fa
key is data_display_shape, value is rainbow:color->blue:opacity->0.5:cross_link_width_ellipse->0.05
key is subtrack_yaxis_bg_region, value is 10->30
key is ylabel, value is illuminate short-read rainbow,gap:30bp,fontsize:15,color:red
key is data_type, value is vcf
key is track_name, value is chr14
key is chr_id, value is 14
key is data_file, value is ../data/hg002.chr14.vcf.gz:../data/chr14.fa
key is subtrack_yaxis_bg_region, value is 5->9
key is ylabel, value is vcf,gap:30bp,fontsize:15,color:green
key hist_scatter_line = hist,1,chr14,14,0,40,../data/illumina.chr14.sort.bam.depth.txt:../data/chr14.fa,color->green:opacity->0.7,42->52,1,5->25->10,ytick_label,0,green:green,0.6:0.3,1:1:0.2:0.3,5:8	ylabel->illuminate read depth,gap:30bp,fontsize:13,color:black

key hist_scatter_line = hist,1,chr14,14,0,20bp,../data/illumina.chr14.sort.bam.depth.txt:../data/chr14.fa,color->black:opacity->1,31->41,1,25->5->10,ytick_label,0,green:green,0.6:0.3,1:1:0.2:0.3,5:8

key reads_mapping = long_reads,1,chr14,14,0,../data/pacbio.chr14.sort.bam:../data/chr14.fa,stack,-10->-110,0,1->100->10,ytick_label,0,green:black,1:1,2:6:0.2:0.1,15:15,0:10:40	color_height_cs->M:green:opacity0.8:height0.5:1bp:rect,I:red:opacity1:height0.9:6bp:rect,D:black:opacity1:height0.8:3bp:rect,N:blue:opacity1:height0.2:1bp:rect,S:blue:opacity0.6:height0.9:5bp:rect,H:blue:opacity0.6:height0.2:10bp:rect,P:blue:opacity1:height0.2:1bp:rect,X:Purple:opacity1:height0.6:1bp:rect,reverse:#1E90FF:opacity0.6:height0.8:6bp:arrow,forward:green:opacity0.6:height0.8:1bp:arrow,read1:green:opacity0.6:height0.8:6bp:arrow,read2:#1E90FF:opacity0.6:height0.8:1bp:arrow,fake:white:opacity1:height0.8:0bp:rect,diploid:red:opacity0.8:height0.5:1bp:rect;	ylabel->pacbio read mapping stack,gap:30bp,fontsize:13,color:black

key reads_mapping = short_reads,1,chr14,14,0,../data/illumina.chr14.sort.bam:../data/chr14.fa,paired:color->Orange:opacity->1:cross_link_height_line->0.3,79->117,0,1->100->10,ytick_label,0,green:black,1:1,2:6:0.2:0.1,15:15,0:10:40	color_height_cs->M:green:opacity0.8:height0.5:1bp:rect,I:red:opacity1:height0.9:6bp:rect,D:black:opacity1:height0.8:3bp:rect,N:blue:opacity1:height0.2:1bp:rect,S:blue:opacity0.6:height0.9:5bp:rect,H:blue:opacity0.6:height0.2:10bp:rect,P:blue:opacity1:height0.2:1bp:rect,X:Purple:opacity1:height0.6:1bp:rect,reverse:#1E90FF:opacity0.6:height0.8:6bp:arrow,forward:green:opacity0.6:height0.8:1bp:arrow,read1:green:opacity0.6:height0.8:6bp:arrow,read2:#1E90FF:opacity0.6:height0.8:1bp:arrow,fake:white:opacity1:height0.8:0bp:rect,diploid:red:opacity0.8:height0.5:1bp:rect;	ylabel->illuminate read mapping paired,gap:30bp,fontsize:13,color:black

key reads_mapping = short_reads,1,chr14,14,0,../data/illumina.chr14.sort.bam:../data/chr14.fa,stack,53->77,0,1->100->10,ytick_label,0,green:black,1:1,2:6:0.2:0.1,15:15,0:10:40	color_height_cs->M:green:opacity0.8:height0.5:1bp:rect,I:red:opacity1:height0.9:6bp:rect,D:black:opacity1:height0.8:3bp:rect,N:blue:opacity1:height0.2:1bp:rect,S:blue:opacity0.6:height0.9:5bp:rect,H:blue:opacity0.6:height0.2:10bp:rect,P:blue:opacity1:height0.2:1bp:rect,X:Purple:opacity1:height0.6:1bp:rect,reverse:#1E90FF:opacity0.6:height0.8:6bp:arrow,forward:green:opacity0.6:height0.8:1bp:arrow,read1:green:opacity0.6:height0.8:6bp:arrow,read2:#1E90FF:opacity0.6:height0.8:1bp:arrow,fake:white:opacity1:height0.8:0bp:rect,diploid:red:opacity0.8:height0.5:1bp:rect;	ylabel->illumnate read mapping stack,gap:30bp,fontsize:13,color:black

key reads_mapping = short_reads,1,chr14,14,0,../data/illumina.chr14.sort.bam:../data/chr14.fa,rainbow:color->blue:opacity->0.5:cross_link_width_ellipse->0.05,10->30,0,1->100->10,ytick_label,0,green:black,1:1,2:6:0.2:0.1,15:15,0:10:40	color_height_cs->M:green:opacity0.8:height0.5:1bp:rect,I:red:opacity1:height0.9:6bp:rect,D:black:opacity1:height0.8:3bp:rect,N:blue:opacity1:height0.2:1bp:rect,S:blue:opacity0.6:height0.9:5bp:rect,H:blue:opacity0.6:height0.2:10bp:rect,P:blue:opacity1:height0.2:1bp:rect,X:Purple:opacity1:height0.6:1bp:rect,reverse:#1E90FF:opacity0.6:height0.8:6bp:arrow,forward:green:opacity0.6:height0.8:1bp:arrow,read1:green:opacity0.6:height0.8:6bp:arrow,read2:#1E90FF:opacity0.6:height0.8:1bp:arrow,fake:white:opacity1:height0.8:0bp:rect,diploid:red:opacity0.8:height0.5:1bp:rect;	ylabel->illuminate short-read rainbow,gap:30bp,fontsize:15,color:red

key reads_mapping = vcf,1,chr14,14,0,../data/hg002.chr14.vcf.gz:../data/chr14.fa,stack,5->9,0,1->100->10,ytick_label,0,green:black,1:1,2:6:0.2:0.1,15:15,0:10:40	color_height_cs->M:green:opacity0.8:height0.5:1bp:rect,I:red:opacity1:height0.9:6bp:rect,D:black:opacity1:height0.8:3bp:rect,N:blue:opacity1:height0.2:1bp:rect,S:blue:opacity0.6:height0.9:5bp:rect,H:blue:opacity0.6:height0.2:10bp:rect,P:blue:opacity1:height0.2:1bp:rect,X:Purple:opacity1:height0.6:1bp:rect,reverse:#1E90FF:opacity0.6:height0.8:6bp:arrow,forward:green:opacity0.6:height0.8:1bp:arrow,read1:green:opacity0.6:height0.8:6bp:arrow,read2:#1E90FF:opacity0.6:height0.8:1bp:arrow,fake:white:opacity1:height0.8:0bp:rect,diploid:red:opacity0.8:height0.5:1bp:rect;	ylabel->vcf,gap:30bp,fontsize:15,color:green


not_exists synteny in confs
parse chr14 chr14:14:66901400-66903400 -> block_index 1

read_list chr14 end
hist_scatter_line start
1 is hist,1,chr14,14,0,40,../data/illumina.chr14.sort.bam.depth.txt:../data/chr14.fa,color->green:opacity->0.7,42->52,1,5->25->10,ytick_label,0,green:green,0.6:0.3,1:1:0.2:0.3,5:8	ylabel->illuminate read depth,gap:30bp,fontsize:13,color:black

block_index is 1,chr14

output out3.chr14.14.1.1.hist.ylabel.gff

output out3.chr14.14.1.1.hist.ylabel.setting.conf

no out3.chr14.14.1.1.hist.ylabel.crosslink.conf for chr14
s1 is 42, e1 is 52

output out3.chr14.14.1.1.ytick.gff

output out3.chr14.14.1.1.ytick.setting.conf

no out3.chr14.14.1.1.ytick.crosslink.conf for chr14
hist_scatter_line_run rg is 66901400,66903400  :66901400,66903400
info is hist,1,chr14,14,0,40,../data/illumina.chr14.sort.bam.depth.txt:../data/chr14.fa,color->green:opacity->0.7,42->52,1,5->25->10,ytick_label,0,green:green,0.6:0.3,1:1:0.2:0.3,5:8	ylabel->illuminate read depth,gap:30bp,fontsize:13,color:black
is:../data/illumina.chr14.sort.bam.depth.txt:../data/chr14.fa, chr14, 14,66901400, 66903400,40, hist,1,chr14,14,0,40,../data/illumina.chr14.sort.bam.depth.txt:../data/chr14.fa,color->green:opacity->0.7,42->52,1,5->25->10,ytick_label,0,green:green,0.6:0.3,1:1:0.2:0.3,5:8	ylabel->illuminate read depth,gap:30bp,fontsize:13,color:black, hist
50

output out3.chr14.14.1.1.66901400.66903400.depth.gff

output out3.chr14.14.1.1.66901400.66903400.depth.setting.conf

no out3.chr14.14.1.1.66901400.66903400.depth.crosslink.conf for chr14
2 is hist,1,chr14,14,0,20bp,../data/illumina.chr14.sort.bam.depth.txt:../data/chr14.fa,color->black:opacity->1,31->41,1,25->5->10,ytick_label,0,green:green,0.6:0.3,1:1:0.2:0.3,5:8

block_index is 1,chr14

output out3.chr14.14.1.2.hist.ylabel.gff

output out3.chr14.14.1.2.hist.ylabel.setting.conf

no out3.chr14.14.1.2.hist.ylabel.crosslink.conf for chr14
s1 is 31, e1 is 41
tick_label2 feature_tick_shift_y is -41
tick_label2 feature_tick_shift_y is -36
tick_label2 feature_tick_shift_y is -31

output out3.chr14.14.1.2.ytick.gff

output out3.chr14.14.1.2.ytick.setting.conf

no out3.chr14.14.1.2.ytick.crosslink.conf for chr14
hist_scatter_line_run rg is 66901400,66903400  :66901400,66903400
info is hist,1,chr14,14,0,20bp,../data/illumina.chr14.sort.bam.depth.txt:../data/chr14.fa,color->black:opacity->1,31->41,1,25->5->10,ytick_label,0,green:green,0.6:0.3,1:1:0.2:0.3,5:8
is:../data/illumina.chr14.sort.bam.depth.txt:../data/chr14.fa, chr14, 14,66901400, 66903400,20, hist,1,chr14,14,0,20bp,../data/illumina.chr14.sort.bam.depth.txt:../data/chr14.fa,color->black:opacity->1,31->41,1,25->5->10,ytick_label,0,green:green,0.6:0.3,1:1:0.2:0.3,5:8, hist
100

output out3.chr14.14.1.2.66901400.66903400.depth.gff

output out3.chr14.14.1.2.66901400.66903400.depth.setting.conf

no out3.chr14.14.1.2.66901400.66903400.depth.crosslink.conf for chr14
func_name is hist_scatter_line
echo "
set -vex;cat out3.chr14.14.1.1.hist.ylabel.gff out3.chr14.14.1.1.ytick.gff out3.chr14.14.1.1.66901400.66903400.depth.gff out3.chr14.14.1.2.hist.ylabel.gff out3.chr14.14.1.2.ytick.gff out3.chr14.14.1.2.66901400.66903400.depth.gff >out3.chr14.out3.hist_scatter_line.gff;rm out3.chr14.14.1.1.hist.ylabel.gff out3.chr14.14.1.1.ytick.gff out3.chr14.14.1.1.66901400.66903400.depth.gff out3.chr14.14.1.2.hist.ylabel.gff out3.chr14.14.1.2.ytick.gff out3.chr14.14.1.2.66901400.66903400.depth.gff;echo output out3.chr14.out3.hist_scatter_line.gff
" >> out3.cat.log;set -vex;cat out3.chr14.14.1.1.hist.ylabel.gff out3.chr14.14.1.1.ytick.gff out3.chr14.14.1.1.66901400.66903400.depth.gff out3.chr14.14.1.2.hist.ylabel.gff out3.chr14.14.1.2.ytick.gff out3.chr14.14.1.2.66901400.66903400.depth.gff >out3.chr14.out3.hist_scatter_line.gff;rm out3.chr14.14.1.1.hist.ylabel.gff out3.chr14.14.1.1.ytick.gff out3.chr14.14.1.1.66901400.66903400.depth.gff out3.chr14.14.1.2.hist.ylabel.gff out3.chr14.14.1.2.ytick.gff out3.chr14.14.1.2.66901400.66903400.depth.gff;echo output out3.chr14.out3.hist_scatter_line.gff done
echo "
set -vex;cat out3.chr14.14.1.1.hist.ylabel.setting.conf out3.chr14.14.1.1.ytick.setting.conf out3.chr14.14.1.1.66901400.66903400.depth.setting.conf out3.chr14.14.1.2.hist.ylabel.setting.conf out3.chr14.14.1.2.ytick.setting.conf out3.chr14.14.1.2.66901400.66903400.depth.setting.conf > out3.chr14.out3.hist_scatter_line.setting.conf;rm out3.chr14.14.1.1.hist.ylabel.setting.conf out3.chr14.14.1.1.ytick.setting.conf out3.chr14.14.1.1.66901400.66903400.depth.setting.conf out3.chr14.14.1.2.hist.ylabel.setting.conf out3.chr14.14.1.2.ytick.setting.conf out3.chr14.14.1.2.66901400.66903400.depth.setting.conf;echo output out3.chr14.out3.hist_scatter_line.setting.conf
" >> out3.cat.log;set -vex;cat out3.chr14.14.1.1.hist.ylabel.setting.conf out3.chr14.14.1.1.ytick.setting.conf out3.chr14.14.1.1.66901400.66903400.depth.setting.conf out3.chr14.14.1.2.hist.ylabel.setting.conf out3.chr14.14.1.2.ytick.setting.conf out3.chr14.14.1.2.66901400.66903400.depth.setting.conf > out3.chr14.out3.hist_scatter_line.setting.conf;rm out3.chr14.14.1.1.hist.ylabel.setting.conf out3.chr14.14.1.1.ytick.setting.conf out3.chr14.14.1.1.66901400.66903400.depth.setting.conf out3.chr14.14.1.2.hist.ylabel.setting.conf out3.chr14.14.1.2.ytick.setting.conf out3.chr14.14.1.2.66901400.66903400.depth.setting.conf;echo output out3.chr14.out3.hist_scatter_line.setting.conf done
out3.hist_scatter_line end
echo "
set -vex;cat out3.chr14.out3.hist_scatter_line.setting.conf >out3.hist_scatter_line.setting.conf
" >> out3.cat.log;set -vex;cat out3.chr14.out3.hist_scatter_line.setting.conf >out3.hist_scatter_line.setting.conf done
reads_mapping start
k_index 1 is long_reads,1,chr14,14,0,../data/pacbio.chr14.sort.bam:../data/chr14.fa,stack,-10->-110,0,1->100->10,ytick_label,0,green:black,1:1,2:6:0.2:0.1,15:15,0:10:40	color_height_cs->M:green:opacity0.8:height0.5:1bp:rect,I:red:opacity1:height0.9:6bp:rect,D:black:opacity1:height0.8:3bp:rect,N:blue:opacity1:height0.2:1bp:rect,S:blue:opacity0.6:height0.9:5bp:rect,H:blue:opacity0.6:height0.2:10bp:rect,P:blue:opacity1:height0.2:1bp:rect,X:Purple:opacity1:height0.6:1bp:rect,reverse:#1E90FF:opacity0.6:height0.8:6bp:arrow,forward:green:opacity0.6:height0.8:1bp:arrow,read1:green:opacity0.6:height0.8:6bp:arrow,read2:#1E90FF:opacity0.6:height0.8:1bp:arrow,fake:white:opacity1:height0.8:0bp:rect,diploid:red:opacity0.8:height0.5:1bp:rect;	ylabel->pacbio read mapping stack,gap:30bp,fontsize:13,color:black

block_index is 1,chr14

output out3.chr14.14.1.1.long_reads.ylabel.gff

output out3.chr14.14.1.1.long_reads.ylabel.setting.conf

no out3.chr14.14.1.1.long_reads.ylabel.crosslink.conf for chr14
start_end_xaxis is 66901400,66903400
cmd is set -vex;samtools depth  -r 14:66901400-66903400 ../data/pacbio.chr14.sort.bam|awk '{print $NF}'|sort -k 1nr|head -1
max_depth max_depth is 47

rg is 66901400,66903400,  :66901400,66903400
color_height_cs is M:green:opacity0.8:height0.5:1bp:rect,I:red:opacity1:height0.9:6bp:rect,D:black:opacity1:height0.8:3bp:rect,N:blue:opacity1:height0.2:1bp:rect,S:blue:opacity0.6:height0.9:5bp:rect,H:blue:opacity0.6:height0.2:10bp:rect,P:blue:opacity1:height0.2:1bp:rect,X:Purple:opacity1:height0.6:1bp:rect,reverse:#1E90FF:opacity0.6:height0.8:6bp:arrow,forward:green:opacity0.6:height0.8:1bp:arrow,read1:green:opacity0.6:height0.8:6bp:arrow,read2:#1E90FF:opacity0.6:height0.8:1bp:arrow,fake:white:opacity1:height0.8:0bp:rect,diploid:red:opacity0.8:height0.5:1bp:rect
after split is M:green:opacity0.8:height0.5:1bp:rect I:red:opacity1:height0.9:6bp:rect D:black:opacity1:height0.8:3bp:rect N:blue:opacity1:height0.2:1bp:rect S:blue:opacity0.6:height0.9:5bp:rect H:blue:opacity0.6:height0.2:10bp:rect P:blue:opacity1:height0.2:1bp:rect X:Purple:opacity1:height0.6:1bp:rect reverse:#1E90FF:opacity0.6:height0.8:6bp:arrow forward:green:opacity0.6:height0.8:1bp:arrow read1:green:opacity0.6:height0.8:6bp:arrow read2:#1E90FF:opacity0.6:height0.8:1bp:arrow fake:white:opacity1:height0.8:0bp:rect diploid:red:opacity0.8:height0.5:1bp:rect
shift_y start
max_depth is 46.5, read_type is long_reads
read number is 57

output out3.chr14.14.1.1.66901400.66903400.mapping.gff

output out3.chr14.14.1.1.66901400.66903400.mapping.setting.conf

no out3.chr14.14.1.1.66901400.66903400.mapping.crosslink.conf for chr14
k_index 2 is short_reads,1,chr14,14,0,../data/illumina.chr14.sort.bam:../data/chr14.fa,paired:color->Orange:opacity->1:cross_link_height_line->0.3,79->117,0,1->100->10,ytick_label,0,green:black,1:1,2:6:0.2:0.1,15:15,0:10:40	color_height_cs->M:green:opacity0.8:height0.5:1bp:rect,I:red:opacity1:height0.9:6bp:rect,D:black:opacity1:height0.8:3bp:rect,N:blue:opacity1:height0.2:1bp:rect,S:blue:opacity0.6:height0.9:5bp:rect,H:blue:opacity0.6:height0.2:10bp:rect,P:blue:opacity1:height0.2:1bp:rect,X:Purple:opacity1:height0.6:1bp:rect,reverse:#1E90FF:opacity0.6:height0.8:6bp:arrow,forward:green:opacity0.6:height0.8:1bp:arrow,read1:green:opacity0.6:height0.8:6bp:arrow,read2:#1E90FF:opacity0.6:height0.8:1bp:arrow,fake:white:opacity1:height0.8:0bp:rect,diploid:red:opacity0.8:height0.5:1bp:rect;	ylabel->illuminate read mapping paired,gap:30bp,fontsize:13,color:black

block_index is 1,chr14

output out3.chr14.14.1.2.short_reads.ylabel.gff

output out3.chr14.14.1.2.short_reads.ylabel.setting.conf

no out3.chr14.14.1.2.short_reads.ylabel.crosslink.conf for chr14
start_end_xaxis is 66901400,66903400
cmd is set -vex;samtools depth  -r 14:66901400-66903400 ../data/illumina.chr14.sort.bam|awk '{print $NF}'|sort -k 1nr|head -1
max_depth max_depth is 26

rg is 66901400,66903400,  :66901400,66903400
color_height_cs is M:green:opacity0.8:height0.5:1bp:rect,I:red:opacity1:height0.9:6bp:rect,D:black:opacity1:height0.8:3bp:rect,N:blue:opacity1:height0.2:1bp:rect,S:blue:opacity0.6:height0.9:5bp:rect,H:blue:opacity0.6:height0.2:10bp:rect,P:blue:opacity1:height0.2:1bp:rect,X:Purple:opacity1:height0.6:1bp:rect,reverse:#1E90FF:opacity0.6:height0.8:6bp:arrow,forward:green:opacity0.6:height0.8:1bp:arrow,read1:green:opacity0.6:height0.8:6bp:arrow,read2:#1E90FF:opacity0.6:height0.8:1bp:arrow,fake:white:opacity1:height0.8:0bp:rect,diploid:red:opacity0.8:height0.5:1bp:rect
after split is M:green:opacity0.8:height0.5:1bp:rect I:red:opacity1:height0.9:6bp:rect D:black:opacity1:height0.8:3bp:rect N:blue:opacity1:height0.2:1bp:rect S:blue:opacity0.6:height0.9:5bp:rect H:blue:opacity0.6:height0.2:10bp:rect P:blue:opacity1:height0.2:1bp:rect X:Purple:opacity1:height0.6:1bp:rect reverse:#1E90FF:opacity0.6:height0.8:6bp:arrow forward:green:opacity0.6:height0.8:1bp:arrow read1:green:opacity0.6:height0.8:6bp:arrow read2:#1E90FF:opacity0.6:height0.8:1bp:arrow fake:white:opacity1:height0.8:0bp:rect diploid:red:opacity0.8:height0.5:1bp:rect
shift_y start
max_depth is 37.5, read_type is short_reads
read number is 291

output out3.chr14.14.1.2.66901400.66903400.mapping.gff

output out3.chr14.14.1.2.66901400.66903400.mapping.setting.conf

output out3.chr14.14.1.2.66901400.66903400.mapping.crosslink.conf
k_index 3 is short_reads,1,chr14,14,0,../data/illumina.chr14.sort.bam:../data/chr14.fa,stack,53->77,0,1->100->10,ytick_label,0,green:black,1:1,2:6:0.2:0.1,15:15,0:10:40	color_height_cs->M:green:opacity0.8:height0.5:1bp:rect,I:red:opacity1:height0.9:6bp:rect,D:black:opacity1:height0.8:3bp:rect,N:blue:opacity1:height0.2:1bp:rect,S:blue:opacity0.6:height0.9:5bp:rect,H:blue:opacity0.6:height0.2:10bp:rect,P:blue:opacity1:height0.2:1bp:rect,X:Purple:opacity1:height0.6:1bp:rect,reverse:#1E90FF:opacity0.6:height0.8:6bp:arrow,forward:green:opacity0.6:height0.8:1bp:arrow,read1:green:opacity0.6:height0.8:6bp:arrow,read2:#1E90FF:opacity0.6:height0.8:1bp:arrow,fake:white:opacity1:height0.8:0bp:rect,diploid:red:opacity0.8:height0.5:1bp:rect;	ylabel->illumnate read mapping stack,gap:30bp,fontsize:13,color:black

block_index is 1,chr14

output out3.chr14.14.1.3.short_reads.ylabel.gff

output out3.chr14.14.1.3.short_reads.ylabel.setting.conf

no out3.chr14.14.1.3.short_reads.ylabel.crosslink.conf for chr14
start_end_xaxis is 66901400,66903400
cmd is set -vex;samtools depth  -r 14:66901400-66903400 ../data/illumina.chr14.sort.bam|awk '{print $NF}'|sort -k 1nr|head -1
max_depth max_depth is 26

rg is 66901400,66903400,  :66901400,66903400
color_height_cs is M:green:opacity0.8:height0.5:1bp:rect,I:red:opacity1:height0.9:6bp:rect,D:black:opacity1:height0.8:3bp:rect,N:blue:opacity1:height0.2:1bp:rect,S:blue:opacity0.6:height0.9:5bp:rect,H:blue:opacity0.6:height0.2:10bp:rect,P:blue:opacity1:height0.2:1bp:rect,X:Purple:opacity1:height0.6:1bp:rect,reverse:#1E90FF:opacity0.6:height0.8:6bp:arrow,forward:green:opacity0.6:height0.8:1bp:arrow,read1:green:opacity0.6:height0.8:6bp:arrow,read2:#1E90FF:opacity0.6:height0.8:1bp:arrow,fake:white:opacity1:height0.8:0bp:rect,diploid:red:opacity0.8:height0.5:1bp:rect
after split is M:green:opacity0.8:height0.5:1bp:rect I:red:opacity1:height0.9:6bp:rect D:black:opacity1:height0.8:3bp:rect N:blue:opacity1:height0.2:1bp:rect S:blue:opacity0.6:height0.9:5bp:rect H:blue:opacity0.6:height0.2:10bp:rect P:blue:opacity1:height0.2:1bp:rect X:Purple:opacity1:height0.6:1bp:rect reverse:#1E90FF:opacity0.6:height0.8:6bp:arrow forward:green:opacity0.6:height0.8:1bp:arrow read1:green:opacity0.6:height0.8:6bp:arrow read2:#1E90FF:opacity0.6:height0.8:1bp:arrow fake:white:opacity1:height0.8:0bp:rect diploid:red:opacity0.8:height0.5:1bp:rect
shift_y start
max_depth is 25.5, read_type is short_reads
read number is 238

output out3.chr14.14.1.3.66901400.66903400.mapping.gff

output out3.chr14.14.1.3.66901400.66903400.mapping.setting.conf

no out3.chr14.14.1.3.66901400.66903400.mapping.crosslink.conf for chr14
k_index 4 is short_reads,1,chr14,14,0,../data/illumina.chr14.sort.bam:../data/chr14.fa,rainbow:color->blue:opacity->0.5:cross_link_width_ellipse->0.05,10->30,0,1->100->10,ytick_label,0,green:black,1:1,2:6:0.2:0.1,15:15,0:10:40	color_height_cs->M:green:opacity0.8:height0.5:1bp:rect,I:red:opacity1:height0.9:6bp:rect,D:black:opacity1:height0.8:3bp:rect,N:blue:opacity1:height0.2:1bp:rect,S:blue:opacity0.6:height0.9:5bp:rect,H:blue:opacity0.6:height0.2:10bp:rect,P:blue:opacity1:height0.2:1bp:rect,X:Purple:opacity1:height0.6:1bp:rect,reverse:#1E90FF:opacity0.6:height0.8:6bp:arrow,forward:green:opacity0.6:height0.8:1bp:arrow,read1:green:opacity0.6:height0.8:6bp:arrow,read2:#1E90FF:opacity0.6:height0.8:1bp:arrow,fake:white:opacity1:height0.8:0bp:rect,diploid:red:opacity0.8:height0.5:1bp:rect;	ylabel->illuminate short-read rainbow,gap:30bp,fontsize:15,color:red

block_index is 1,chr14

output out3.chr14.14.1.4.short_reads.ylabel.gff

output out3.chr14.14.1.4.short_reads.ylabel.setting.conf

no out3.chr14.14.1.4.short_reads.ylabel.crosslink.conf for chr14
start_end_xaxis is 66901400,66903400
cmd is set -vex;samtools depth  -r 14:66901400-66903400 ../data/illumina.chr14.sort.bam|awk '{print $NF}'|sort -k 1nr|head -1
max_depth max_depth is 26

rg is 66901400,66903400,  :66901400,66903400
color_height_cs is M:green:opacity0.8:height0.5:1bp:rect,I:red:opacity1:height0.9:6bp:rect,D:black:opacity1:height0.8:3bp:rect,N:blue:opacity1:height0.2:1bp:rect,S:blue:opacity0.6:height0.9:5bp:rect,H:blue:opacity0.6:height0.2:10bp:rect,P:blue:opacity1:height0.2:1bp:rect,X:Purple:opacity1:height0.6:1bp:rect,reverse:#1E90FF:opacity0.6:height0.8:6bp:arrow,forward:green:opacity0.6:height0.8:1bp:arrow,read1:green:opacity0.6:height0.8:6bp:arrow,read2:#1E90FF:opacity0.6:height0.8:1bp:arrow,fake:white:opacity1:height0.8:0bp:rect,diploid:red:opacity0.8:height0.5:1bp:rect
after split is M:green:opacity0.8:height0.5:1bp:rect I:red:opacity1:height0.9:6bp:rect D:black:opacity1:height0.8:3bp:rect N:blue:opacity1:height0.2:1bp:rect S:blue:opacity0.6:height0.9:5bp:rect H:blue:opacity0.6:height0.2:10bp:rect P:blue:opacity1:height0.2:1bp:rect X:Purple:opacity1:height0.6:1bp:rect reverse:#1E90FF:opacity0.6:height0.8:6bp:arrow forward:green:opacity0.6:height0.8:1bp:arrow read1:green:opacity0.6:height0.8:6bp:arrow read2:#1E90FF:opacity0.6:height0.8:1bp:arrow fake:white:opacity1:height0.8:0bp:rect diploid:red:opacity0.8:height0.5:1bp:rect
shift_y start
max_depth is 37.5, read_type is short_reads
read number is 291

output out3.chr14.14.1.4.66901400.66903400.mapping.gff

output out3.chr14.14.1.4.66901400.66903400.mapping.setting.conf

output out3.chr14.14.1.4.66901400.66903400.mapping.crosslink.conf
k_index 5 is vcf,1,chr14,14,0,../data/hg002.chr14.vcf.gz:../data/chr14.fa,stack,5->9,0,1->100->10,ytick_label,0,green:black,1:1,2:6:0.2:0.1,15:15,0:10:40	color_height_cs->M:green:opacity0.8:height0.5:1bp:rect,I:red:opacity1:height0.9:6bp:rect,D:black:opacity1:height0.8:3bp:rect,N:blue:opacity1:height0.2:1bp:rect,S:blue:opacity0.6:height0.9:5bp:rect,H:blue:opacity0.6:height0.2:10bp:rect,P:blue:opacity1:height0.2:1bp:rect,X:Purple:opacity1:height0.6:1bp:rect,reverse:#1E90FF:opacity0.6:height0.8:6bp:arrow,forward:green:opacity0.6:height0.8:1bp:arrow,read1:green:opacity0.6:height0.8:6bp:arrow,read2:#1E90FF:opacity0.6:height0.8:1bp:arrow,fake:white:opacity1:height0.8:0bp:rect,diploid:red:opacity0.8:height0.5:1bp:rect;	ylabel->vcf,gap:30bp,fontsize:15,color:green

block_index is 1,chr14

output out3.chr14.14.1.5.vcf.ylabel.gff

output out3.chr14.14.1.5.vcf.ylabel.setting.conf

no out3.chr14.14.1.5.vcf.ylabel.crosslink.conf for chr14
start_end_xaxis is 66901400,66903400
max_depth max_depth is 1
rg is 66901400,66903400,  :66901400,66903400
color_height_cs is M:green:opacity0.8:height0.5:1bp:rect,I:red:opacity1:height0.9:6bp:rect,D:black:opacity1:height0.8:3bp:rect,N:blue:opacity1:height0.2:1bp:rect,S:blue:opacity0.6:height0.9:5bp:rect,H:blue:opacity0.6:height0.2:10bp:rect,P:blue:opacity1:height0.2:1bp:rect,X:Purple:opacity1:height0.6:1bp:rect,reverse:#1E90FF:opacity0.6:height0.8:6bp:arrow,forward:green:opacity0.6:height0.8:1bp:arrow,read1:green:opacity0.6:height0.8:6bp:arrow,read2:#1E90FF:opacity0.6:height0.8:1bp:arrow,fake:white:opacity1:height0.8:0bp:rect,diploid:red:opacity0.8:height0.5:1bp:rect
after split is M:green:opacity0.8:height0.5:1bp:rect I:red:opacity1:height0.9:6bp:rect D:black:opacity1:height0.8:3bp:rect N:blue:opacity1:height0.2:1bp:rect S:blue:opacity0.6:height0.9:5bp:rect H:blue:opacity0.6:height0.2:10bp:rect P:blue:opacity1:height0.2:1bp:rect X:Purple:opacity1:height0.6:1bp:rect reverse:#1E90FF:opacity0.6:height0.8:6bp:arrow forward:green:opacity0.6:height0.8:1bp:arrow read1:green:opacity0.6:height0.8:6bp:arrow read2:#1E90FF:opacity0.6:height0.8:1bp:arrow fake:white:opacity1:height0.8:0bp:rect diploid:red:opacity0.8:height0.5:1bp:rect

output out3.chr14.14.1.5.66901400.66903400.mapping.gff

output out3.chr14.14.1.5.66901400.66903400.mapping.setting.conf

no out3.chr14.14.1.5.66901400.66903400.mapping.crosslink.conf for chr14
func_name is reads_mapping
echo "
set -vex;cat out3.chr14.14.1.1.long_reads.ylabel.gff out3.chr14.14.1.1.66901400.66903400.mapping.gff out3.chr14.14.1.2.short_reads.ylabel.gff out3.chr14.14.1.2.66901400.66903400.mapping.gff out3.chr14.14.1.3.short_reads.ylabel.gff out3.chr14.14.1.3.66901400.66903400.mapping.gff out3.chr14.14.1.4.short_reads.ylabel.gff out3.chr14.14.1.4.66901400.66903400.mapping.gff out3.chr14.14.1.5.vcf.ylabel.gff out3.chr14.14.1.5.66901400.66903400.mapping.gff >out3.chr14.out3.reads_mapping.gff;rm out3.chr14.14.1.1.long_reads.ylabel.gff out3.chr14.14.1.1.66901400.66903400.mapping.gff out3.chr14.14.1.2.short_reads.ylabel.gff out3.chr14.14.1.2.66901400.66903400.mapping.gff out3.chr14.14.1.3.short_reads.ylabel.gff out3.chr14.14.1.3.66901400.66903400.mapping.gff out3.chr14.14.1.4.short_reads.ylabel.gff out3.chr14.14.1.4.66901400.66903400.mapping.gff out3.chr14.14.1.5.vcf.ylabel.gff out3.chr14.14.1.5.66901400.66903400.mapping.gff;echo output out3.chr14.out3.reads_mapping.gff
" >> out3.cat.log;set -vex;cat out3.chr14.14.1.1.long_reads.ylabel.gff out3.chr14.14.1.1.66901400.66903400.mapping.gff out3.chr14.14.1.2.short_reads.ylabel.gff out3.chr14.14.1.2.66901400.66903400.mapping.gff out3.chr14.14.1.3.short_reads.ylabel.gff out3.chr14.14.1.3.66901400.66903400.mapping.gff out3.chr14.14.1.4.short_reads.ylabel.gff out3.chr14.14.1.4.66901400.66903400.mapping.gff out3.chr14.14.1.5.vcf.ylabel.gff out3.chr14.14.1.5.66901400.66903400.mapping.gff >out3.chr14.out3.reads_mapping.gff;rm out3.chr14.14.1.1.long_reads.ylabel.gff out3.chr14.14.1.1.66901400.66903400.mapping.gff out3.chr14.14.1.2.short_reads.ylabel.gff out3.chr14.14.1.2.66901400.66903400.mapping.gff out3.chr14.14.1.3.short_reads.ylabel.gff out3.chr14.14.1.3.66901400.66903400.mapping.gff out3.chr14.14.1.4.short_reads.ylabel.gff out3.chr14.14.1.4.66901400.66903400.mapping.gff out3.chr14.14.1.5.vcf.ylabel.gff out3.chr14.14.1.5.66901400.66903400.mapping.gff;echo output out3.chr14.out3.reads_mapping.gff done
echo "
set -vex;cat out3.chr14.14.1.1.long_reads.ylabel.setting.conf out3.chr14.14.1.1.66901400.66903400.mapping.setting.conf out3.chr14.14.1.2.short_reads.ylabel.setting.conf out3.chr14.14.1.2.66901400.66903400.mapping.setting.conf out3.chr14.14.1.3.short_reads.ylabel.setting.conf out3.chr14.14.1.3.66901400.66903400.mapping.setting.conf out3.chr14.14.1.4.short_reads.ylabel.setting.conf out3.chr14.14.1.4.66901400.66903400.mapping.setting.conf out3.chr14.14.1.5.vcf.ylabel.setting.conf out3.chr14.14.1.5.66901400.66903400.mapping.setting.conf > out3.chr14.out3.reads_mapping.setting.conf;rm out3.chr14.14.1.1.long_reads.ylabel.setting.conf out3.chr14.14.1.1.66901400.66903400.mapping.setting.conf out3.chr14.14.1.2.short_reads.ylabel.setting.conf out3.chr14.14.1.2.66901400.66903400.mapping.setting.conf out3.chr14.14.1.3.short_reads.ylabel.setting.conf out3.chr14.14.1.3.66901400.66903400.mapping.setting.conf out3.chr14.14.1.4.short_reads.ylabel.setting.conf out3.chr14.14.1.4.66901400.66903400.mapping.setting.conf out3.chr14.14.1.5.vcf.ylabel.setting.conf out3.chr14.14.1.5.66901400.66903400.mapping.setting.conf;echo output out3.chr14.out3.reads_mapping.setting.conf
" >> out3.cat.log;set -vex;cat out3.chr14.14.1.1.long_reads.ylabel.setting.conf out3.chr14.14.1.1.66901400.66903400.mapping.setting.conf out3.chr14.14.1.2.short_reads.ylabel.setting.conf out3.chr14.14.1.2.66901400.66903400.mapping.setting.conf out3.chr14.14.1.3.short_reads.ylabel.setting.conf out3.chr14.14.1.3.66901400.66903400.mapping.setting.conf out3.chr14.14.1.4.short_reads.ylabel.setting.conf out3.chr14.14.1.4.66901400.66903400.mapping.setting.conf out3.chr14.14.1.5.vcf.ylabel.setting.conf out3.chr14.14.1.5.66901400.66903400.mapping.setting.conf > out3.chr14.out3.reads_mapping.setting.conf;rm out3.chr14.14.1.1.long_reads.ylabel.setting.conf out3.chr14.14.1.1.66901400.66903400.mapping.setting.conf out3.chr14.14.1.2.short_reads.ylabel.setting.conf out3.chr14.14.1.2.66901400.66903400.mapping.setting.conf out3.chr14.14.1.3.short_reads.ylabel.setting.conf out3.chr14.14.1.3.66901400.66903400.mapping.setting.conf out3.chr14.14.1.4.short_reads.ylabel.setting.conf out3.chr14.14.1.4.66901400.66903400.mapping.setting.conf out3.chr14.14.1.5.vcf.ylabel.setting.conf out3.chr14.14.1.5.66901400.66903400.mapping.setting.conf;echo output out3.chr14.out3.reads_mapping.setting.conf done
echo "
set -vex;cat out3.chr14.14.1.2.66901400.66903400.mapping.crosslink.conf out3.chr14.14.1.4.66901400.66903400.mapping.crosslink.conf >out3.chr14.out3.reads_mapping.crosslink;rm out3.chr14.14.1.2.66901400.66903400.mapping.crosslink.conf out3.chr14.14.1.4.66901400.66903400.mapping.crosslink.conf;echo output out3.chr14.out3.reads_mapping.crosslink
" >> out3.cat.log;set -vex;cat out3.chr14.14.1.2.66901400.66903400.mapping.crosslink.conf out3.chr14.14.1.4.66901400.66903400.mapping.crosslink.conf >out3.chr14.out3.reads_mapping.crosslink;rm out3.chr14.14.1.2.66901400.66903400.mapping.crosslink.conf out3.chr14.14.1.4.66901400.66903400.mapping.crosslink.conf;echo output out3.chr14.out3.reads_mapping.crosslink done
out3.reads_mapping end
echo "
set -vex;cat out3.chr14.out3.reads_mapping.setting.conf >out3.reads_mapping.setting.conf
" >> out3.cat.log;set -vex;cat out3.chr14.out3.reads_mapping.setting.conf >out3.reads_mapping.setting.conf done
echo "
set -vex;cat out3.chr14.out3.reads_mapping.crosslink >out3.reads_mapping.crosslink
" >> out3.cat.log;set -vex;cat out3.chr14.out3.reads_mapping.crosslink >out3.reads_mapping.crosslink done
synteny not
general_features not
add out3.hist_scatter_line.setting.conf out3.reads_mapping.setting.conf to feature_setting 
echo "
set -vex;cat out3.hist_scatter_line.setting.conf out3.reads_mapping.setting.conf >feature.color.label.conf.out3
" >> out3.cat.log;set -vex;cat out3.hist_scatter_line.setting.conf out3.reads_mapping.setting.conf >feature.color.label.conf.out3 done
add out3.reads_mapping.crosslink to crossing_link 
echo "
set -vex;cat out3.reads_mapping.crosslink >feature.crossing.link.out3
" >> out3.cat.log;set -vex;cat out3.reads_mapping.crosslink >feature.crossing.link.out3 done
echo "
set -vex;cat out3.chr14.out3.hist_scatter_line.gff out3.chr14.out3.reads_mapping.gff|awk -F "	" '{print $3}'|sort -u
" >> out3.cat.log;set -vex;cat out3.chr14.out3.hist_scatter_line.gff out3.chr14.out3.reads_mapping.gff|awk -F "	" '{print $3}'|sort -u done
echo "
set -vex;sed  -r 's/^(chr14\s.*\.gff)\s/\1,out3.chr14.out3.hist_scatter_line.gff,out3.chr14.out3.reads_mapping.gff\t/' tracks.3.list >tracks.3.list.out3;cp tracks.3.list.out3 tracks.3.list.out3.tmp
" >> out3.cat.log;set -vex;sed  -r 's/^(chr14\s.*\.gff)\s/\1,out3.chr14.out3.hist_scatter_line.gff,out3.chr14.out3.reads_mapping.gff\t/' tracks.3.list >tracks.3.list.out3;cp tracks.3.list.out3 tracks.3.list.out3.tmp done

data done
