find package FindBin
find package JSON
feature_content_display -> no
feature_shape -> arrow
synteny -> 2->3,pO83_CORR.indel,pO83_CORR,../data/NC_017659.1.indel.fa.to.NC_017659.1.fa.blast.m6,blast_m8,quadrilateral,orange->opacity0.5,blue->opacity0.7,+3:-3,1
feature_height_ratio -> 2
scale_tick_fontsize -> 6
cross_link_order -> 0
space_between_blocks -> 500
connect_with_same_scaffold -> no
svg_width_height -> 1300,500
cross_link_width_ellipse -> 0.2
feature_label_auto_angle_flag -> 1
ref_name_right_gap -> 0.15
feature_order -> 2
legend_stroke_color -> black
scale_tick_padding_y -> 10
scale_tick_opacity -> 1
cross_link_orientation_ellipse -> up
connect_stroke_width -> 2
svg_background_color -> white
display_segment_strand -> 5:5',3:3',color:black,fontsize:10
y_margin_feature_label -> 0.01
chop_soft_clip -> yes
display_feature -> yes
feature_label_color -> black
feature_border_color -> black
label_rotate_angle -> 0
connect_stroke_color -> black
track_order -> 1
display_segment_name -> no,center,shift_y:+1,fontsize:10,color:black,order:5,rotate:90
feature_label_size -> 10
legend_width_textpercent -> 0.7
legend_height_percent -> 0.2
cross_link_color_reverse -> #3CB371
scale_padding_y -> 0.6
feature_arrow_width_extent -> 0.3
feature_shift_y -> 0
scale_color -> green
feature_setting -> feature.color.label.conf.out5
crossing_link -> feature.crossing.link.out5
legend_font_size -> 20
display_feature_label -> no
feature_shift_x -> 0
feature_shift_y_unit -> backbone
color_sample_name_default -> green
feature_arrow_sharp_extent -> 0
genome_height_ratio -> 1
legend_width_margin -> 0.15
label_text_anchor -> middle
correct_ellipse_coordinate -> no
legend_height_space -> 0.1
cross_link_color -> #FF8C00
legend_height_ratio -> 0.7
feature_color -> rgb(50,205,50)
feature_label_order -> 4
cross_link_opacity -> 1
feature_height_unit -> backbone
cross_link_shape -> quadrilateral
width_ratio_ref_cluster_legend -> 0.1-0.75-0.15
pos_feature_label -> right_low
scale_tick_height -> 0.01
label_text_alignment_baseline -> baseline
feature_border_size -> 0
sample_name_color_default -> black
cross_link_anchor_pos -> low_up
feature_keywords -> gene,synteny
cross_link_height_ellipse -> 10,8
cross_link_orientation -> forward
scale_ratio -> 1700
feature_x_extent -> 0bp,0bp
legend_position -> right
ignore_sharp_arrow -> no
sample_name_font_size_default -> 15
crosslink_stroke_style -> stroke:black;stroke-width:0.1;
default_legend -> other
scale_order -> -1
scale_width -> 0.5
scale_position -> low
top_bottom_margin -> 0.2
connect_stroke_dasharray -> 2,5
legend_stroke_width -> 0.5
feature_opacity -> 1
pdf_dpi -> 100
allow_feature_out_of_list -> synteny
absolute_postion_in_title -> yes
scale_display -> yes
feature_id_is_unique -> no
x_margin_feature_label -> 0.01
shift_angle_closed_feature -> 10
distance_closed_feature -> 1
display_legend -> yes
track_style -> fill:blue;opacity:0.2

not_exists hist_scatter_line in confs

not_exists reads_mapping in confs
key synteny = 2->3,pO83_CORR.indel,pO83_CORR,../data/NC_017659.1.indel.fa.to.NC_017659.1.fa.blast.m6,blast_m8,quadrilateral,orange->opacity0.5,blue->opacity0.7,+3:-3,1

svg_width is 1300, svg_height is svg_height
start read tracks.5.list.out5
parse pO83_CORR pO83_CORR:NC_017659.1:1-7000 -> block_index 1

read gff, pO83_CORR:NC_017659.1:1-7000 block_index 1 for NC_017659.1	RefSeq	gene	2313	3428	.	+	.	ID=gene4532;Dbxref=GeneID:12657366;Name=iroB;gbkey=Gene;gene=iroB;gene_biotype=protein_coding;locus_tag=NRG857_30008
read gff, pO83_CORR:NC_017659.1:1-7000 block_index 1 for NC_017659.1	add	synteny	5460	147060	.	+	.	ID=pO83_CORR.NC_017659.1.5460.147060.1.+.t.q_block_index=1.t_block_index=1;
read gff, pO83_CORR:NC_017659.1:1-7000 block_index 1 for NC_017659.1	add	synteny	2101	5468	.	+	.	ID=pO83_CORR.NC_017659.1.2101.5468.1.+.t.q_block_index=1.t_block_index=1;
read gff, pO83_CORR:NC_017659.1:1-7000 block_index 1 for NC_017659.1	add	synteny	1	1898	.	+	.	ID=pO83_CORR.NC_017659.1.1.1898.1.+.t.q_block_index=1.t_block_index=1;
read gff, pO83_CORR:NC_017659.1:1-7000 block_index 1 for NC_017659.1	add	synteny	1891	2100	.	+	.	ID=pO83_CORR.NC_017659.1.1891.2100.1.+.t.q_block_index=1.t_block_index=1;
read_list pO83_CORR end
parse pO83_CORR.indel pO83_CORR.indel:NC_017659.1.fake:1-7000 -> block_index 1

read gff, pO83_CORR.indel:NC_017659.1.fake:1-7000 block_index 1 for NC_017659.1.fake	glimmer	gene	44	334	.	+	.	ID=NC_017659.1.indelGL000001;Name=NC_017659.1.indelGL000001;
read gff, pO83_CORR.indel:NC_017659.1.fake:1-7000 block_index 1 for NC_017659.1.fake	glimmer	gene	516	1076	.	+	.	ID=NC_017659.1.indelGL000002;Name=NC_017659.1.indelGL000002;
read gff, pO83_CORR.indel:NC_017659.1.fake:1-7000 block_index 1 for NC_017659.1.fake	glimmer	gene	1039	1158	.	+	.	ID=NC_017659.1.indelGL000003;Name=NC_017659.1.indelGL000003;
read gff, pO83_CORR.indel:NC_017659.1.fake:1-7000 block_index 1 for NC_017659.1.fake	glimmer	gene	1463	1597	.	-	.	ID=NC_017659.1.indelGL000004;Name=NC_017659.1.indelGL000004;
read gff, pO83_CORR.indel:NC_017659.1.fake:1-7000 block_index 1 for NC_017659.1.fake	glimmer	gene	1643	1771	.	-	.	ID=NC_017659.1.indelGL000005;Name=NC_017659.1.indelGL000005;
read gff, pO83_CORR.indel:NC_017659.1.fake:1-7000 block_index 1 for NC_017659.1.fake	glimmer	gene	1901	2050	.	-	.	ID=NC_017659.1.indelGL000006;Name=NC_017659.1.indelGL000006;
read gff, pO83_CORR.indel:NC_017659.1.fake:1-7000 block_index 1 for NC_017659.1.fake	glimmer	gene	2055	3218	.	+	.	ID=NC_017659.1.indelGL000007;Name=NC_017659.1.indelGL000007;
read gff, pO83_CORR.indel:NC_017659.1.fake:1-7000 block_index 1 for NC_017659.1.fake	glimmer	gene	3280	5334	.	+	.	ID=NC_017659.1.indelGL000008;Name=NC_017659.1.indelGL000008;
read gff, pO83_CORR.indel:NC_017659.1.fake:1-7000 block_index 1 for NC_017659.1.fake	add	synteny	5460	147060	.	+	.	ID=pO83_CORR.indel.NC_017659.1.fake.5460.147060.1.+.q.q_block_index=1.t_block_index=1;
read gff, pO83_CORR.indel:NC_017659.1.fake:1-7000 block_index 1 for NC_017659.1.fake	add	synteny	1891	5257	.	+	.	ID=pO83_CORR.indel.NC_017659.1.fake.1891.5257.1.+.q.q_block_index=1.t_block_index=1;
read gff, pO83_CORR.indel:NC_017659.1.fake:1-7000 block_index 1 for NC_017659.1.fake	add	synteny	1	1898	.	+	.	ID=pO83_CORR.indel.NC_017659.1.fake.1.1898.1.+.q.q_block_index=1.t_block_index=1;
read gff, pO83_CORR.indel:NC_017659.1.fake:1-7000 block_index 1 for NC_017659.1.fake	add	synteny	5251	5460	.	+	.	ID=pO83_CORR.indel.NC_017659.1.fake.5251.5460.1.+.q.q_block_index=1.t_block_index=1;
read_list pO83_CORR.indel end
end read tracks.5.list.out5
lenged number is 0
draw sample name pO83_CORR
draw feature_id = pO83_CORR.NC_017659.1.1.1898.1.+.t.q_block_index=1.t_block_index=1
1brefore, feature_id	pO83_CORR.NC_017659.1.1.1898.1.+.t.q_block_index=1.t_block_index=1,	feature_shift_x	,start	1	end	1898
2brefore, feature_id	pO83_CORR.NC_017659.1.1.1898.1.+.t.q_block_index=1.t_block_index=1,	feature_shift_x	0,start	1	end	1898	ratio	0.139285714285714
feature_id	pO83_CORR.NC_017659.1.1.1898.1.+.t.q_block_index=1.t_block_index=1,	feature_shift_x	0,start	0	end	1898	ratio	0.139285714285714
draw feature_id = pO83_CORR.NC_017659.1.1891.2100.1.+.t.q_block_index=1.t_block_index=1
1brefore, feature_id	pO83_CORR.NC_017659.1.1891.2100.1.+.t.q_block_index=1.t_block_index=1,	feature_shift_x	,start	1891	end	2100
2brefore, feature_id	pO83_CORR.NC_017659.1.1891.2100.1.+.t.q_block_index=1.t_block_index=1,	feature_shift_x	0,start	1891	end	2100	ratio	0.139285714285714
feature_id	pO83_CORR.NC_017659.1.1891.2100.1.+.t.q_block_index=1.t_block_index=1,	feature_shift_x	0,start	1890	end	2100	ratio	0.139285714285714
draw feature_id = pO83_CORR.NC_017659.1.2101.5468.1.+.t.q_block_index=1.t_block_index=1
1brefore, feature_id	pO83_CORR.NC_017659.1.2101.5468.1.+.t.q_block_index=1.t_block_index=1,	feature_shift_x	,start	2101	end	5468
2brefore, feature_id	pO83_CORR.NC_017659.1.2101.5468.1.+.t.q_block_index=1.t_block_index=1,	feature_shift_x	0,start	2101	end	5468	ratio	0.139285714285714
feature_id	pO83_CORR.NC_017659.1.2101.5468.1.+.t.q_block_index=1.t_block_index=1,	feature_shift_x	0,start	2100	end	5468	ratio	0.139285714285714
draw feature_id = gene4532
1brefore, feature_id	gene4532,	feature_shift_x	,start	2313	end	3428
2brefore, feature_id	gene4532,	feature_shift_x	0,start	2313	end	3428	ratio	0.139285714285714
feature_id	gene4532,	feature_shift_x	0,start	2312	end	3428	ratio	0.139285714285714
draw feature_id = pO83_CORR.NC_017659.1.5460.147060.1.+.t.q_block_index=1.t_block_index=1
1brefore, feature_id	pO83_CORR.NC_017659.1.5460.147060.1.+.t.q_block_index=1.t_block_index=1,	feature_shift_x	,start	5460	end	147060
2brefore, feature_id	pO83_CORR.NC_017659.1.5460.147060.1.+.t.q_block_index=1.t_block_index=1,	feature_shift_x	0,start	5460	end	147060	ratio	0.139285714285714
feature_id	pO83_CORR.NC_017659.1.5460.147060.1.+.t.q_block_index=1.t_block_index=1,	feature_shift_x	0,start	5459	end	147060	ratio	0.139285714285714
draw sample name pO83_CORR.indel
draw feature_id = pO83_CORR.indel.NC_017659.1.fake.1.1898.1.+.q.q_block_index=1.t_block_index=1
1brefore, feature_id	pO83_CORR.indel.NC_017659.1.fake.1.1898.1.+.q.q_block_index=1.t_block_index=1,	feature_shift_x	,start	1	end	1898
2brefore, feature_id	pO83_CORR.indel.NC_017659.1.fake.1.1898.1.+.q.q_block_index=1.t_block_index=1,	feature_shift_x	0,start	1	end	1898	ratio	0.139285714285714
feature_id	pO83_CORR.indel.NC_017659.1.fake.1.1898.1.+.q.q_block_index=1.t_block_index=1,	feature_shift_x	0,start	0	end	1898	ratio	0.139285714285714
draw feature_id = NC_017659.1.indelGL000001
1brefore, feature_id	NC_017659.1.indelGL000001,	feature_shift_x	,start	44	end	334
2brefore, feature_id	NC_017659.1.indelGL000001,	feature_shift_x	0,start	44	end	334	ratio	0.139285714285714
feature_id	NC_017659.1.indelGL000001,	feature_shift_x	0,start	43	end	334	ratio	0.139285714285714
draw feature_id = NC_017659.1.indelGL000002
1brefore, feature_id	NC_017659.1.indelGL000002,	feature_shift_x	,start	516	end	1076
2brefore, feature_id	NC_017659.1.indelGL000002,	feature_shift_x	0,start	516	end	1076	ratio	0.139285714285714
feature_id	NC_017659.1.indelGL000002,	feature_shift_x	0,start	515	end	1076	ratio	0.139285714285714
draw feature_id = NC_017659.1.indelGL000003
1brefore, feature_id	NC_017659.1.indelGL000003,	feature_shift_x	,start	1039	end	1158
2brefore, feature_id	NC_017659.1.indelGL000003,	feature_shift_x	0,start	1039	end	1158	ratio	0.139285714285714
feature_id	NC_017659.1.indelGL000003,	feature_shift_x	0,start	1038	end	1158	ratio	0.139285714285714
draw feature_id = NC_017659.1.indelGL000004
1brefore, feature_id	NC_017659.1.indelGL000004,	feature_shift_x	,start	1463	end	1597
2brefore, feature_id	NC_017659.1.indelGL000004,	feature_shift_x	0,start	1463	end	1597	ratio	0.139285714285714
feature_id	NC_017659.1.indelGL000004,	feature_shift_x	0,start	1462	end	1597	ratio	0.139285714285714
draw feature_id = NC_017659.1.indelGL000005
1brefore, feature_id	NC_017659.1.indelGL000005,	feature_shift_x	,start	1643	end	1771
2brefore, feature_id	NC_017659.1.indelGL000005,	feature_shift_x	0,start	1643	end	1771	ratio	0.139285714285714
feature_id	NC_017659.1.indelGL000005,	feature_shift_x	0,start	1642	end	1771	ratio	0.139285714285714
draw feature_id = pO83_CORR.indel.NC_017659.1.fake.1891.5257.1.+.q.q_block_index=1.t_block_index=1
1brefore, feature_id	pO83_CORR.indel.NC_017659.1.fake.1891.5257.1.+.q.q_block_index=1.t_block_index=1,	feature_shift_x	,start	1891	end	5257
2brefore, feature_id	pO83_CORR.indel.NC_017659.1.fake.1891.5257.1.+.q.q_block_index=1.t_block_index=1,	feature_shift_x	0,start	1891	end	5257	ratio	0.139285714285714
feature_id	pO83_CORR.indel.NC_017659.1.fake.1891.5257.1.+.q.q_block_index=1.t_block_index=1,	feature_shift_x	0,start	1890	end	5257	ratio	0.139285714285714
draw feature_id = NC_017659.1.indelGL000006
1brefore, feature_id	NC_017659.1.indelGL000006,	feature_shift_x	,start	1901	end	2050
2brefore, feature_id	NC_017659.1.indelGL000006,	feature_shift_x	0,start	1901	end	2050	ratio	0.139285714285714
feature_id	NC_017659.1.indelGL000006,	feature_shift_x	0,start	1900	end	2050	ratio	0.139285714285714
draw feature_id = NC_017659.1.indelGL000007
1brefore, feature_id	NC_017659.1.indelGL000007,	feature_shift_x	,start	2055	end	3218
2brefore, feature_id	NC_017659.1.indelGL000007,	feature_shift_x	0,start	2055	end	3218	ratio	0.139285714285714
feature_id	NC_017659.1.indelGL000007,	feature_shift_x	0,start	2054	end	3218	ratio	0.139285714285714
draw feature_id = NC_017659.1.indelGL000008
1brefore, feature_id	NC_017659.1.indelGL000008,	feature_shift_x	,start	3280	end	5334
2brefore, feature_id	NC_017659.1.indelGL000008,	feature_shift_x	0,start	3280	end	5334	ratio	0.139285714285714
feature_id	NC_017659.1.indelGL000008,	feature_shift_x	0,start	3279	end	5334	ratio	0.139285714285714
draw feature_id = pO83_CORR.indel.NC_017659.1.fake.5251.5460.1.+.q.q_block_index=1.t_block_index=1
1brefore, feature_id	pO83_CORR.indel.NC_017659.1.fake.5251.5460.1.+.q.q_block_index=1.t_block_index=1,	feature_shift_x	,start	5251	end	5460
2brefore, feature_id	pO83_CORR.indel.NC_017659.1.fake.5251.5460.1.+.q.q_block_index=1.t_block_index=1,	feature_shift_x	0,start	5251	end	5460	ratio	0.139285714285714
feature_id	pO83_CORR.indel.NC_017659.1.fake.5251.5460.1.+.q.q_block_index=1.t_block_index=1,	feature_shift_x	0,start	5250	end	5460	ratio	0.139285714285714
draw feature_id = pO83_CORR.indel.NC_017659.1.fake.5460.147060.1.+.q.q_block_index=1.t_block_index=1
1brefore, feature_id	pO83_CORR.indel.NC_017659.1.fake.5460.147060.1.+.q.q_block_index=1.t_block_index=1,	feature_shift_x	,start	5460	end	147060
2brefore, feature_id	pO83_CORR.indel.NC_017659.1.fake.5460.147060.1.+.q.q_block_index=1.t_block_index=1,	feature_shift_x	0,start	5460	end	147060	ratio	0.139285714285714
feature_id	pO83_CORR.indel.NC_017659.1.fake.5460.147060.1.+.q.q_block_index=1.t_block_index=1,	feature_shift_x	0,start	5459	end	147060	ratio	0.139285714285714
check_blocks_two_ends_cord pO83_CORR,NC_017659.1,1,7000 -> 1105,149
check_blocks_two_ends_cord pO83_CORR,NC_017659.1,1,1 -> 130,149
check_blocks_two_ends_cord pO83_CORR.indel,NC_017659.1.fake,1,7000 -> 1105,349
check_blocks_two_ends_cord pO83_CORR.indel,NC_017659.1.fake,1,1 -> 130,349




plot crosslink pair pO83_CORR.indel.NC_017659.1.fake.5251.5460.1.+.q.q_block_index=1.t_block_index=1,pO83_CORR.NC_017659.1.1891.2100.1.+.t.q_block_index=1.t_block_index=1, 1th -> 4
plot crosslink pair pO83_CORR.indel.NC_017659.1.fake.1891.5257.1.+.q.q_block_index=1.t_block_index=1,pO83_CORR.NC_017659.1.2101.5468.1.+.t.q_block_index=1.t_block_index=1, 2th -> 4
edge_coordinate_feature_out_of_list is 130,349:1105,349 -> 130,149:1105,149 ->1,1
plot crosslink pair pO83_CORR.indel.NC_017659.1.fake.5460.147060.1.+.q.q_block_index=1.t_block_index=1,pO83_CORR.NC_017659.1.5460.147060.1.+.t.q_block_index=1.t_block_index=1, 3th -> 4
plot crosslink pair pO83_CORR.indel.NC_017659.1.fake.1.1898.1.+.q.q_block_index=1.t_block_index=1,pO83_CORR.NC_017659.1.1.1898.1.+.t.q_block_index=1.t_block_index=1, 4th -> 4
scale_display is yes
disply scale
unit_scale is 236.785714285714=1700*0.139285714285714
ticks number is 4
cluster_width_ratio 0.75*1300 % 236.785714285714
order is -1
order is 1
order is 2
order is 2.25
order is 2.5
order is 2.75
order is 3

outfile is  ./out5.svg and ./out5.notitle.svg ./out5.html

if you want png or pdf format,you could use convert or cairosvg to convert svg to pdf or png:
	convert  -density 100 ./out5.svg ./out5.png
	convert -density 100 ./out5.svg ./out5.dpi100.pdf

/ClustersPloter/src/navigator
/ClustersPloter/src/svg-pan-zoom.js exists,
	so output ./out5.html, which you can zoom in/out or drag, thanks https://github.com/ariutta/svg-pan-zoom

