tracks_block_reverse -> pO83_CORR5,0;
display_segment_name -> yes,center,shift_y:+2,fontsize:6,color:black,order:5,rotate:0
display_segment_strand -> 5:5',3:3',color:black,fontsize:10
svg_width_height -> 1000,500
pdf_dpi -> 100
svg_background_color -> white
feature_keywords -> gene
feature_setting -> feature.color.label.7.conf
width_ratio_ref_cluster_legend -> 0.1-0.75-0.15
feature_shape -> arrow
feature_arrow_width_extent -> 30bp
feature_label_size -> 10
feature_label_color -> black
feature_shift_y -> 0
feature_shift_y_unit -> backbone
feature_shift_x -> 0
feature_height_ratio -> 8
feature_height_unit -> backbone
track_style -> fill:blue;opacity:0.2
feature_color -> rgb(50,205,50)
feature_border_size -> 0
feature_border_color -> black
genome_height_ratio -> 1
feature_arrow_sharp_extent -> 0
track_order -> 1
feature_order -> 2
feature_label_order -> 4
cross_link_order -> 0
display_feature -> yes
display_feature_label -> yes
pos_feature_label -> medium_up
label_text_anchor -> middle
y_margin_feature_label -> 0.9
label_rotate_angle -> 0
feature_label_auto_angle_flag -> 1
connect_with_same_scaffold -> no
connect_stroke_dasharray -> 2,5
connect_stroke_width -> 2
connect_stroke_color -> black
absolute_postion_in_title -> yes
distance_closed_feature -> 10
shift_angle_closed_feature -> 10
top_bottom_margin -> 0.2
space_between_blocks -> 500
default_legend -> other
sample_name_color_default -> black
sample_name_font_size_default -> 12
display_legend -> yes
legend_font_size -> 15
legend_height_ratio -> 0.7
legend_width_margin -> 0.15
legend_height_space -> 0.1
legend_width_textpercent -> 0.7
legend_stroke_color -> black
legend_stroke_width -> 0.5
cross_link_color -> #FF8C00
cross_link_opacity -> 1
cross_link_anchor_pos -> low_up
ignore_sharp_arrow -> no
cross_link_orientation_ellipse -> up
cross_link_shape -> quadrilateral
cross_link_height_ellipse -> 10,8
scale_display -> yes
scale_position -> low
scale_color -> green
scale_width -> 0.5
scale_ratio -> 1700
scale_padding_y -> 0.6
scale_tick_opacity -> 1
scale_tick_height -> 0.01
scale_order -> -1
scale_tick_padding_y -> 10
scale_tick_fontsize -> 6
svg_width is 1000, svg_height is svg_height
start read tracks.7.list.out7
parse pO83_CORR1 pO83_CORR1:NC_017659.1:1-7060 -> block_index 1

read gff, pO83_CORR1:NC_017659.1:1-7060 block_index 1 for NC_017659.1	RefSeq	gene	2313	3428	.	+	.	ID=gene4532;Dbxref=GeneID:12657366;Name=iroB;gbkey=Gene;gene=iroB;gene_biotype=protein_coding;locus_tag=NRG857_30008
read_list pO83_CORR1 end
parse pO83_CORR2 pO83_CORR2:NC_017659.1:7060-14060 -> block_index 1

read gff, pO83_CORR2:NC_017659.1:7060-14060 block_index 1 for NC_017659.1	RefSeq	gene	7331	8560	.	+	.	ID=gene4534;Dbxref=GeneID:12657368;Name=iroD;gbkey=Gene;gene=iroD;gene_biotype=protein_coding;locus_tag=NRG857_30012
read gff, pO83_CORR2:NC_017659.1:7060-14060 block_index 1 for NC_017659.1	RefSeq	gene	8645	9601	.	+	.	ID=gene4535;Dbxref=GeneID:12657369;Name=iroE;gbkey=Gene;gene=iroE;gene_biotype=protein_coding;locus_tag=NRG857_30013
read gff, pO83_CORR2:NC_017659.1:7060-14060 block_index 1 for NC_017659.1	RefSeq	gene	9646	11823	.	-	.	ID=gene4536;Dbxref=GeneID:12657370;Name=iroN;gbkey=Gene;gene=iroN;gene_biotype=protein_coding;locus_tag=NRG857_30015
read gff, pO83_CORR2:NC_017659.1:7060-14060 block_index 1 for NC_017659.1	RefSeq	gene	12121	12348	.	+	.	ID=gene4537;Dbxref=GeneID:12657371;Name=NRG857_30016;gbkey=Gene;gene_biotype=protein_coding;locus_tag=NRG857_30016
read gff, pO83_CORR2:NC_017659.1:7060-14060 block_index 1 for NC_017659.1	RefSeq	gene	12678	13514	.	-	.	ID=gene4538;Dbxref=GeneID:12657372;Name=NRG857_30017;gbkey=Gene;gene_biotype=protein_coding;locus_tag=NRG857_30017
read_list pO83_CORR2 end
parse pO83_CORR3 pO83_CORR3:NC_017659.1:14060-21000 -> block_index 1

read gff, pO83_CORR3:NC_017659.1:14060-21000 block_index 1 for NC_017659.1	RefSeq	gene	15017	15328	.	-	.	ID=gene4540;Dbxref=GeneID:12657374;Name=NRG857_30019;gbkey=Gene;gene_biotype=protein_coding;locus_tag=NRG857_30019
read gff, pO83_CORR3:NC_017659.1:14060-21000 block_index 1 for NC_017659.1	RefSeq	gene	15306	15542	.	-	.	ID=gene4541;Dbxref=GeneID:12657375;Name=NRG857_30020;gbkey=Gene;gene_biotype=protein_coding;locus_tag=NRG857_30020
read gff, pO83_CORR3:NC_017659.1:14060-21000 block_index 1 for NC_017659.1	RefSeq	gene	15682	15858	.	-	.	ID=gene4542;Dbxref=GeneID:12657376;Name=NRG857_30021;gbkey=Gene;gene_biotype=protein_coding;locus_tag=NRG857_30021
read gff, pO83_CORR3:NC_017659.1:14060-21000 block_index 1 for NC_017659.1	RefSeq	gene	16006	16287	.	-	.	ID=gene4543;Dbxref=GeneID:12657223;Name=NRG857_30022;gbkey=Gene;gene_biotype=protein_coding;locus_tag=NRG857_30022
read gff, pO83_CORR3:NC_017659.1:14060-21000 block_index 1 for NC_017659.1	RefSeq	gene	17416	18231	.	+	.	ID=gene4544;Dbxref=GeneID:12657224;Name=NRG857_30029;gbkey=Gene;gene_biotype=protein_coding;locus_tag=NRG857_30029
read gff, pO83_CORR3:NC_017659.1:14060-21000 block_index 1 for NC_017659.1	RefSeq	gene	18281	18634	.	-	.	ID=gene4545;Dbxref=GeneID:12657225;Name=NRG857_30030;gbkey=Gene;gene_biotype=protein_coding;locus_tag=NRG857_30030
read gff, pO83_CORR3:NC_017659.1:14060-21000 block_index 1 for NC_017659.1	RefSeq	gene	18812	19588	.	-	.	ID=gene4546;Dbxref=GeneID:12657226;Name=resD;gbkey=Gene;gene=resD;gene_biotype=protein_coding;locus_tag=NRG857_30031
read gff, pO83_CORR3:NC_017659.1:14060-21000 block_index 1 for NC_017659.1	RefSeq	gene	19600	20289	.	-	.	ID=gene4547;Dbxref=GeneID:12657227;Name=NRG857_30032;gbkey=Gene;gene_biotype=protein_coding;locus_tag=NRG857_30032
read gff, pO83_CORR3:NC_017659.1:14060-21000 block_index 1 for NC_017659.1	RefSeq	gene	20333	20683	.	-	.	ID=gene4548;Dbxref=GeneID:12657228;Name=NRG857_30034;gbkey=Gene;gene_biotype=protein_coding;locus_tag=NRG857_30034
read_list pO83_CORR3 end
parse pO83_CORR4 pO83_CORR4:NC_017659.1:21000-28000 -> block_index 1

read gff, pO83_CORR4:NC_017659.1:21000-28000 block_index 1 for NC_017659.1	RefSeq	gene	21224	22315	.	+	.	ID=gene4549;Dbxref=GeneID:12657229;Name=NRG857_30036;gbkey=Gene;gene_biotype=protein_coding;locus_tag=NRG857_30036
read gff, pO83_CORR4:NC_017659.1:21000-28000 block_index 1 for NC_017659.1	RefSeq	gene	22317	24542	.	+	.	ID=gene4550;Dbxref=GeneID:12657230;Name=pifA;gbkey=Gene;gene=pifA;gene_biotype=protein_coding;locus_tag=NRG857_30037
read gff, pO83_CORR4:NC_017659.1:21000-28000 block_index 1 for NC_017659.1	RefSeq	gene	24592	25491	.	-	.	ID=gene4551;Dbxref=GeneID:12657231;Name=NRG857_30038;gbkey=Gene;gene_biotype=protein_coding;locus_tag=NRG857_30038
read gff, pO83_CORR4:NC_017659.1:21000-28000 block_index 1 for NC_017659.1	RefSeq	gene	25481	25771	.	-	.	ID=gene4552;Dbxref=GeneID:12657232;Name=NRG857_30039;gbkey=Gene;gene_biotype=protein_coding;locus_tag=NRG857_30039
read gff, pO83_CORR4:NC_017659.1:21000-28000 block_index 1 for NC_017659.1	RefSeq	gene	26067	26297	.	+	.	ID=gene4553;Dbxref=GeneID:12657233;Name=vagC;gbkey=Gene;gene=vagC;gene_biotype=protein_coding;locus_tag=NRG857_30041
read gff, pO83_CORR4:NC_017659.1:21000-28000 block_index 1 for NC_017659.1	RefSeq	gene	26294	26710	.	+	.	ID=gene4554;Dbxref=GeneID:12657234;Name=NRG857_30042;gbkey=Gene;gene_biotype=protein_coding;locus_tag=NRG857_30042
read_list pO83_CORR4 end
parse pO83_CORR5 pO83_CORR5:NC_017659.1:28000-35000 -> block_index 1

read gff, pO83_CORR5:NC_017659.1:28000-35000 block_index 1 for NC_017659.1	RefSeq	gene	29364	29621	.	+	.	ID=gene4556;Dbxref=GeneID:12657236;Name=NRG857_30048;gbkey=Gene;gene_biotype=protein_coding;locus_tag=NRG857_30048
read gff, pO83_CORR5:NC_017659.1:28000-35000 block_index 1 for NC_017659.1	RefSeq	gene	29621	30211	.	+	.	ID=gene4557;Dbxref=GeneID:12657237;Name=NRG857_30050;gbkey=Gene;gene_biotype=protein_coding;locus_tag=NRG857_30050
read gff, pO83_CORR5:NC_017659.1:28000-35000 block_index 1 for NC_017659.1	RefSeq	gene	30474	32030	.	+	.	ID=gene4558;Dbxref=GeneID:12657238;Name=NRG857_30054;gbkey=Gene;gene_biotype=protein_coding;locus_tag=NRG857_30054
read gff, pO83_CORR5:NC_017659.1:28000-35000 block_index 1 for NC_017659.1	RefSeq	gene	32221	32838	.	+	.	ID=gene4559;Dbxref=GeneID:12657239;Name=NRG857_30056;gbkey=Gene;gene_biotype=protein_coding;locus_tag=NRG857_30056
read gff, pO83_CORR5:NC_017659.1:28000-35000 block_index 1 for NC_017659.1	RefSeq	gene	33131	34264	.	-	.	ID=gene4560;Dbxref=GeneID:12657240;Name=NRG857_30060;gbkey=Gene;gene_biotype=protein_coding;locus_tag=NRG857_30060
read gff, pO83_CORR5:NC_017659.1:28000-35000 block_index 1 for NC_017659.1	RefSeq	gene	34369	34692	.	+	.	ID=gene4561;Dbxref=GeneID:12657241;Name=NRG857_30061;gbkey=Gene;gene_biotype=protein_coding;locus_tag=NRG857_30061
read_list pO83_CORR5 end
end read tracks.7.list.out7
reverse pO83_CORR5 -> 1
lenged number is 3
fontsize is 15 before, height is 0
using /hwfssz4/BC_COM_P0/F18FTSECKF1389/ASPjisD/ClustersPloter/src/Times_New_Roman.ttf
fontsize is 15 after, height is 15
add legend list is tracks.7.list.out7.out7.legend.list
add legend feature_setting is feature.color.label.7.conf.legend.setting.conf
lenged end
start read tracks.7.list.out7.out7.legend.list again, legend_number=3
parse pO83_CORR1 pO83_CORR1:NC_017659.1:1-7060 -> block_index 1

read gff, pO83_CORR1:NC_017659.1:1-7060 block_index 1 for NC_017659.1	RefSeq	gene	2313	3428	.	+	.	ID=gene4532;Dbxref=GeneID:12657366;Name=iroB;gbkey=Gene;gene=iroB;gene_biotype=protein_coding;locus_tag=NRG857_30008
read gff, pO83_CORR1:NC_017659.1:1-7060 block_index 1 for NC_017659.1	add	legend	1	282.4	.	+	.	ID=gene4538.blue.ellipse.1;
read gff, pO83_CORR1:NC_017659.1:1-7060 block_index 1 for NC_017659.1	add	legend	1	141.2	.	+	.	ID=gene4537.yellow.circle_point.1;
read gff, pO83_CORR1:NC_017659.1:1-7060 block_index 1 for NC_017659.1	add	legend	1	282.4	.	+	.	ID=gene4532.black.arrow.1;
read_list pO83_CORR1 end
parse pO83_CORR2 pO83_CORR2:NC_017659.1:7060-14060 -> block_index 1

read gff, pO83_CORR2:NC_017659.1:7060-14060 block_index 1 for NC_017659.1	RefSeq	gene	7331	8560	.	+	.	ID=gene4534;Dbxref=GeneID:12657368;Name=iroD;gbkey=Gene;gene=iroD;gene_biotype=protein_coding;locus_tag=NRG857_30012
read gff, pO83_CORR2:NC_017659.1:7060-14060 block_index 1 for NC_017659.1	RefSeq	gene	8645	9601	.	+	.	ID=gene4535;Dbxref=GeneID:12657369;Name=iroE;gbkey=Gene;gene=iroE;gene_biotype=protein_coding;locus_tag=NRG857_30013
read gff, pO83_CORR2:NC_017659.1:7060-14060 block_index 1 for NC_017659.1	RefSeq	gene	9646	11823	.	-	.	ID=gene4536;Dbxref=GeneID:12657370;Name=iroN;gbkey=Gene;gene=iroN;gene_biotype=protein_coding;locus_tag=NRG857_30015
read gff, pO83_CORR2:NC_017659.1:7060-14060 block_index 1 for NC_017659.1	RefSeq	gene	12121	12348	.	+	.	ID=gene4537;Dbxref=GeneID:12657371;Name=NRG857_30016;gbkey=Gene;gene_biotype=protein_coding;locus_tag=NRG857_30016
read gff, pO83_CORR2:NC_017659.1:7060-14060 block_index 1 for NC_017659.1	RefSeq	gene	12678	13514	.	-	.	ID=gene4538;Dbxref=GeneID:12657372;Name=NRG857_30017;gbkey=Gene;gene_biotype=protein_coding;locus_tag=NRG857_30017
read_list pO83_CORR2 end
parse pO83_CORR3 pO83_CORR3:NC_017659.1:14060-21000 -> block_index 1

read gff, pO83_CORR3:NC_017659.1:14060-21000 block_index 1 for NC_017659.1	RefSeq	gene	15017	15328	.	-	.	ID=gene4540;Dbxref=GeneID:12657374;Name=NRG857_30019;gbkey=Gene;gene_biotype=protein_coding;locus_tag=NRG857_30019
read gff, pO83_CORR3:NC_017659.1:14060-21000 block_index 1 for NC_017659.1	RefSeq	gene	15306	15542	.	-	.	ID=gene4541;Dbxref=GeneID:12657375;Name=NRG857_30020;gbkey=Gene;gene_biotype=protein_coding;locus_tag=NRG857_30020
read gff, pO83_CORR3:NC_017659.1:14060-21000 block_index 1 for NC_017659.1	RefSeq	gene	15682	15858	.	-	.	ID=gene4542;Dbxref=GeneID:12657376;Name=NRG857_30021;gbkey=Gene;gene_biotype=protein_coding;locus_tag=NRG857_30021
read gff, pO83_CORR3:NC_017659.1:14060-21000 block_index 1 for NC_017659.1	RefSeq	gene	16006	16287	.	-	.	ID=gene4543;Dbxref=GeneID:12657223;Name=NRG857_30022;gbkey=Gene;gene_biotype=protein_coding;locus_tag=NRG857_30022
read gff, pO83_CORR3:NC_017659.1:14060-21000 block_index 1 for NC_017659.1	RefSeq	gene	17416	18231	.	+	.	ID=gene4544;Dbxref=GeneID:12657224;Name=NRG857_30029;gbkey=Gene;gene_biotype=protein_coding;locus_tag=NRG857_30029
read gff, pO83_CORR3:NC_017659.1:14060-21000 block_index 1 for NC_017659.1	RefSeq	gene	18281	18634	.	-	.	ID=gene4545;Dbxref=GeneID:12657225;Name=NRG857_30030;gbkey=Gene;gene_biotype=protein_coding;locus_tag=NRG857_30030
read gff, pO83_CORR3:NC_017659.1:14060-21000 block_index 1 for NC_017659.1	RefSeq	gene	18812	19588	.	-	.	ID=gene4546;Dbxref=GeneID:12657226;Name=resD;gbkey=Gene;gene=resD;gene_biotype=protein_coding;locus_tag=NRG857_30031
read gff, pO83_CORR3:NC_017659.1:14060-21000 block_index 1 for NC_017659.1	RefSeq	gene	19600	20289	.	-	.	ID=gene4547;Dbxref=GeneID:12657227;Name=NRG857_30032;gbkey=Gene;gene_biotype=protein_coding;locus_tag=NRG857_30032
read gff, pO83_CORR3:NC_017659.1:14060-21000 block_index 1 for NC_017659.1	RefSeq	gene	20333	20683	.	-	.	ID=gene4548;Dbxref=GeneID:12657228;Name=NRG857_30034;gbkey=Gene;gene_biotype=protein_coding;locus_tag=NRG857_30034
read_list pO83_CORR3 end
parse pO83_CORR4 pO83_CORR4:NC_017659.1:21000-28000 -> block_index 1

read gff, pO83_CORR4:NC_017659.1:21000-28000 block_index 1 for NC_017659.1	RefSeq	gene	21224	22315	.	+	.	ID=gene4549;Dbxref=GeneID:12657229;Name=NRG857_30036;gbkey=Gene;gene_biotype=protein_coding;locus_tag=NRG857_30036
read gff, pO83_CORR4:NC_017659.1:21000-28000 block_index 1 for NC_017659.1	RefSeq	gene	22317	24542	.	+	.	ID=gene4550;Dbxref=GeneID:12657230;Name=pifA;gbkey=Gene;gene=pifA;gene_biotype=protein_coding;locus_tag=NRG857_30037
read gff, pO83_CORR4:NC_017659.1:21000-28000 block_index 1 for NC_017659.1	RefSeq	gene	24592	25491	.	-	.	ID=gene4551;Dbxref=GeneID:12657231;Name=NRG857_30038;gbkey=Gene;gene_biotype=protein_coding;locus_tag=NRG857_30038
read gff, pO83_CORR4:NC_017659.1:21000-28000 block_index 1 for NC_017659.1	RefSeq	gene	25481	25771	.	-	.	ID=gene4552;Dbxref=GeneID:12657232;Name=NRG857_30039;gbkey=Gene;gene_biotype=protein_coding;locus_tag=NRG857_30039
read gff, pO83_CORR4:NC_017659.1:21000-28000 block_index 1 for NC_017659.1	RefSeq	gene	26067	26297	.	+	.	ID=gene4553;Dbxref=GeneID:12657233;Name=vagC;gbkey=Gene;gene=vagC;gene_biotype=protein_coding;locus_tag=NRG857_30041
read gff, pO83_CORR4:NC_017659.1:21000-28000 block_index 1 for NC_017659.1	RefSeq	gene	26294	26710	.	+	.	ID=gene4554;Dbxref=GeneID:12657234;Name=NRG857_30042;gbkey=Gene;gene_biotype=protein_coding;locus_tag=NRG857_30042
read_list pO83_CORR4 end
parse pO83_CORR5 pO83_CORR5:NC_017659.1:28000-35000 -> block_index 1

read gff, pO83_CORR5:NC_017659.1:28000-35000 block_index 1 for NC_017659.1	RefSeq	gene	29364	29621	.	+	.	ID=gene4556;Dbxref=GeneID:12657236;Name=NRG857_30048;gbkey=Gene;gene_biotype=protein_coding;locus_tag=NRG857_30048
read gff, pO83_CORR5:NC_017659.1:28000-35000 block_index 1 for NC_017659.1	RefSeq	gene	29621	30211	.	+	.	ID=gene4557;Dbxref=GeneID:12657237;Name=NRG857_30050;gbkey=Gene;gene_biotype=protein_coding;locus_tag=NRG857_30050
read gff, pO83_CORR5:NC_017659.1:28000-35000 block_index 1 for NC_017659.1	RefSeq	gene	30474	32030	.	+	.	ID=gene4558;Dbxref=GeneID:12657238;Name=NRG857_30054;gbkey=Gene;gene_biotype=protein_coding;locus_tag=NRG857_30054
read gff, pO83_CORR5:NC_017659.1:28000-35000 block_index 1 for NC_017659.1	RefSeq	gene	32221	32838	.	+	.	ID=gene4559;Dbxref=GeneID:12657239;Name=NRG857_30056;gbkey=Gene;gene_biotype=protein_coding;locus_tag=NRG857_30056
read gff, pO83_CORR5:NC_017659.1:28000-35000 block_index 1 for NC_017659.1	RefSeq	gene	33131	34264	.	-	.	ID=gene4560;Dbxref=GeneID:12657240;Name=NRG857_30060;gbkey=Gene;gene_biotype=protein_coding;locus_tag=NRG857_30060
read gff, pO83_CORR5:NC_017659.1:28000-35000 block_index 1 for NC_017659.1	RefSeq	gene	34369	34692	.	+	.	ID=gene4561;Dbxref=GeneID:12657241;Name=NRG857_30061;gbkey=Gene;gene_biotype=protein_coding;locus_tag=NRG857_30061
read_list pO83_CORR5 end
draw sample name pO83_CORR1
fontsize is 6 before, height is 0
using /hwfssz4/BC_COM_P0/F18FTSECKF1389/ASPjisD/ClustersPloter/src/Times_New_Roman.ttf
fontsize is 6 after, height is 6.5
draw feature_id = gene4532.black.arrow.1
draw feature_id = gene4537.yellow.circle_point.1
draw feature_id = gene4538.blue.ellipse.1
draw feature_id = gene4532
draw sample name pO83_CORR2
fontsize is 6 before, height is 0
using /hwfssz4/BC_COM_P0/F18FTSECKF1389/ASPjisD/ClustersPloter/src/Times_New_Roman.ttf
fontsize is 6 after, height is 6.5
draw feature_id = gene4534
draw feature_id = gene4535
draw feature_id = gene4536
draw feature_id = gene4537
draw feature_id = gene4538
draw sample name pO83_CORR3
fontsize is 6 before, height is 0
using /hwfssz4/BC_COM_P0/F18FTSECKF1389/ASPjisD/ClustersPloter/src/Times_New_Roman.ttf
fontsize is 6 after, height is 6.5
draw feature_id = gene4540
draw feature_id = gene4541
draw feature_id = gene4542
draw feature_id = gene4543
draw feature_id = gene4544
draw feature_id = gene4545
draw feature_id = gene4546
draw feature_id = gene4547
draw feature_id = gene4548
draw sample name pO83_CORR4
fontsize is 6 before, height is 0
using /hwfssz4/BC_COM_P0/F18FTSECKF1389/ASPjisD/ClustersPloter/src/Times_New_Roman.ttf
fontsize is 6 after, height is 6.5
draw feature_id = gene4549
draw feature_id = gene4550
draw feature_id = gene4551
draw feature_id = gene4552
draw feature_id = gene4553
draw feature_id = gene4554
draw sample name pO83_CORR5
fontsize is 6 before, height is 0
using /hwfssz4/BC_COM_P0/F18FTSECKF1389/ASPjisD/ClustersPloter/src/Times_New_Roman.ttf
fontsize is 6 after, height is 7
draw feature_id = gene4556

feature is 1, 1365, 1622, 1, 7001, 1, 0, feature
draw feature_id = gene4557

feature is 1, 1622, 2212, 1, 7001, 1, 0, feature
draw feature_id = gene4558

feature is 1, 2475, 4031, 1, 7001, 1, 0, feature
draw feature_id = gene4559

feature is 1, 4222, 4839, 1, 7001, 1, 0, feature
draw feature_id = gene4560

feature is 1, 5132, 6265, 1, 7001, 0, 0, feature
draw feature_id = gene4561

feature is 1, 6370, 6693, 1, 7001, 1, 0, feature
check_blocks_two_ends_cord pO83_CORR5,NC_017659.1,1,35000 -> 843.732294617564,409.6
check_blocks_two_ends_cord pO83_CORR5,NC_017659.1,1,28000 -> 100,409.6
check_blocks_two_ends_cord pO83_CORR2,NC_017659.1,1,14060 -> 843.732294617564,169.6
check_blocks_two_ends_cord pO83_CORR2,NC_017659.1,1,7060 -> 100,169.6
check_blocks_two_ends_cord pO83_CORR4,NC_017659.1,1,21000 -> 100,329.6
check_blocks_two_ends_cord pO83_CORR4,NC_017659.1,1,28000 -> 843.732294617564,329.6
check_blocks_two_ends_cord pO83_CORR3,NC_017659.1,1,21000 -> 837.35835694051,249.6
check_blocks_two_ends_cord pO83_CORR3,NC_017659.1,1,14060 -> 100,249.6
check_blocks_two_ends_cord pO83_CORR1,NC_017659.1,1,1 -> 100,89.6
check_blocks_two_ends_cord pO83_CORR1,NC_017659.1,1,7060 -> 850,89.6




scale_display is yes
disply scale
unit_scale is 180.594900849858=1700*0.106232294617564
ticks number is 4
cluster_width_ratio 0.75*1000 % 180.594900849858
order is -1
order is 1
order is 2
order is 4
order is 5

outfile is  ./out7.svg and ./out7.notitle.svg ./out7.html

if you want png or pdf format,you could use convert or cairosvg to convert svg to pdf or png:
	convert  -density 100 ./out7.svg ./out7.png
	convert -density 100 ./out7.svg ./out7.dpi100.pdf

/hwfssz4/BC_COM_P0/F18FTSECKF1389/ASPjisD/ClustersPloter/src/navigator
/hwfssz4/BC_COM_P0/F18FTSECKF1389/ASPjisD/ClustersPloter/src/svg-pan-zoom.js exists,
	so output ./out7.html, which you can zoom in/out or drag, thanks https://github.com/ariutta/svg-pan-zoom

