find package FindBin
find package JSON
synteny -> order->0->1,query->pO83_CORR.indel.blast:target->pO83_CORR,../data/NC_017659.1.indel.fa.to.NC_017659.1.fa.blast.m6,blast_m8,quadrilateral,forward->orange->opacity0.5,reverse->blue->opacity0.7,cross_link_shift_y->+3:-3,sort->1
synteny -> order->0->1,query->pO83_CORR.indel.blast:target->pO83_CORR.twin.minimap,../data/NC_017659.1.indel.fa.to.NC_017659.1.fa.paf.gz,paf,quadrilateral,forward->orange->opacity0.5,reverse->blue->opacity0.7,cross_link_shift_y->+3:-3,sort->1
feature_id_is_unique -> no
display_segment_name -> yes,center,shift_y:+2,fontsize:6,color:black,order:5,rotate:0
display_segment_strand -> 5:5",3:3",color:black,fontsize:10
svg_width_height -> 1300,500
pdf_dpi -> 100
svg_background_color -> white
feature_keywords -> xx
feature_setting -> feature.color.label.6.conf
width_ratio_ref_cluster_legend -> 0.1-0.75-0.15
feature_shape -> arrow
feature_arrow_width_extent -> 30bp
feature_label_size -> 10
feature_label_color -> black
feature_shift_y -> 0
feature_shift_y_unit -> backbone
feature_shift_x -> 0
feature_height_ratio -> 3
feature_height_unit -> backbone
track_style -> fill:blue;opacity:0.2
feature_color -> rgb(50,205,50)
feature_border_size -> 0
feature_border_color -> black
genome_height_ratio -> 1
feature_arrow_sharp_extent -> 0
track_order -> 1
feature_order -> 2
feature_label_order -> 4
cross_link_order -> 0
display_feature -> yes
display_feature_label -> no
pos_feature_label -> right_low
y_margin_feature_label -> 0.01
label_rotate_angle -> 0
feature_label_auto_angle_flag -> 1
connect_with_same_scaffold -> no
connect_stroke_dasharray -> 2,5
connect_stroke_width -> 2
connect_stroke_color -> black
absolute_postion_in_title -> yes
distance_closed_feature -> 1
shift_angle_closed_feature -> 10
top_bottom_margin -> 0.2
space_between_blocks -> 500
default_legend -> other
sample_name_color_default -> black
sample_name_font_size_default -> 15
display_legend -> yes
legend_font_size -> 20
legend_height_ratio -> 0.7
legend_width_margin -> 0.15
legend_height_space -> 0.1
legend_width_textpercent -> 0.7
legend_stroke_color -> black
legend_stroke_width -> 0.5
cross_link_color -> #FF8C00
cross_link_opacity -> 1
cross_link_anchor_pos -> low_up
ignore_sharp_arrow -> no
cross_link_orientation_ellipse -> up
cross_link_shape -> quadrilateral
cross_link_height_ellipse -> 10,8
scale_display -> yes
scale_position -> low
scale_color -> green
scale_width -> 0.5
scale_ratio -> 1700
scale_padding_y -> 0.6
scale_tick_opacity -> 1
scale_tick_height -> 0.01
scale_order -> -1
scale_tick_padding_y -> 10
scale_tick_fontsize -> 6
parse pO83_CORR pO83_CORR:NC_017659.1:1-147060 -> block_index 1

read_list pO83_CORR end
parse pO83_CORR.indel.blast pO83_CORR.indel.blast:NC_017659.1.fake:1-147060 -> block_index 1

read_list pO83_CORR.indel.blast end
parse pO83_CORR.twin.minimap pO83_CORR.twin.minimap:NC_017659.1:1-147060 -> block_index 1

read_list pO83_CORR.twin.minimap end
hist_scatter_line not
reads_mapping not
synteny start
1 is order->0->1,query->pO83_CORR.indel.blast:target->pO83_CORR,../data/NC_017659.1.indel.fa.to.NC_017659.1.fa.blast.m6,blast_m8,quadrilateral,forward->orange->opacity0.5,reverse->blue->opacity0.7,cross_link_shift_y->+3:-3,sort->1

start read ../data/NC_017659.1.indel.fa.to.NC_017659.1.fa.blast.m6
../data/NC_017659.1.indel.fa.to.NC_017659.1.fa.blast.m6 is plain file
end read ../data/NC_017659.1.indel.fa.to.NC_017659.1.fa.blast.m6, paris num is45

output out8.pO83_CORR.indel.blast.pO83_CORR.indel.blast.to.pO83_CORR.blast_m8.quadrilateral.1.synteny.gff

output out8.pO83_CORR.indel.blast.pO83_CORR.indel.blast.to.pO83_CORR.blast_m8.quadrilateral.1.synteny.setting.conf

no out8.pO83_CORR.indel.blast.pO83_CORR.indel.blast.to.pO83_CORR.blast_m8.quadrilateral.1.synteny.crosslink.conf for pO83_CORR.indel.blast

output pO83_CORR.pO83_CORR.indel.blast.to.pO83_CORR.blast_m8.quadrilateral.1.synteny.gff

output pO83_CORR.pO83_CORR.indel.blast.to.pO83_CORR.blast_m8.quadrilateral.1.synteny.setting.conf

no pO83_CORR.pO83_CORR.indel.blast.to.pO83_CORR.blast_m8.quadrilateral.1.synteny.crosslink.conf for pO83_CORR

no pO83_CORR.indel.blast.to.pO83_CORR.blast_m8.quadrilateral.1.synteny.gff for pO83_CORR.indel.blast.to.pO83_CORR

no pO83_CORR.indel.blast.to.pO83_CORR.blast_m8.quadrilateral.1.synteny.setting.conf for pO83_CORR.indel.blast.to.pO83_CORR

output pO83_CORR.indel.blast.to.pO83_CORR.blast_m8.quadrilateral.1.synteny.crosslink.conf
2 is order->0->1,query->pO83_CORR.indel.blast:target->pO83_CORR.twin.minimap,../data/NC_017659.1.indel.fa.to.NC_017659.1.fa.paf.gz,paf,quadrilateral,forward->orange->opacity0.5,reverse->blue->opacity0.7,cross_link_shift_y->+3:-3,sort->1

start read ../data/NC_017659.1.indel.fa.to.NC_017659.1.fa.paf.gz
../data/NC_017659.1.indel.fa.to.NC_017659.1.fa.paf.gz is gz file
end read ../data/NC_017659.1.indel.fa.to.NC_017659.1.fa.paf.gz, paris num is1

output out8.pO83_CORR.indel.blast.pO83_CORR.indel.blast.to.pO83_CORR.twin.minimap.paf.quadrilateral.2.synteny.gff

output out8.pO83_CORR.indel.blast.pO83_CORR.indel.blast.to.pO83_CORR.twin.minimap.paf.quadrilateral.2.synteny.setting.conf

no out8.pO83_CORR.indel.blast.pO83_CORR.indel.blast.to.pO83_CORR.twin.minimap.paf.quadrilateral.2.synteny.crosslink.conf for pO83_CORR.indel.blast

output pO83_CORR.twin.minimap.pO83_CORR.indel.blast.to.pO83_CORR.twin.minimap.paf.quadrilateral.2.synteny.gff

output pO83_CORR.twin.minimap.pO83_CORR.indel.blast.to.pO83_CORR.twin.minimap.paf.quadrilateral.2.synteny.setting.conf

no pO83_CORR.twin.minimap.pO83_CORR.indel.blast.to.pO83_CORR.twin.minimap.paf.quadrilateral.2.synteny.crosslink.conf for pO83_CORR.twin.minimap

no pO83_CORR.indel.blast.to.pO83_CORR.twin.minimap.paf.quadrilateral.2.synteny.gff for pO83_CORR.indel.blast.to.pO83_CORR.twin.minimap

no pO83_CORR.indel.blast.to.pO83_CORR.twin.minimap.paf.quadrilateral.2.synteny.setting.conf for pO83_CORR.indel.blast.to.pO83_CORR.twin.minimap

output pO83_CORR.indel.blast.to.pO83_CORR.twin.minimap.paf.quadrilateral.2.synteny.crosslink.conf
func_name is synteny
echo "
set -vex;cat pO83_CORR.indel.blast.to.pO83_CORR.blast_m8.quadrilateral.1.synteny.crosslink.conf >out8.pO83_CORR.indel.blast.to.pO83_CORR.out8.synteny.crosslink;rm pO83_CORR.indel.blast.to.pO83_CORR.blast_m8.quadrilateral.1.synteny.crosslink.conf;echo output out8.pO83_CORR.indel.blast.to.pO83_CORR.out8.synteny.crosslink
" >> out8.cat.log;set -vex;cat pO83_CORR.indel.blast.to.pO83_CORR.blast_m8.quadrilateral.1.synteny.crosslink.conf >out8.pO83_CORR.indel.blast.to.pO83_CORR.out8.synteny.crosslink;rm pO83_CORR.indel.blast.to.pO83_CORR.blast_m8.quadrilateral.1.synteny.crosslink.conf;echo output out8.pO83_CORR.indel.blast.to.pO83_CORR.out8.synteny.crosslink done
echo "
set -vex;cat pO83_CORR.pO83_CORR.indel.blast.to.pO83_CORR.blast_m8.quadrilateral.1.synteny.gff >out8.pO83_CORR.out8.synteny.gff;rm pO83_CORR.pO83_CORR.indel.blast.to.pO83_CORR.blast_m8.quadrilateral.1.synteny.gff;echo output out8.pO83_CORR.out8.synteny.gff
" >> out8.cat.log;set -vex;cat pO83_CORR.pO83_CORR.indel.blast.to.pO83_CORR.blast_m8.quadrilateral.1.synteny.gff >out8.pO83_CORR.out8.synteny.gff;rm pO83_CORR.pO83_CORR.indel.blast.to.pO83_CORR.blast_m8.quadrilateral.1.synteny.gff;echo output out8.pO83_CORR.out8.synteny.gff done
echo "
set -vex;cat pO83_CORR.pO83_CORR.indel.blast.to.pO83_CORR.blast_m8.quadrilateral.1.synteny.setting.conf > out8.pO83_CORR.out8.synteny.setting.conf;rm pO83_CORR.pO83_CORR.indel.blast.to.pO83_CORR.blast_m8.quadrilateral.1.synteny.setting.conf;echo output out8.pO83_CORR.out8.synteny.setting.conf
" >> out8.cat.log;set -vex;cat pO83_CORR.pO83_CORR.indel.blast.to.pO83_CORR.blast_m8.quadrilateral.1.synteny.setting.conf > out8.pO83_CORR.out8.synteny.setting.conf;rm pO83_CORR.pO83_CORR.indel.blast.to.pO83_CORR.blast_m8.quadrilateral.1.synteny.setting.conf;echo output out8.pO83_CORR.out8.synteny.setting.conf done
echo "
set -vex;cat out8.pO83_CORR.indel.blast.pO83_CORR.indel.blast.to.pO83_CORR.blast_m8.quadrilateral.1.synteny.gff out8.pO83_CORR.indel.blast.pO83_CORR.indel.blast.to.pO83_CORR.twin.minimap.paf.quadrilateral.2.synteny.gff >out8.pO83_CORR.indel.blast.out8.synteny.gff;rm out8.pO83_CORR.indel.blast.pO83_CORR.indel.blast.to.pO83_CORR.blast_m8.quadrilateral.1.synteny.gff out8.pO83_CORR.indel.blast.pO83_CORR.indel.blast.to.pO83_CORR.twin.minimap.paf.quadrilateral.2.synteny.gff;echo output out8.pO83_CORR.indel.blast.out8.synteny.gff
" >> out8.cat.log;set -vex;cat out8.pO83_CORR.indel.blast.pO83_CORR.indel.blast.to.pO83_CORR.blast_m8.quadrilateral.1.synteny.gff out8.pO83_CORR.indel.blast.pO83_CORR.indel.blast.to.pO83_CORR.twin.minimap.paf.quadrilateral.2.synteny.gff >out8.pO83_CORR.indel.blast.out8.synteny.gff;rm out8.pO83_CORR.indel.blast.pO83_CORR.indel.blast.to.pO83_CORR.blast_m8.quadrilateral.1.synteny.gff out8.pO83_CORR.indel.blast.pO83_CORR.indel.blast.to.pO83_CORR.twin.minimap.paf.quadrilateral.2.synteny.gff;echo output out8.pO83_CORR.indel.blast.out8.synteny.gff done
echo "
set -vex;cat out8.pO83_CORR.indel.blast.pO83_CORR.indel.blast.to.pO83_CORR.blast_m8.quadrilateral.1.synteny.setting.conf out8.pO83_CORR.indel.blast.pO83_CORR.indel.blast.to.pO83_CORR.twin.minimap.paf.quadrilateral.2.synteny.setting.conf > out8.pO83_CORR.indel.blast.out8.synteny.setting.conf;rm out8.pO83_CORR.indel.blast.pO83_CORR.indel.blast.to.pO83_CORR.blast_m8.quadrilateral.1.synteny.setting.conf out8.pO83_CORR.indel.blast.pO83_CORR.indel.blast.to.pO83_CORR.twin.minimap.paf.quadrilateral.2.synteny.setting.conf;echo output out8.pO83_CORR.indel.blast.out8.synteny.setting.conf
" >> out8.cat.log;set -vex;cat out8.pO83_CORR.indel.blast.pO83_CORR.indel.blast.to.pO83_CORR.blast_m8.quadrilateral.1.synteny.setting.conf out8.pO83_CORR.indel.blast.pO83_CORR.indel.blast.to.pO83_CORR.twin.minimap.paf.quadrilateral.2.synteny.setting.conf > out8.pO83_CORR.indel.blast.out8.synteny.setting.conf;rm out8.pO83_CORR.indel.blast.pO83_CORR.indel.blast.to.pO83_CORR.blast_m8.quadrilateral.1.synteny.setting.conf out8.pO83_CORR.indel.blast.pO83_CORR.indel.blast.to.pO83_CORR.twin.minimap.paf.quadrilateral.2.synteny.setting.conf;echo output out8.pO83_CORR.indel.blast.out8.synteny.setting.conf done
echo "
set -vex;cat pO83_CORR.twin.minimap.pO83_CORR.indel.blast.to.pO83_CORR.twin.minimap.paf.quadrilateral.2.synteny.gff >out8.pO83_CORR.twin.minimap.out8.synteny.gff;rm pO83_CORR.twin.minimap.pO83_CORR.indel.blast.to.pO83_CORR.twin.minimap.paf.quadrilateral.2.synteny.gff;echo output out8.pO83_CORR.twin.minimap.out8.synteny.gff
" >> out8.cat.log;set -vex;cat pO83_CORR.twin.minimap.pO83_CORR.indel.blast.to.pO83_CORR.twin.minimap.paf.quadrilateral.2.synteny.gff >out8.pO83_CORR.twin.minimap.out8.synteny.gff;rm pO83_CORR.twin.minimap.pO83_CORR.indel.blast.to.pO83_CORR.twin.minimap.paf.quadrilateral.2.synteny.gff;echo output out8.pO83_CORR.twin.minimap.out8.synteny.gff done
echo "
set -vex;cat pO83_CORR.twin.minimap.pO83_CORR.indel.blast.to.pO83_CORR.twin.minimap.paf.quadrilateral.2.synteny.setting.conf > out8.pO83_CORR.twin.minimap.out8.synteny.setting.conf;rm pO83_CORR.twin.minimap.pO83_CORR.indel.blast.to.pO83_CORR.twin.minimap.paf.quadrilateral.2.synteny.setting.conf;echo output out8.pO83_CORR.twin.minimap.out8.synteny.setting.conf
" >> out8.cat.log;set -vex;cat pO83_CORR.twin.minimap.pO83_CORR.indel.blast.to.pO83_CORR.twin.minimap.paf.quadrilateral.2.synteny.setting.conf > out8.pO83_CORR.twin.minimap.out8.synteny.setting.conf;rm pO83_CORR.twin.minimap.pO83_CORR.indel.blast.to.pO83_CORR.twin.minimap.paf.quadrilateral.2.synteny.setting.conf;echo output out8.pO83_CORR.twin.minimap.out8.synteny.setting.conf done
echo "
set -vex;cat pO83_CORR.indel.blast.to.pO83_CORR.twin.minimap.paf.quadrilateral.2.synteny.crosslink.conf >out8.pO83_CORR.indel.blast.to.pO83_CORR.twin.minimap.out8.synteny.crosslink;rm pO83_CORR.indel.blast.to.pO83_CORR.twin.minimap.paf.quadrilateral.2.synteny.crosslink.conf;echo output out8.pO83_CORR.indel.blast.to.pO83_CORR.twin.minimap.out8.synteny.crosslink
" >> out8.cat.log;set -vex;cat pO83_CORR.indel.blast.to.pO83_CORR.twin.minimap.paf.quadrilateral.2.synteny.crosslink.conf >out8.pO83_CORR.indel.blast.to.pO83_CORR.twin.minimap.out8.synteny.crosslink;rm pO83_CORR.indel.blast.to.pO83_CORR.twin.minimap.paf.quadrilateral.2.synteny.crosslink.conf;echo output out8.pO83_CORR.indel.blast.to.pO83_CORR.twin.minimap.out8.synteny.crosslink done
out8.synteny end
echo "
set -vex;cat out8.pO83_CORR.indel.blast.to.pO83_CORR.out8.synteny.crosslink out8.pO83_CORR.indel.blast.to.pO83_CORR.twin.minimap.out8.synteny.crosslink >out8.synteny.crosslink
" >> out8.cat.log;set -vex;cat out8.pO83_CORR.indel.blast.to.pO83_CORR.out8.synteny.crosslink out8.pO83_CORR.indel.blast.to.pO83_CORR.twin.minimap.out8.synteny.crosslink >out8.synteny.crosslink done
echo "
set -vex;cat out8.pO83_CORR.out8.synteny.setting.conf out8.pO83_CORR.indel.blast.out8.synteny.setting.conf out8.pO83_CORR.twin.minimap.out8.synteny.setting.conf >out8.synteny.setting.conf
" >> out8.cat.log;set -vex;cat out8.pO83_CORR.out8.synteny.setting.conf out8.pO83_CORR.indel.blast.out8.synteny.setting.conf out8.pO83_CORR.twin.minimap.out8.synteny.setting.conf >out8.synteny.setting.conf done
add out8.synteny.setting.conf to feature_setting 
echo "
set -vex;cat feature.color.label.6.conf out8.synteny.setting.conf  >feature.color.label.6.conf.out8
" >> out8.cat.log;set -vex;cat feature.color.label.6.conf out8.synteny.setting.conf  >feature.color.label.6.conf.out8 done
add out8.synteny.crosslink to crossing_link 
echo "
set -vex;cat out8.synteny.crosslink >feature.crossing.link.out8
" >> out8.cat.log;set -vex;cat out8.synteny.crosslink >feature.crossing.link.out8 done
echo "
set -vex;cat out8.pO83_CORR.out8.synteny.gff out8.pO83_CORR.indel.blast.out8.synteny.gff out8.pO83_CORR.twin.minimap.out8.synteny.gff|awk -F "	" '{print $3}'|sort -u
" >> out8.cat.log;set -vex;cat out8.pO83_CORR.out8.synteny.gff out8.pO83_CORR.indel.blast.out8.synteny.gff out8.pO83_CORR.twin.minimap.out8.synteny.gff|awk -F "	" '{print $3}'|sort -u done
echo "
set -vex;sed  -r 's/^(pO83_CORR\s.*\.gff)\s/\1,out8.pO83_CORR.out8.synteny.gff\t/' tracks.8.list >tracks.8.list.out8;cp tracks.8.list.out8 tracks.8.list.out8.tmp
" >> out8.cat.log;set -vex;sed  -r 's/^(pO83_CORR\s.*\.gff)\s/\1,out8.pO83_CORR.out8.synteny.gff\t/' tracks.8.list >tracks.8.list.out8;cp tracks.8.list.out8 tracks.8.list.out8.tmp done
echo "
set -vex;sed  -r 's/^(pO83_CORR.indel.blast\s.*\.gff)\s/\1,out8.pO83_CORR.indel.blast.out8.synteny.gff\t/' tracks.8.list.out8.tmp >tracks.8.list.out8;cp tracks.8.list.out8 tracks.8.list.out8.tmp
" >> out8.cat.log;set -vex;sed  -r 's/^(pO83_CORR.indel.blast\s.*\.gff)\s/\1,out8.pO83_CORR.indel.blast.out8.synteny.gff\t/' tracks.8.list.out8.tmp >tracks.8.list.out8;cp tracks.8.list.out8 tracks.8.list.out8.tmp done
echo "
set -vex;sed  -r 's/^(pO83_CORR.twin.minimap\s.*\.gff)\s/\1,out8.pO83_CORR.twin.minimap.out8.synteny.gff\t/' tracks.8.list.out8.tmp >tracks.8.list.out8;cp tracks.8.list.out8 tracks.8.list.out8.tmp
" >> out8.cat.log;set -vex;sed  -r 's/^(pO83_CORR.twin.minimap\s.*\.gff)\s/\1,out8.pO83_CORR.twin.minimap.out8.synteny.gff\t/' tracks.8.list.out8.tmp >tracks.8.list.out8;cp tracks.8.list.out8 tracks.8.list.out8.tmp done

data done
