find package FindBin
find package JSON
track_order -> 1
feature_id_is_unique -> no
legend_width_textpercent -> 0.7
scale_tick_padding_y -> 10
display_feature_label -> no
cross_link_width_ellipse -> 0.2
crossing_link -> feature.crossing.link.out8
space_between_blocks -> 500
x_margin_feature_label -> 0.01
cross_link_height_ellipse -> 10,8
feature_keywords -> xx,synteny
feature_color -> rgb(50,205,50)
ref_name_right_gap -> 0.15
track_style -> fill:blue;opacity:0.2
legend_width_margin -> 0.15
shift_angle_closed_feature -> 10
svg_width_height -> 1300,500
label_text_alignment_baseline -> baseline
y_margin_feature_label -> 0.01
legend_position -> right
crosslink_stroke_style -> stroke:black;stroke-width:0.1;
sample_name_font_size_default -> 15
top_bottom_margin -> 0.2
scale_tick_opacity -> 1
feature_shift_x -> 0
feature_label_size -> 10
feature_height_unit -> backbone
connect_stroke_width -> 2
scale_order -> -1
label_rotate_angle -> 0
display_legend -> yes
connect_with_same_scaffold -> no
feature_opacity -> 1
synteny -> 0->1,pO83_CORR.indel.blast,pO83_CORR,../data/NC_017659.1.indel.fa.to.NC_017659.1.fa.blast.m6,blast_m8,quadrilateral,orange->opacity0.5,blue->opacity0.7,+3:-3,1
synteny -> 0->1,pO83_CORR.indel.blast,pO83_CORR.twin.minimap,../data/NC_017659.1.indel.fa.to.NC_017659.1.fa.paf.gz,paf,quadrilateral,orange->opacity0.5,blue->opacity0.7,+3:-3,1
feature_arrow_sharp_extent -> 0
cross_link_color -> #FF8C00
feature_shape -> arrow
scale_tick_height -> 0.01
legend_height_percent -> 0.2
scale_tick_fontsize -> 6
display_segment_name -> yes,center,shift_y:+2,fontsize:6,color:black,order:5,rotate:0
feature_setting -> feature.color.label.6.conf.out8
display_segment_strand -> 5:5",3:3",color:black,fontsize:10
distance_closed_feature -> 1
cross_link_color_reverse -> #3CB371
scale_position -> low
legend_stroke_color -> black
scale_ratio -> 1700
scale_width -> 0.5
scale_padding_y -> 0.6
cross_link_opacity -> 1
cross_link_anchor_pos -> low_up
legend_font_size -> 20
allow_feature_out_of_list -> synteny
feature_content_display -> no
legend_height_space -> 0.1
feature_label_color -> black
pos_feature_label -> right_low
feature_x_extent -> 0bp,0bp
cross_link_order -> 0
scale_color -> green
absolute_postion_in_title -> yes
feature_border_size -> 0
connect_stroke_color -> black
legend_stroke_width -> 0.5
svg_background_color -> white
scale_display -> yes
legend_height_ratio -> 0.7
width_ratio_ref_cluster_legend -> 0.1-0.75-0.15
chop_soft_clip -> yes
cross_link_shape -> quadrilateral
connect_stroke_dasharray -> 2,5
feature_height_ratio -> 3
ignore_sharp_arrow -> no
cross_link_orientation -> forward
feature_shift_y_unit -> backbone
feature_shift_y -> 0
default_legend -> other
color_sample_name_default -> green
feature_arrow_width_extent -> 30bp
correct_ellipse_coordinate -> no
display_feature -> yes
genome_height_ratio -> 1
feature_order -> 2
feature_border_color -> black
feature_label_auto_angle_flag -> 1
label_text_anchor -> middle
pdf_dpi -> 100
sample_name_color_default -> black
feature_label_order -> 4
cross_link_orientation_ellipse -> up

not_exists hist_scatter_line in confs

not_exists reads_mapping in confs
key synteny = 0->1,pO83_CORR.indel.blast,pO83_CORR,../data/NC_017659.1.indel.fa.to.NC_017659.1.fa.blast.m6,blast_m8,quadrilateral,orange->opacity0.5,blue->opacity0.7,+3:-3,1

key synteny = 0->1,pO83_CORR.indel.blast,pO83_CORR.twin.minimap,../data/NC_017659.1.indel.fa.to.NC_017659.1.fa.paf.gz,paf,quadrilateral,orange->opacity0.5,blue->opacity0.7,+3:-3,1

svg_width is 1300, svg_height is svg_height
start read tracks.8.list.out8
parse pO83_CORR pO83_CORR:NC_017659.1:1-147060 -> block_index 1

read gff, pO83_CORR:NC_017659.1:1-147060 block_index 1 for NC_017659.1	add	synteny	5460	147060	.	+	.	ID=pO83_CORR.NC_017659.1.5460.147060.1.+.t.1;
read gff, pO83_CORR:NC_017659.1:1-147060 block_index 1 for NC_017659.1	add	synteny	2101	5468	.	+	.	ID=pO83_CORR.NC_017659.1.2101.5468.1.+.t.1;
read gff, pO83_CORR:NC_017659.1:1-147060 block_index 1 for NC_017659.1	add	synteny	1	1898	.	+	.	ID=pO83_CORR.NC_017659.1.1.1898.1.+.t.1;
read gff, pO83_CORR:NC_017659.1:1-147060 block_index 1 for NC_017659.1	add	synteny	42262	40487	.	-	.	ID=pO83_CORR.NC_017659.1.42262.40487.1.-.t.1;
read gff, pO83_CORR:NC_017659.1:1-147060 block_index 1 for NC_017659.1	add	synteny	36500	34724	.	-	.	ID=pO83_CORR.NC_017659.1.36500.34724.1.-.t.1;
read gff, pO83_CORR:NC_017659.1:1-147060 block_index 1 for NC_017659.1	add	synteny	48349	47530	.	-	.	ID=pO83_CORR.NC_017659.1.48349.47530.1.-.t.1;
read gff, pO83_CORR:NC_017659.1:1-147060 block_index 1 for NC_017659.1	add	synteny	45999	45180	.	-	.	ID=pO83_CORR.NC_017659.1.45999.45180.1.-.t.1;
read gff, pO83_CORR:NC_017659.1:1-147060 block_index 1 for NC_017659.1	add	synteny	43767	44540	.	+	.	ID=pO83_CORR.NC_017659.1.43767.44540.1.+.t.1;
read gff, pO83_CORR:NC_017659.1:1-147060 block_index 1 for NC_017659.1	add	synteny	138801	139574	.	+	.	ID=pO83_CORR.NC_017659.1.138801.139574.1.+.t.1;
read gff, pO83_CORR:NC_017659.1:1-147060 block_index 1 for NC_017659.1	add	synteny	74013	74783	.	+	.	ID=pO83_CORR.NC_017659.1.74013.74783.1.+.t.1;
read gff, pO83_CORR:NC_017659.1:1-147060 block_index 1 for NC_017659.1	add	synteny	110471	111241	.	+	.	ID=pO83_CORR.NC_017659.1.110471.111241.1.+.t.1;
read gff, pO83_CORR:NC_017659.1:1-147060 block_index 1 for NC_017659.1	add	synteny	139568	138798	.	-	.	ID=pO83_CORR.NC_017659.1.139568.138798.1.-.t.1;
read gff, pO83_CORR:NC_017659.1:1-147060 block_index 1 for NC_017659.1	add	synteny	111244	110474	.	-	.	ID=pO83_CORR.NC_017659.1.111244.110474.1.-.t.1;
read gff, pO83_CORR:NC_017659.1:1-147060 block_index 1 for NC_017659.1	add	synteny	74784	74016	.	-	.	ID=pO83_CORR.NC_017659.1.74784.74016.1.-.t.1;
read gff, pO83_CORR:NC_017659.1:1-147060 block_index 1 for NC_017659.1	add	synteny	44534	43766	.	-	.	ID=pO83_CORR.NC_017659.1.44534.43766.1.-.t.1;
read gff, pO83_CORR:NC_017659.1:1-147060 block_index 1 for NC_017659.1	add	synteny	74783	74015	.	-	.	ID=pO83_CORR.NC_017659.1.74783.74015.1.-.t.1;
read gff, pO83_CORR:NC_017659.1:1-147060 block_index 1 for NC_017659.1	add	synteny	139569	138801	.	-	.	ID=pO83_CORR.NC_017659.1.139569.138801.1.-.t.1;
read gff, pO83_CORR:NC_017659.1:1-147060 block_index 1 for NC_017659.1	add	synteny	44534	43767	.	-	.	ID=pO83_CORR.NC_017659.1.44534.43767.1.-.t.1;
read gff, pO83_CORR:NC_017659.1:1-147060 block_index 1 for NC_017659.1	add	synteny	111241	110474	.	-	.	ID=pO83_CORR.NC_017659.1.111241.110474.1.-.t.1;
read gff, pO83_CORR:NC_017659.1:1-147060 block_index 1 for NC_017659.1	add	synteny	43767	44534	.	+	.	ID=pO83_CORR.NC_017659.1.43767.44534.1.+.t.1;
read gff, pO83_CORR:NC_017659.1:1-147060 block_index 1 for NC_017659.1	add	synteny	74783	74016	.	-	.	ID=pO83_CORR.NC_017659.1.74783.74016.1.-.t.1;
read gff, pO83_CORR:NC_017659.1:1-147060 block_index 1 for NC_017659.1	add	synteny	126723	127490	.	+	.	ID=pO83_CORR.NC_017659.1.126723.127490.1.+.t.1;
read gff, pO83_CORR:NC_017659.1:1-147060 block_index 1 for NC_017659.1	add	synteny	127490	126723	.	-	.	ID=pO83_CORR.NC_017659.1.127490.126723.1.-.t.1;
read gff, pO83_CORR:NC_017659.1:1-147060 block_index 1 for NC_017659.1	add	synteny	138801	139568	.	+	.	ID=pO83_CORR.NC_017659.1.138801.139568.1.+.t.1;
read gff, pO83_CORR:NC_017659.1:1-147060 block_index 1 for NC_017659.1	add	synteny	107557	107961	.	+	.	ID=pO83_CORR.NC_017659.1.107557.107961.1.+.t.1;
read gff, pO83_CORR:NC_017659.1:1-147060 block_index 1 for NC_017659.1	add	synteny	107471	107875	.	+	.	ID=pO83_CORR.NC_017659.1.107471.107875.1.+.t.1;
read gff, pO83_CORR:NC_017659.1:1-147060 block_index 1 for NC_017659.1	add	synteny	106746	107107	.	+	.	ID=pO83_CORR.NC_017659.1.106746.107107.1.+.t.1;
read gff, pO83_CORR:NC_017659.1:1-147060 block_index 1 for NC_017659.1	add	synteny	103111	103472	.	+	.	ID=pO83_CORR.NC_017659.1.103111.103472.1.+.t.1;
read gff, pO83_CORR:NC_017659.1:1-147060 block_index 1 for NC_017659.1	add	synteny	107959	107600	.	-	.	ID=pO83_CORR.NC_017659.1.107959.107600.1.-.t.1;
read gff, pO83_CORR:NC_017659.1:1-147060 block_index 1 for NC_017659.1	add	synteny	107643	107961	.	+	.	ID=pO83_CORR.NC_017659.1.107643.107961.1.+.t.1;
read gff, pO83_CORR:NC_017659.1:1-147060 block_index 1 for NC_017659.1	add	synteny	107471	107789	.	+	.	ID=pO83_CORR.NC_017659.1.107471.107789.1.+.t.1;
read gff, pO83_CORR:NC_017659.1:1-147060 block_index 1 for NC_017659.1	add	synteny	107729	107961	.	+	.	ID=pO83_CORR.NC_017659.1.107729.107961.1.+.t.1;
read gff, pO83_CORR:NC_017659.1:1-147060 block_index 1 for NC_017659.1	add	synteny	107471	107703	.	+	.	ID=pO83_CORR.NC_017659.1.107471.107703.1.+.t.1;
read gff, pO83_CORR:NC_017659.1:1-147060 block_index 1 for NC_017659.1	add	synteny	1891	2100	.	+	.	ID=pO83_CORR.NC_017659.1.1891.2100.1.+.t.1;
read gff, pO83_CORR:NC_017659.1:1-147060 block_index 1 for NC_017659.1	add	synteny	144228	144373	.	+	.	ID=pO83_CORR.NC_017659.1.144228.144373.1.+.t.1;
read gff, pO83_CORR:NC_017659.1:1-147060 block_index 1 for NC_017659.1	add	synteny	141329	141474	.	+	.	ID=pO83_CORR.NC_017659.1.141329.141474.1.+.t.1;
read gff, pO83_CORR:NC_017659.1:1-147060 block_index 1 for NC_017659.1	add	synteny	107821	107961	.	+	.	ID=pO83_CORR.NC_017659.1.107821.107961.1.+.t.1;
read gff, pO83_CORR:NC_017659.1:1-147060 block_index 1 for NC_017659.1	add	synteny	107477	107617	.	+	.	ID=pO83_CORR.NC_017659.1.107477.107617.1.+.t.1;
read gff, pO83_CORR:NC_017659.1:1-147060 block_index 1 for NC_017659.1	add	synteny	75060	74940	.	-	.	ID=pO83_CORR.NC_017659.1.75060.74940.1.-.t.1;
read gff, pO83_CORR:NC_017659.1:1-147060 block_index 1 for NC_017659.1	add	synteny	15942	15820	.	-	.	ID=pO83_CORR.NC_017659.1.15942.15820.1.-.t.1;
read gff, pO83_CORR:NC_017659.1:1-147060 block_index 1 for NC_017659.1	add	synteny	107858	107961	.	+	.	ID=pO83_CORR.NC_017659.1.107858.107961.1.+.t.1;
read gff, pO83_CORR:NC_017659.1:1-147060 block_index 1 for NC_017659.1	add	synteny	107471	107574	.	+	.	ID=pO83_CORR.NC_017659.1.107471.107574.1.+.t.1;
read_list pO83_CORR end
parse pO83_CORR.indel.blast pO83_CORR.indel.blast:NC_017659.1.fake:1-147060 -> block_index 1

read gff, pO83_CORR.indel.blast:NC_017659.1.fake:1-147060 block_index 1 for NC_017659.1.fake	add	synteny	5460	147060	.	+	.	ID=pO83_CORR.indel.blast.NC_017659.1.fake.5460.147060.1.+.q.1;
read gff, pO83_CORR.indel.blast:NC_017659.1.fake:1-147060 block_index 1 for NC_017659.1.fake	add	synteny	1891	5257	.	+	.	ID=pO83_CORR.indel.blast.NC_017659.1.fake.1891.5257.1.+.q.1;
read gff, pO83_CORR.indel.blast:NC_017659.1.fake:1-147060 block_index 1 for NC_017659.1.fake	add	synteny	1	1898	.	+	.	ID=pO83_CORR.indel.blast.NC_017659.1.fake.1.1898.1.+.q.1;
read gff, pO83_CORR.indel.blast:NC_017659.1.fake:1-147060 block_index 1 for NC_017659.1.fake	add	synteny	34724	36500	.	-	.	ID=pO83_CORR.indel.blast.NC_017659.1.fake.34724.36500.1.-.q.1;
read gff, pO83_CORR.indel.blast:NC_017659.1.fake:1-147060 block_index 1 for NC_017659.1.fake	add	synteny	40487	42262	.	-	.	ID=pO83_CORR.indel.blast.NC_017659.1.fake.40487.42262.1.-.q.1;
read gff, pO83_CORR.indel.blast:NC_017659.1.fake:1-147060 block_index 1 for NC_017659.1.fake	add	synteny	45180	45999	.	-	.	ID=pO83_CORR.indel.blast.NC_017659.1.fake.45180.45999.1.-.q.1;
read gff, pO83_CORR.indel.blast:NC_017659.1.fake:1-147060 block_index 1 for NC_017659.1.fake	add	synteny	47530	48349	.	-	.	ID=pO83_CORR.indel.blast.NC_017659.1.fake.47530.48349.1.-.q.1;
read gff, pO83_CORR.indel.blast:NC_017659.1.fake:1-147060 block_index 1 for NC_017659.1.fake	add	synteny	138801	139574	.	+	.	ID=pO83_CORR.indel.blast.NC_017659.1.fake.138801.139574.1.+.q.1;
read gff, pO83_CORR.indel.blast:NC_017659.1.fake:1-147060 block_index 1 for NC_017659.1.fake	add	synteny	43767	44540	.	+	.	ID=pO83_CORR.indel.blast.NC_017659.1.fake.43767.44540.1.+.q.1;
read gff, pO83_CORR.indel.blast:NC_017659.1.fake:1-147060 block_index 1 for NC_017659.1.fake	add	synteny	110471	111241	.	+	.	ID=pO83_CORR.indel.blast.NC_017659.1.fake.110471.111241.1.+.q.1;
read gff, pO83_CORR.indel.blast:NC_017659.1.fake:1-147060 block_index 1 for NC_017659.1.fake	add	synteny	74013	74783	.	+	.	ID=pO83_CORR.indel.blast.NC_017659.1.fake.74013.74783.1.+.q.1;
read gff, pO83_CORR.indel.blast:NC_017659.1.fake:1-147060 block_index 1 for NC_017659.1.fake	add	synteny	110474	111244	.	-	.	ID=pO83_CORR.indel.blast.NC_017659.1.fake.110474.111244.1.-.q.1;
read gff, pO83_CORR.indel.blast:NC_017659.1.fake:1-147060 block_index 1 for NC_017659.1.fake	add	synteny	138798	139568	.	-	.	ID=pO83_CORR.indel.blast.NC_017659.1.fake.138798.139568.1.-.q.1;
read gff, pO83_CORR.indel.blast:NC_017659.1.fake:1-147060 block_index 1 for NC_017659.1.fake	add	synteny	43766	44534	.	-	.	ID=pO83_CORR.indel.blast.NC_017659.1.fake.43766.44534.1.-.q.1;
read gff, pO83_CORR.indel.blast:NC_017659.1.fake:1-147060 block_index 1 for NC_017659.1.fake	add	synteny	74016	74784	.	-	.	ID=pO83_CORR.indel.blast.NC_017659.1.fake.74016.74784.1.-.q.1;
read gff, pO83_CORR.indel.blast:NC_017659.1.fake:1-147060 block_index 1 for NC_017659.1.fake	add	synteny	138801	139569	.	-	.	ID=pO83_CORR.indel.blast.NC_017659.1.fake.138801.139569.1.-.q.1;
read gff, pO83_CORR.indel.blast:NC_017659.1.fake:1-147060 block_index 1 for NC_017659.1.fake	add	synteny	74015	74783	.	-	.	ID=pO83_CORR.indel.blast.NC_017659.1.fake.74015.74783.1.-.q.1;
read gff, pO83_CORR.indel.blast:NC_017659.1.fake:1-147060 block_index 1 for NC_017659.1.fake	add	synteny	110474	111241	.	-	.	ID=pO83_CORR.indel.blast.NC_017659.1.fake.110474.111241.1.-.q.1;
read gff, pO83_CORR.indel.blast:NC_017659.1.fake:1-147060 block_index 1 for NC_017659.1.fake	add	synteny	43767	44534	.	-	.	ID=pO83_CORR.indel.blast.NC_017659.1.fake.43767.44534.1.-.q.1;
read gff, pO83_CORR.indel.blast:NC_017659.1.fake:1-147060 block_index 1 for NC_017659.1.fake	add	synteny	126723	127490	.	+	.	ID=pO83_CORR.indel.blast.NC_017659.1.fake.126723.127490.1.+.q.1;
read gff, pO83_CORR.indel.blast:NC_017659.1.fake:1-147060 block_index 1 for NC_017659.1.fake	add	synteny	126723	127490	.	-	.	ID=pO83_CORR.indel.blast.NC_017659.1.fake.126723.127490.1.-.q.1;
read gff, pO83_CORR.indel.blast:NC_017659.1.fake:1-147060 block_index 1 for NC_017659.1.fake	add	synteny	43767	44534	.	+	.	ID=pO83_CORR.indel.blast.NC_017659.1.fake.43767.44534.1.+.q.1;
read gff, pO83_CORR.indel.blast:NC_017659.1.fake:1-147060 block_index 1 for NC_017659.1.fake	add	synteny	74016	74783	.	-	.	ID=pO83_CORR.indel.blast.NC_017659.1.fake.74016.74783.1.-.q.1;
read gff, pO83_CORR.indel.blast:NC_017659.1.fake:1-147060 block_index 1 for NC_017659.1.fake	add	synteny	138801	139568	.	+	.	ID=pO83_CORR.indel.blast.NC_017659.1.fake.138801.139568.1.+.q.1;
read gff, pO83_CORR.indel.blast:NC_017659.1.fake:1-147060 block_index 1 for NC_017659.1.fake	add	synteny	107471	107875	.	+	.	ID=pO83_CORR.indel.blast.NC_017659.1.fake.107471.107875.1.+.q.1;
read gff, pO83_CORR.indel.blast:NC_017659.1.fake:1-147060 block_index 1 for NC_017659.1.fake	add	synteny	107557	107961	.	+	.	ID=pO83_CORR.indel.blast.NC_017659.1.fake.107557.107961.1.+.q.1;
read gff, pO83_CORR.indel.blast:NC_017659.1.fake:1-147060 block_index 1 for NC_017659.1.fake	add	synteny	103111	103472	.	+	.	ID=pO83_CORR.indel.blast.NC_017659.1.fake.103111.103472.1.+.q.1;
read gff, pO83_CORR.indel.blast:NC_017659.1.fake:1-147060 block_index 1 for NC_017659.1.fake	add	synteny	106746	107107	.	+	.	ID=pO83_CORR.indel.blast.NC_017659.1.fake.106746.107107.1.+.q.1;
read gff, pO83_CORR.indel.blast:NC_017659.1.fake:1-147060 block_index 1 for NC_017659.1.fake	add	synteny	107600	107959	.	-	.	ID=pO83_CORR.indel.blast.NC_017659.1.fake.107600.107959.1.-.q.1;
read gff, pO83_CORR.indel.blast:NC_017659.1.fake:1-147060 block_index 1 for NC_017659.1.fake	add	synteny	107471	107789	.	+	.	ID=pO83_CORR.indel.blast.NC_017659.1.fake.107471.107789.1.+.q.1;
read gff, pO83_CORR.indel.blast:NC_017659.1.fake:1-147060 block_index 1 for NC_017659.1.fake	add	synteny	107643	107961	.	+	.	ID=pO83_CORR.indel.blast.NC_017659.1.fake.107643.107961.1.+.q.1;
read gff, pO83_CORR.indel.blast:NC_017659.1.fake:1-147060 block_index 1 for NC_017659.1.fake	add	synteny	107471	107703	.	+	.	ID=pO83_CORR.indel.blast.NC_017659.1.fake.107471.107703.1.+.q.1;
read gff, pO83_CORR.indel.blast:NC_017659.1.fake:1-147060 block_index 1 for NC_017659.1.fake	add	synteny	107729	107961	.	+	.	ID=pO83_CORR.indel.blast.NC_017659.1.fake.107729.107961.1.+.q.1;
read gff, pO83_CORR.indel.blast:NC_017659.1.fake:1-147060 block_index 1 for NC_017659.1.fake	add	synteny	5251	5460	.	+	.	ID=pO83_CORR.indel.blast.NC_017659.1.fake.5251.5460.1.+.q.1;
read gff, pO83_CORR.indel.blast:NC_017659.1.fake:1-147060 block_index 1 for NC_017659.1.fake	add	synteny	141329	141474	.	+	.	ID=pO83_CORR.indel.blast.NC_017659.1.fake.141329.141474.1.+.q.1;
read gff, pO83_CORR.indel.blast:NC_017659.1.fake:1-147060 block_index 1 for NC_017659.1.fake	add	synteny	144228	144373	.	+	.	ID=pO83_CORR.indel.blast.NC_017659.1.fake.144228.144373.1.+.q.1;
read gff, pO83_CORR.indel.blast:NC_017659.1.fake:1-147060 block_index 1 for NC_017659.1.fake	add	synteny	107477	107617	.	+	.	ID=pO83_CORR.indel.blast.NC_017659.1.fake.107477.107617.1.+.q.1;
read gff, pO83_CORR.indel.blast:NC_017659.1.fake:1-147060 block_index 1 for NC_017659.1.fake	add	synteny	107821	107961	.	+	.	ID=pO83_CORR.indel.blast.NC_017659.1.fake.107821.107961.1.+.q.1;
read gff, pO83_CORR.indel.blast:NC_017659.1.fake:1-147060 block_index 1 for NC_017659.1.fake	add	synteny	15820	15942	.	-	.	ID=pO83_CORR.indel.blast.NC_017659.1.fake.15820.15942.1.-.q.1;
read gff, pO83_CORR.indel.blast:NC_017659.1.fake:1-147060 block_index 1 for NC_017659.1.fake	add	synteny	74940	75060	.	-	.	ID=pO83_CORR.indel.blast.NC_017659.1.fake.74940.75060.1.-.q.1;
read gff, pO83_CORR.indel.blast:NC_017659.1.fake:1-147060 block_index 1 for NC_017659.1.fake	add	synteny	107471	107574	.	+	.	ID=pO83_CORR.indel.blast.NC_017659.1.fake.107471.107574.1.+.q.1;
read gff, pO83_CORR.indel.blast:NC_017659.1.fake:1-147060 block_index 1 for NC_017659.1.fake	add	synteny	107858	107961	.	+	.	ID=pO83_CORR.indel.blast.NC_017659.1.fake.107858.107961.1.+.q.1;
read gff, pO83_CORR.indel.blast:NC_017659.1.fake:1-147060 block_index 1 for NC_017659.1.fake	add	synteny	1	147060	.	+	.	ID=pO83_CORR.indel.blast.NC_017659.1.fake.1.147060.2.+.q.1;
read_list pO83_CORR.indel.blast end
parse pO83_CORR.twin.minimap pO83_CORR.twin.minimap:NC_017659.1:1-147060 -> block_index 1

read gff, pO83_CORR.twin.minimap:NC_017659.1:1-147060 block_index 1 for NC_017659.1	add	synteny	1	147060	.	+	.	ID=pO83_CORR.twin.minimap.NC_017659.1.1.147060.2.+.t.1;
read_list pO83_CORR.twin.minimap end
end read tracks.8.list.out8
lenged number is 0
draw sample name pO83_CORR
using /ClustersPloter/src/Times_New_Roman.ttf
text is NC_017659.1, fontsize is 6, ttf is /ClustersPloter/src/Times_New_Roman.ttf
draw feature_id = pO83_CORR.NC_017659.1.1.1898.1.+.t.1
1brefore, feature_id	pO83_CORR.NC_017659.1.1.1898.1.+.t.1,	feature_shift_x	,start	1	end	1898
2brefore, feature_id	pO83_CORR.NC_017659.1.1.1898.1.+.t.1,	feature_shift_x	0,start	1	end	1898	ratio	0.00662994696042432
feature_id	pO83_CORR.NC_017659.1.1.1898.1.+.t.1,	feature_shift_x	0,start	0	end	1898	ratio	0.00662994696042432
draw feature_id = pO83_CORR.NC_017659.1.1891.2100.1.+.t.1
1brefore, feature_id	pO83_CORR.NC_017659.1.1891.2100.1.+.t.1,	feature_shift_x	,start	1891	end	2100
2brefore, feature_id	pO83_CORR.NC_017659.1.1891.2100.1.+.t.1,	feature_shift_x	0,start	1891	end	2100	ratio	0.00662994696042432
feature_id	pO83_CORR.NC_017659.1.1891.2100.1.+.t.1,	feature_shift_x	0,start	1890	end	2100	ratio	0.00662994696042432
draw feature_id = pO83_CORR.NC_017659.1.2101.5468.1.+.t.1
1brefore, feature_id	pO83_CORR.NC_017659.1.2101.5468.1.+.t.1,	feature_shift_x	,start	2101	end	5468
2brefore, feature_id	pO83_CORR.NC_017659.1.2101.5468.1.+.t.1,	feature_shift_x	0,start	2101	end	5468	ratio	0.00662994696042432
feature_id	pO83_CORR.NC_017659.1.2101.5468.1.+.t.1,	feature_shift_x	0,start	2100	end	5468	ratio	0.00662994696042432
draw feature_id = pO83_CORR.NC_017659.1.5460.147060.1.+.t.1
1brefore, feature_id	pO83_CORR.NC_017659.1.5460.147060.1.+.t.1,	feature_shift_x	,start	5460	end	147060
2brefore, feature_id	pO83_CORR.NC_017659.1.5460.147060.1.+.t.1,	feature_shift_x	0,start	5460	end	147060	ratio	0.00662994696042432
feature_id	pO83_CORR.NC_017659.1.5460.147060.1.+.t.1,	feature_shift_x	0,start	5459	end	147060	ratio	0.00662994696042432
draw feature_id = pO83_CORR.NC_017659.1.15942.15820.1.-.t.1
1brefore, feature_id	pO83_CORR.NC_017659.1.15942.15820.1.-.t.1,	feature_shift_x	,start	15820	end	15942
2brefore, feature_id	pO83_CORR.NC_017659.1.15942.15820.1.-.t.1,	feature_shift_x	0,start	15820	end	15942	ratio	0.00662994696042432
feature_id	pO83_CORR.NC_017659.1.15942.15820.1.-.t.1,	feature_shift_x	0,start	15819	end	15942	ratio	0.00662994696042432
draw feature_id = pO83_CORR.NC_017659.1.36500.34724.1.-.t.1
1brefore, feature_id	pO83_CORR.NC_017659.1.36500.34724.1.-.t.1,	feature_shift_x	,start	34724	end	36500
2brefore, feature_id	pO83_CORR.NC_017659.1.36500.34724.1.-.t.1,	feature_shift_x	0,start	34724	end	36500	ratio	0.00662994696042432
feature_id	pO83_CORR.NC_017659.1.36500.34724.1.-.t.1,	feature_shift_x	0,start	34723	end	36500	ratio	0.00662994696042432
draw feature_id = pO83_CORR.NC_017659.1.42262.40487.1.-.t.1
1brefore, feature_id	pO83_CORR.NC_017659.1.42262.40487.1.-.t.1,	feature_shift_x	,start	40487	end	42262
2brefore, feature_id	pO83_CORR.NC_017659.1.42262.40487.1.-.t.1,	feature_shift_x	0,start	40487	end	42262	ratio	0.00662994696042432
feature_id	pO83_CORR.NC_017659.1.42262.40487.1.-.t.1,	feature_shift_x	0,start	40486	end	42262	ratio	0.00662994696042432
draw feature_id = pO83_CORR.NC_017659.1.44534.43766.1.-.t.1
1brefore, feature_id	pO83_CORR.NC_017659.1.44534.43766.1.-.t.1,	feature_shift_x	,start	43766	end	44534
2brefore, feature_id	pO83_CORR.NC_017659.1.44534.43766.1.-.t.1,	feature_shift_x	0,start	43766	end	44534	ratio	0.00662994696042432
feature_id	pO83_CORR.NC_017659.1.44534.43766.1.-.t.1,	feature_shift_x	0,start	43765	end	44534	ratio	0.00662994696042432
draw feature_id = pO83_CORR.NC_017659.1.43767.44534.1.+.t.1
1brefore, feature_id	pO83_CORR.NC_017659.1.43767.44534.1.+.t.1,	feature_shift_x	,start	43767	end	44534
2brefore, feature_id	pO83_CORR.NC_017659.1.43767.44534.1.+.t.1,	feature_shift_x	0,start	43767	end	44534	ratio	0.00662994696042432
feature_id	pO83_CORR.NC_017659.1.43767.44534.1.+.t.1,	feature_shift_x	0,start	43766	end	44534	ratio	0.00662994696042432
draw feature_id = pO83_CORR.NC_017659.1.44534.43767.1.-.t.1
1brefore, feature_id	pO83_CORR.NC_017659.1.44534.43767.1.-.t.1,	feature_shift_x	,start	43767	end	44534
2brefore, feature_id	pO83_CORR.NC_017659.1.44534.43767.1.-.t.1,	feature_shift_x	0,start	43767	end	44534	ratio	0.00662994696042432
feature_id	pO83_CORR.NC_017659.1.44534.43767.1.-.t.1,	feature_shift_x	0,start	43766	end	44534	ratio	0.00662994696042432
draw feature_id = pO83_CORR.NC_017659.1.43767.44540.1.+.t.1
1brefore, feature_id	pO83_CORR.NC_017659.1.43767.44540.1.+.t.1,	feature_shift_x	,start	43767	end	44540
2brefore, feature_id	pO83_CORR.NC_017659.1.43767.44540.1.+.t.1,	feature_shift_x	0,start	43767	end	44540	ratio	0.00662994696042432
feature_id	pO83_CORR.NC_017659.1.43767.44540.1.+.t.1,	feature_shift_x	0,start	43766	end	44540	ratio	0.00662994696042432
draw feature_id = pO83_CORR.NC_017659.1.45999.45180.1.-.t.1
1brefore, feature_id	pO83_CORR.NC_017659.1.45999.45180.1.-.t.1,	feature_shift_x	,start	45180	end	45999
2brefore, feature_id	pO83_CORR.NC_017659.1.45999.45180.1.-.t.1,	feature_shift_x	0,start	45180	end	45999	ratio	0.00662994696042432
feature_id	pO83_CORR.NC_017659.1.45999.45180.1.-.t.1,	feature_shift_x	0,start	45179	end	45999	ratio	0.00662994696042432
draw feature_id = pO83_CORR.NC_017659.1.48349.47530.1.-.t.1
1brefore, feature_id	pO83_CORR.NC_017659.1.48349.47530.1.-.t.1,	feature_shift_x	,start	47530	end	48349
2brefore, feature_id	pO83_CORR.NC_017659.1.48349.47530.1.-.t.1,	feature_shift_x	0,start	47530	end	48349	ratio	0.00662994696042432
feature_id	pO83_CORR.NC_017659.1.48349.47530.1.-.t.1,	feature_shift_x	0,start	47529	end	48349	ratio	0.00662994696042432
draw feature_id = pO83_CORR.NC_017659.1.74013.74783.1.+.t.1
1brefore, feature_id	pO83_CORR.NC_017659.1.74013.74783.1.+.t.1,	feature_shift_x	,start	74013	end	74783
2brefore, feature_id	pO83_CORR.NC_017659.1.74013.74783.1.+.t.1,	feature_shift_x	0,start	74013	end	74783	ratio	0.00662994696042432
feature_id	pO83_CORR.NC_017659.1.74013.74783.1.+.t.1,	feature_shift_x	0,start	74012	end	74783	ratio	0.00662994696042432
draw feature_id = pO83_CORR.NC_017659.1.74783.74015.1.-.t.1
1brefore, feature_id	pO83_CORR.NC_017659.1.74783.74015.1.-.t.1,	feature_shift_x	,start	74015	end	74783
2brefore, feature_id	pO83_CORR.NC_017659.1.74783.74015.1.-.t.1,	feature_shift_x	0,start	74015	end	74783	ratio	0.00662994696042432
feature_id	pO83_CORR.NC_017659.1.74783.74015.1.-.t.1,	feature_shift_x	0,start	74014	end	74783	ratio	0.00662994696042432
draw feature_id = pO83_CORR.NC_017659.1.74784.74016.1.-.t.1
1brefore, feature_id	pO83_CORR.NC_017659.1.74784.74016.1.-.t.1,	feature_shift_x	,start	74016	end	74784
2brefore, feature_id	pO83_CORR.NC_017659.1.74784.74016.1.-.t.1,	feature_shift_x	0,start	74016	end	74784	ratio	0.00662994696042432
feature_id	pO83_CORR.NC_017659.1.74784.74016.1.-.t.1,	feature_shift_x	0,start	74015	end	74784	ratio	0.00662994696042432
draw feature_id = pO83_CORR.NC_017659.1.74783.74016.1.-.t.1
1brefore, feature_id	pO83_CORR.NC_017659.1.74783.74016.1.-.t.1,	feature_shift_x	,start	74016	end	74783
2brefore, feature_id	pO83_CORR.NC_017659.1.74783.74016.1.-.t.1,	feature_shift_x	0,start	74016	end	74783	ratio	0.00662994696042432
feature_id	pO83_CORR.NC_017659.1.74783.74016.1.-.t.1,	feature_shift_x	0,start	74015	end	74783	ratio	0.00662994696042432
draw feature_id = pO83_CORR.NC_017659.1.75060.74940.1.-.t.1
1brefore, feature_id	pO83_CORR.NC_017659.1.75060.74940.1.-.t.1,	feature_shift_x	,start	74940	end	75060
2brefore, feature_id	pO83_CORR.NC_017659.1.75060.74940.1.-.t.1,	feature_shift_x	0,start	74940	end	75060	ratio	0.00662994696042432
feature_id	pO83_CORR.NC_017659.1.75060.74940.1.-.t.1,	feature_shift_x	0,start	74939	end	75060	ratio	0.00662994696042432
draw feature_id = pO83_CORR.NC_017659.1.103111.103472.1.+.t.1
1brefore, feature_id	pO83_CORR.NC_017659.1.103111.103472.1.+.t.1,	feature_shift_x	,start	103111	end	103472
2brefore, feature_id	pO83_CORR.NC_017659.1.103111.103472.1.+.t.1,	feature_shift_x	0,start	103111	end	103472	ratio	0.00662994696042432
feature_id	pO83_CORR.NC_017659.1.103111.103472.1.+.t.1,	feature_shift_x	0,start	103110	end	103472	ratio	0.00662994696042432
draw feature_id = pO83_CORR.NC_017659.1.106746.107107.1.+.t.1
1brefore, feature_id	pO83_CORR.NC_017659.1.106746.107107.1.+.t.1,	feature_shift_x	,start	106746	end	107107
2brefore, feature_id	pO83_CORR.NC_017659.1.106746.107107.1.+.t.1,	feature_shift_x	0,start	106746	end	107107	ratio	0.00662994696042432
feature_id	pO83_CORR.NC_017659.1.106746.107107.1.+.t.1,	feature_shift_x	0,start	106745	end	107107	ratio	0.00662994696042432
draw feature_id = pO83_CORR.NC_017659.1.107471.107703.1.+.t.1
1brefore, feature_id	pO83_CORR.NC_017659.1.107471.107703.1.+.t.1,	feature_shift_x	,start	107471	end	107703
2brefore, feature_id	pO83_CORR.NC_017659.1.107471.107703.1.+.t.1,	feature_shift_x	0,start	107471	end	107703	ratio	0.00662994696042432
feature_id	pO83_CORR.NC_017659.1.107471.107703.1.+.t.1,	feature_shift_x	0,start	107470	end	107703	ratio	0.00662994696042432
draw feature_id = pO83_CORR.NC_017659.1.107471.107789.1.+.t.1
1brefore, feature_id	pO83_CORR.NC_017659.1.107471.107789.1.+.t.1,	feature_shift_x	,start	107471	end	107789
2brefore, feature_id	pO83_CORR.NC_017659.1.107471.107789.1.+.t.1,	feature_shift_x	0,start	107471	end	107789	ratio	0.00662994696042432
feature_id	pO83_CORR.NC_017659.1.107471.107789.1.+.t.1,	feature_shift_x	0,start	107470	end	107789	ratio	0.00662994696042432
draw feature_id = pO83_CORR.NC_017659.1.107471.107875.1.+.t.1
1brefore, feature_id	pO83_CORR.NC_017659.1.107471.107875.1.+.t.1,	feature_shift_x	,start	107471	end	107875
2brefore, feature_id	pO83_CORR.NC_017659.1.107471.107875.1.+.t.1,	feature_shift_x	0,start	107471	end	107875	ratio	0.00662994696042432
feature_id	pO83_CORR.NC_017659.1.107471.107875.1.+.t.1,	feature_shift_x	0,start	107470	end	107875	ratio	0.00662994696042432
draw feature_id = pO83_CORR.NC_017659.1.107471.107574.1.+.t.1
1brefore, feature_id	pO83_CORR.NC_017659.1.107471.107574.1.+.t.1,	feature_shift_x	,start	107471	end	107574
2brefore, feature_id	pO83_CORR.NC_017659.1.107471.107574.1.+.t.1,	feature_shift_x	0,start	107471	end	107574	ratio	0.00662994696042432
feature_id	pO83_CORR.NC_017659.1.107471.107574.1.+.t.1,	feature_shift_x	0,start	107470	end	107574	ratio	0.00662994696042432
draw feature_id = pO83_CORR.NC_017659.1.107477.107617.1.+.t.1
1brefore, feature_id	pO83_CORR.NC_017659.1.107477.107617.1.+.t.1,	feature_shift_x	,start	107477	end	107617
2brefore, feature_id	pO83_CORR.NC_017659.1.107477.107617.1.+.t.1,	feature_shift_x	0,start	107477	end	107617	ratio	0.00662994696042432
feature_id	pO83_CORR.NC_017659.1.107477.107617.1.+.t.1,	feature_shift_x	0,start	107476	end	107617	ratio	0.00662994696042432
draw feature_id = pO83_CORR.NC_017659.1.107557.107961.1.+.t.1
1brefore, feature_id	pO83_CORR.NC_017659.1.107557.107961.1.+.t.1,	feature_shift_x	,start	107557	end	107961
2brefore, feature_id	pO83_CORR.NC_017659.1.107557.107961.1.+.t.1,	feature_shift_x	0,start	107557	end	107961	ratio	0.00662994696042432
feature_id	pO83_CORR.NC_017659.1.107557.107961.1.+.t.1,	feature_shift_x	0,start	107556	end	107961	ratio	0.00662994696042432
draw feature_id = pO83_CORR.NC_017659.1.107959.107600.1.-.t.1
1brefore, feature_id	pO83_CORR.NC_017659.1.107959.107600.1.-.t.1,	feature_shift_x	,start	107600	end	107959
2brefore, feature_id	pO83_CORR.NC_017659.1.107959.107600.1.-.t.1,	feature_shift_x	0,start	107600	end	107959	ratio	0.00662994696042432
feature_id	pO83_CORR.NC_017659.1.107959.107600.1.-.t.1,	feature_shift_x	0,start	107599	end	107959	ratio	0.00662994696042432
draw feature_id = pO83_CORR.NC_017659.1.107643.107961.1.+.t.1
1brefore, feature_id	pO83_CORR.NC_017659.1.107643.107961.1.+.t.1,	feature_shift_x	,start	107643	end	107961
2brefore, feature_id	pO83_CORR.NC_017659.1.107643.107961.1.+.t.1,	feature_shift_x	0,start	107643	end	107961	ratio	0.00662994696042432
feature_id	pO83_CORR.NC_017659.1.107643.107961.1.+.t.1,	feature_shift_x	0,start	107642	end	107961	ratio	0.00662994696042432
draw feature_id = pO83_CORR.NC_017659.1.107729.107961.1.+.t.1
1brefore, feature_id	pO83_CORR.NC_017659.1.107729.107961.1.+.t.1,	feature_shift_x	,start	107729	end	107961
2brefore, feature_id	pO83_CORR.NC_017659.1.107729.107961.1.+.t.1,	feature_shift_x	0,start	107729	end	107961	ratio	0.00662994696042432
feature_id	pO83_CORR.NC_017659.1.107729.107961.1.+.t.1,	feature_shift_x	0,start	107728	end	107961	ratio	0.00662994696042432
draw feature_id = pO83_CORR.NC_017659.1.107821.107961.1.+.t.1
1brefore, feature_id	pO83_CORR.NC_017659.1.107821.107961.1.+.t.1,	feature_shift_x	,start	107821	end	107961
2brefore, feature_id	pO83_CORR.NC_017659.1.107821.107961.1.+.t.1,	feature_shift_x	0,start	107821	end	107961	ratio	0.00662994696042432
feature_id	pO83_CORR.NC_017659.1.107821.107961.1.+.t.1,	feature_shift_x	0,start	107820	end	107961	ratio	0.00662994696042432
draw feature_id = pO83_CORR.NC_017659.1.107858.107961.1.+.t.1
1brefore, feature_id	pO83_CORR.NC_017659.1.107858.107961.1.+.t.1,	feature_shift_x	,start	107858	end	107961
2brefore, feature_id	pO83_CORR.NC_017659.1.107858.107961.1.+.t.1,	feature_shift_x	0,start	107858	end	107961	ratio	0.00662994696042432
feature_id	pO83_CORR.NC_017659.1.107858.107961.1.+.t.1,	feature_shift_x	0,start	107857	end	107961	ratio	0.00662994696042432
draw feature_id = pO83_CORR.NC_017659.1.110471.111241.1.+.t.1
1brefore, feature_id	pO83_CORR.NC_017659.1.110471.111241.1.+.t.1,	feature_shift_x	,start	110471	end	111241
2brefore, feature_id	pO83_CORR.NC_017659.1.110471.111241.1.+.t.1,	feature_shift_x	0,start	110471	end	111241	ratio	0.00662994696042432
feature_id	pO83_CORR.NC_017659.1.110471.111241.1.+.t.1,	feature_shift_x	0,start	110470	end	111241	ratio	0.00662994696042432
draw feature_id = pO83_CORR.NC_017659.1.111241.110474.1.-.t.1
1brefore, feature_id	pO83_CORR.NC_017659.1.111241.110474.1.-.t.1,	feature_shift_x	,start	110474	end	111241
2brefore, feature_id	pO83_CORR.NC_017659.1.111241.110474.1.-.t.1,	feature_shift_x	0,start	110474	end	111241	ratio	0.00662994696042432
feature_id	pO83_CORR.NC_017659.1.111241.110474.1.-.t.1,	feature_shift_x	0,start	110473	end	111241	ratio	0.00662994696042432
draw feature_id = pO83_CORR.NC_017659.1.111244.110474.1.-.t.1
1brefore, feature_id	pO83_CORR.NC_017659.1.111244.110474.1.-.t.1,	feature_shift_x	,start	110474	end	111244
2brefore, feature_id	pO83_CORR.NC_017659.1.111244.110474.1.-.t.1,	feature_shift_x	0,start	110474	end	111244	ratio	0.00662994696042432
feature_id	pO83_CORR.NC_017659.1.111244.110474.1.-.t.1,	feature_shift_x	0,start	110473	end	111244	ratio	0.00662994696042432
draw feature_id = pO83_CORR.NC_017659.1.126723.127490.1.+.t.1
1brefore, feature_id	pO83_CORR.NC_017659.1.126723.127490.1.+.t.1,	feature_shift_x	,start	126723	end	127490
2brefore, feature_id	pO83_CORR.NC_017659.1.126723.127490.1.+.t.1,	feature_shift_x	0,start	126723	end	127490	ratio	0.00662994696042432
feature_id	pO83_CORR.NC_017659.1.126723.127490.1.+.t.1,	feature_shift_x	0,start	126722	end	127490	ratio	0.00662994696042432
draw feature_id = pO83_CORR.NC_017659.1.127490.126723.1.-.t.1
1brefore, feature_id	pO83_CORR.NC_017659.1.127490.126723.1.-.t.1,	feature_shift_x	,start	126723	end	127490
2brefore, feature_id	pO83_CORR.NC_017659.1.127490.126723.1.-.t.1,	feature_shift_x	0,start	126723	end	127490	ratio	0.00662994696042432
feature_id	pO83_CORR.NC_017659.1.127490.126723.1.-.t.1,	feature_shift_x	0,start	126722	end	127490	ratio	0.00662994696042432
draw feature_id = pO83_CORR.NC_017659.1.139568.138798.1.-.t.1
1brefore, feature_id	pO83_CORR.NC_017659.1.139568.138798.1.-.t.1,	feature_shift_x	,start	138798	end	139568
2brefore, feature_id	pO83_CORR.NC_017659.1.139568.138798.1.-.t.1,	feature_shift_x	0,start	138798	end	139568	ratio	0.00662994696042432
feature_id	pO83_CORR.NC_017659.1.139568.138798.1.-.t.1,	feature_shift_x	0,start	138797	end	139568	ratio	0.00662994696042432
draw feature_id = pO83_CORR.NC_017659.1.138801.139568.1.+.t.1
1brefore, feature_id	pO83_CORR.NC_017659.1.138801.139568.1.+.t.1,	feature_shift_x	,start	138801	end	139568
2brefore, feature_id	pO83_CORR.NC_017659.1.138801.139568.1.+.t.1,	feature_shift_x	0,start	138801	end	139568	ratio	0.00662994696042432
feature_id	pO83_CORR.NC_017659.1.138801.139568.1.+.t.1,	feature_shift_x	0,start	138800	end	139568	ratio	0.00662994696042432
draw feature_id = pO83_CORR.NC_017659.1.138801.139574.1.+.t.1
1brefore, feature_id	pO83_CORR.NC_017659.1.138801.139574.1.+.t.1,	feature_shift_x	,start	138801	end	139574
2brefore, feature_id	pO83_CORR.NC_017659.1.138801.139574.1.+.t.1,	feature_shift_x	0,start	138801	end	139574	ratio	0.00662994696042432
feature_id	pO83_CORR.NC_017659.1.138801.139574.1.+.t.1,	feature_shift_x	0,start	138800	end	139574	ratio	0.00662994696042432
draw feature_id = pO83_CORR.NC_017659.1.139569.138801.1.-.t.1
1brefore, feature_id	pO83_CORR.NC_017659.1.139569.138801.1.-.t.1,	feature_shift_x	,start	138801	end	139569
2brefore, feature_id	pO83_CORR.NC_017659.1.139569.138801.1.-.t.1,	feature_shift_x	0,start	138801	end	139569	ratio	0.00662994696042432
feature_id	pO83_CORR.NC_017659.1.139569.138801.1.-.t.1,	feature_shift_x	0,start	138800	end	139569	ratio	0.00662994696042432
draw feature_id = pO83_CORR.NC_017659.1.141329.141474.1.+.t.1
1brefore, feature_id	pO83_CORR.NC_017659.1.141329.141474.1.+.t.1,	feature_shift_x	,start	141329	end	141474
2brefore, feature_id	pO83_CORR.NC_017659.1.141329.141474.1.+.t.1,	feature_shift_x	0,start	141329	end	141474	ratio	0.00662994696042432
feature_id	pO83_CORR.NC_017659.1.141329.141474.1.+.t.1,	feature_shift_x	0,start	141328	end	141474	ratio	0.00662994696042432
draw feature_id = pO83_CORR.NC_017659.1.144228.144373.1.+.t.1
1brefore, feature_id	pO83_CORR.NC_017659.1.144228.144373.1.+.t.1,	feature_shift_x	,start	144228	end	144373
2brefore, feature_id	pO83_CORR.NC_017659.1.144228.144373.1.+.t.1,	feature_shift_x	0,start	144228	end	144373	ratio	0.00662994696042432
feature_id	pO83_CORR.NC_017659.1.144228.144373.1.+.t.1,	feature_shift_x	0,start	144227	end	144373	ratio	0.00662994696042432
draw sample name pO83_CORR.indel.blast
using /ClustersPloter/src/Times_New_Roman.ttf
text is NC_017659.1.fake, fontsize is 6, ttf is /ClustersPloter/src/Times_New_Roman.ttf
draw feature_id = pO83_CORR.indel.blast.NC_017659.1.fake.1.147060.2.+.q.1
1brefore, feature_id	pO83_CORR.indel.blast.NC_017659.1.fake.1.147060.2.+.q.1,	feature_shift_x	,start	1	end	147060
2brefore, feature_id	pO83_CORR.indel.blast.NC_017659.1.fake.1.147060.2.+.q.1,	feature_shift_x	0,start	1	end	147060	ratio	0.00662994696042432
feature_id	pO83_CORR.indel.blast.NC_017659.1.fake.1.147060.2.+.q.1,	feature_shift_x	0,start	0	end	147060	ratio	0.00662994696042432
draw feature_id = pO83_CORR.indel.blast.NC_017659.1.fake.1.1898.1.+.q.1
1brefore, feature_id	pO83_CORR.indel.blast.NC_017659.1.fake.1.1898.1.+.q.1,	feature_shift_x	,start	1	end	1898
2brefore, feature_id	pO83_CORR.indel.blast.NC_017659.1.fake.1.1898.1.+.q.1,	feature_shift_x	0,start	1	end	1898	ratio	0.00662994696042432
feature_id	pO83_CORR.indel.blast.NC_017659.1.fake.1.1898.1.+.q.1,	feature_shift_x	0,start	0	end	1898	ratio	0.00662994696042432
draw feature_id = pO83_CORR.indel.blast.NC_017659.1.fake.1891.5257.1.+.q.1
1brefore, feature_id	pO83_CORR.indel.blast.NC_017659.1.fake.1891.5257.1.+.q.1,	feature_shift_x	,start	1891	end	5257
2brefore, feature_id	pO83_CORR.indel.blast.NC_017659.1.fake.1891.5257.1.+.q.1,	feature_shift_x	0,start	1891	end	5257	ratio	0.00662994696042432
feature_id	pO83_CORR.indel.blast.NC_017659.1.fake.1891.5257.1.+.q.1,	feature_shift_x	0,start	1890	end	5257	ratio	0.00662994696042432
draw feature_id = pO83_CORR.indel.blast.NC_017659.1.fake.5251.5460.1.+.q.1
1brefore, feature_id	pO83_CORR.indel.blast.NC_017659.1.fake.5251.5460.1.+.q.1,	feature_shift_x	,start	5251	end	5460
2brefore, feature_id	pO83_CORR.indel.blast.NC_017659.1.fake.5251.5460.1.+.q.1,	feature_shift_x	0,start	5251	end	5460	ratio	0.00662994696042432
feature_id	pO83_CORR.indel.blast.NC_017659.1.fake.5251.5460.1.+.q.1,	feature_shift_x	0,start	5250	end	5460	ratio	0.00662994696042432
draw feature_id = pO83_CORR.indel.blast.NC_017659.1.fake.5460.147060.1.+.q.1
1brefore, feature_id	pO83_CORR.indel.blast.NC_017659.1.fake.5460.147060.1.+.q.1,	feature_shift_x	,start	5460	end	147060
2brefore, feature_id	pO83_CORR.indel.blast.NC_017659.1.fake.5460.147060.1.+.q.1,	feature_shift_x	0,start	5460	end	147060	ratio	0.00662994696042432
feature_id	pO83_CORR.indel.blast.NC_017659.1.fake.5460.147060.1.+.q.1,	feature_shift_x	0,start	5459	end	147060	ratio	0.00662994696042432
draw feature_id = pO83_CORR.indel.blast.NC_017659.1.fake.15820.15942.1.-.q.1
1brefore, feature_id	pO83_CORR.indel.blast.NC_017659.1.fake.15820.15942.1.-.q.1,	feature_shift_x	,start	15820	end	15942
2brefore, feature_id	pO83_CORR.indel.blast.NC_017659.1.fake.15820.15942.1.-.q.1,	feature_shift_x	0,start	15820	end	15942	ratio	0.00662994696042432
feature_id	pO83_CORR.indel.blast.NC_017659.1.fake.15820.15942.1.-.q.1,	feature_shift_x	0,start	15819	end	15942	ratio	0.00662994696042432
draw feature_id = pO83_CORR.indel.blast.NC_017659.1.fake.34724.36500.1.-.q.1
1brefore, feature_id	pO83_CORR.indel.blast.NC_017659.1.fake.34724.36500.1.-.q.1,	feature_shift_x	,start	34724	end	36500
2brefore, feature_id	pO83_CORR.indel.blast.NC_017659.1.fake.34724.36500.1.-.q.1,	feature_shift_x	0,start	34724	end	36500	ratio	0.00662994696042432
feature_id	pO83_CORR.indel.blast.NC_017659.1.fake.34724.36500.1.-.q.1,	feature_shift_x	0,start	34723	end	36500	ratio	0.00662994696042432
draw feature_id = pO83_CORR.indel.blast.NC_017659.1.fake.40487.42262.1.-.q.1
1brefore, feature_id	pO83_CORR.indel.blast.NC_017659.1.fake.40487.42262.1.-.q.1,	feature_shift_x	,start	40487	end	42262
2brefore, feature_id	pO83_CORR.indel.blast.NC_017659.1.fake.40487.42262.1.-.q.1,	feature_shift_x	0,start	40487	end	42262	ratio	0.00662994696042432
feature_id	pO83_CORR.indel.blast.NC_017659.1.fake.40487.42262.1.-.q.1,	feature_shift_x	0,start	40486	end	42262	ratio	0.00662994696042432
draw feature_id = pO83_CORR.indel.blast.NC_017659.1.fake.43766.44534.1.-.q.1
1brefore, feature_id	pO83_CORR.indel.blast.NC_017659.1.fake.43766.44534.1.-.q.1,	feature_shift_x	,start	43766	end	44534
2brefore, feature_id	pO83_CORR.indel.blast.NC_017659.1.fake.43766.44534.1.-.q.1,	feature_shift_x	0,start	43766	end	44534	ratio	0.00662994696042432
feature_id	pO83_CORR.indel.blast.NC_017659.1.fake.43766.44534.1.-.q.1,	feature_shift_x	0,start	43765	end	44534	ratio	0.00662994696042432
draw feature_id = pO83_CORR.indel.blast.NC_017659.1.fake.43767.44540.1.+.q.1
1brefore, feature_id	pO83_CORR.indel.blast.NC_017659.1.fake.43767.44540.1.+.q.1,	feature_shift_x	,start	43767	end	44540
2brefore, feature_id	pO83_CORR.indel.blast.NC_017659.1.fake.43767.44540.1.+.q.1,	feature_shift_x	0,start	43767	end	44540	ratio	0.00662994696042432
feature_id	pO83_CORR.indel.blast.NC_017659.1.fake.43767.44540.1.+.q.1,	feature_shift_x	0,start	43766	end	44540	ratio	0.00662994696042432
draw feature_id = pO83_CORR.indel.blast.NC_017659.1.fake.43767.44534.1.-.q.1
1brefore, feature_id	pO83_CORR.indel.blast.NC_017659.1.fake.43767.44534.1.-.q.1,	feature_shift_x	,start	43767	end	44534
2brefore, feature_id	pO83_CORR.indel.blast.NC_017659.1.fake.43767.44534.1.-.q.1,	feature_shift_x	0,start	43767	end	44534	ratio	0.00662994696042432
feature_id	pO83_CORR.indel.blast.NC_017659.1.fake.43767.44534.1.-.q.1,	feature_shift_x	0,start	43766	end	44534	ratio	0.00662994696042432
draw feature_id = pO83_CORR.indel.blast.NC_017659.1.fake.43767.44534.1.+.q.1
1brefore, feature_id	pO83_CORR.indel.blast.NC_017659.1.fake.43767.44534.1.+.q.1,	feature_shift_x	,start	43767	end	44534
2brefore, feature_id	pO83_CORR.indel.blast.NC_017659.1.fake.43767.44534.1.+.q.1,	feature_shift_x	0,start	43767	end	44534	ratio	0.00662994696042432
feature_id	pO83_CORR.indel.blast.NC_017659.1.fake.43767.44534.1.+.q.1,	feature_shift_x	0,start	43766	end	44534	ratio	0.00662994696042432
draw feature_id = pO83_CORR.indel.blast.NC_017659.1.fake.45180.45999.1.-.q.1
1brefore, feature_id	pO83_CORR.indel.blast.NC_017659.1.fake.45180.45999.1.-.q.1,	feature_shift_x	,start	45180	end	45999
2brefore, feature_id	pO83_CORR.indel.blast.NC_017659.1.fake.45180.45999.1.-.q.1,	feature_shift_x	0,start	45180	end	45999	ratio	0.00662994696042432
feature_id	pO83_CORR.indel.blast.NC_017659.1.fake.45180.45999.1.-.q.1,	feature_shift_x	0,start	45179	end	45999	ratio	0.00662994696042432
draw feature_id = pO83_CORR.indel.blast.NC_017659.1.fake.47530.48349.1.-.q.1
1brefore, feature_id	pO83_CORR.indel.blast.NC_017659.1.fake.47530.48349.1.-.q.1,	feature_shift_x	,start	47530	end	48349
2brefore, feature_id	pO83_CORR.indel.blast.NC_017659.1.fake.47530.48349.1.-.q.1,	feature_shift_x	0,start	47530	end	48349	ratio	0.00662994696042432
feature_id	pO83_CORR.indel.blast.NC_017659.1.fake.47530.48349.1.-.q.1,	feature_shift_x	0,start	47529	end	48349	ratio	0.00662994696042432
draw feature_id = pO83_CORR.indel.blast.NC_017659.1.fake.74013.74783.1.+.q.1
1brefore, feature_id	pO83_CORR.indel.blast.NC_017659.1.fake.74013.74783.1.+.q.1,	feature_shift_x	,start	74013	end	74783
2brefore, feature_id	pO83_CORR.indel.blast.NC_017659.1.fake.74013.74783.1.+.q.1,	feature_shift_x	0,start	74013	end	74783	ratio	0.00662994696042432
feature_id	pO83_CORR.indel.blast.NC_017659.1.fake.74013.74783.1.+.q.1,	feature_shift_x	0,start	74012	end	74783	ratio	0.00662994696042432
draw feature_id = pO83_CORR.indel.blast.NC_017659.1.fake.74015.74783.1.-.q.1
1brefore, feature_id	pO83_CORR.indel.blast.NC_017659.1.fake.74015.74783.1.-.q.1,	feature_shift_x	,start	74015	end	74783
2brefore, feature_id	pO83_CORR.indel.blast.NC_017659.1.fake.74015.74783.1.-.q.1,	feature_shift_x	0,start	74015	end	74783	ratio	0.00662994696042432
feature_id	pO83_CORR.indel.blast.NC_017659.1.fake.74015.74783.1.-.q.1,	feature_shift_x	0,start	74014	end	74783	ratio	0.00662994696042432
draw feature_id = pO83_CORR.indel.blast.NC_017659.1.fake.74016.74784.1.-.q.1
1brefore, feature_id	pO83_CORR.indel.blast.NC_017659.1.fake.74016.74784.1.-.q.1,	feature_shift_x	,start	74016	end	74784
2brefore, feature_id	pO83_CORR.indel.blast.NC_017659.1.fake.74016.74784.1.-.q.1,	feature_shift_x	0,start	74016	end	74784	ratio	0.00662994696042432
feature_id	pO83_CORR.indel.blast.NC_017659.1.fake.74016.74784.1.-.q.1,	feature_shift_x	0,start	74015	end	74784	ratio	0.00662994696042432
draw feature_id = pO83_CORR.indel.blast.NC_017659.1.fake.74016.74783.1.-.q.1
1brefore, feature_id	pO83_CORR.indel.blast.NC_017659.1.fake.74016.74783.1.-.q.1,	feature_shift_x	,start	74016	end	74783
2brefore, feature_id	pO83_CORR.indel.blast.NC_017659.1.fake.74016.74783.1.-.q.1,	feature_shift_x	0,start	74016	end	74783	ratio	0.00662994696042432
feature_id	pO83_CORR.indel.blast.NC_017659.1.fake.74016.74783.1.-.q.1,	feature_shift_x	0,start	74015	end	74783	ratio	0.00662994696042432
draw feature_id = pO83_CORR.indel.blast.NC_017659.1.fake.74940.75060.1.-.q.1
1brefore, feature_id	pO83_CORR.indel.blast.NC_017659.1.fake.74940.75060.1.-.q.1,	feature_shift_x	,start	74940	end	75060
2brefore, feature_id	pO83_CORR.indel.blast.NC_017659.1.fake.74940.75060.1.-.q.1,	feature_shift_x	0,start	74940	end	75060	ratio	0.00662994696042432
feature_id	pO83_CORR.indel.blast.NC_017659.1.fake.74940.75060.1.-.q.1,	feature_shift_x	0,start	74939	end	75060	ratio	0.00662994696042432
draw feature_id = pO83_CORR.indel.blast.NC_017659.1.fake.103111.103472.1.+.q.1
1brefore, feature_id	pO83_CORR.indel.blast.NC_017659.1.fake.103111.103472.1.+.q.1,	feature_shift_x	,start	103111	end	103472
2brefore, feature_id	pO83_CORR.indel.blast.NC_017659.1.fake.103111.103472.1.+.q.1,	feature_shift_x	0,start	103111	end	103472	ratio	0.00662994696042432
feature_id	pO83_CORR.indel.blast.NC_017659.1.fake.103111.103472.1.+.q.1,	feature_shift_x	0,start	103110	end	103472	ratio	0.00662994696042432
draw feature_id = pO83_CORR.indel.blast.NC_017659.1.fake.106746.107107.1.+.q.1
1brefore, feature_id	pO83_CORR.indel.blast.NC_017659.1.fake.106746.107107.1.+.q.1,	feature_shift_x	,start	106746	end	107107
2brefore, feature_id	pO83_CORR.indel.blast.NC_017659.1.fake.106746.107107.1.+.q.1,	feature_shift_x	0,start	106746	end	107107	ratio	0.00662994696042432
feature_id	pO83_CORR.indel.blast.NC_017659.1.fake.106746.107107.1.+.q.1,	feature_shift_x	0,start	106745	end	107107	ratio	0.00662994696042432
draw feature_id = pO83_CORR.indel.blast.NC_017659.1.fake.107471.107574.1.+.q.1
1brefore, feature_id	pO83_CORR.indel.blast.NC_017659.1.fake.107471.107574.1.+.q.1,	feature_shift_x	,start	107471	end	107574
2brefore, feature_id	pO83_CORR.indel.blast.NC_017659.1.fake.107471.107574.1.+.q.1,	feature_shift_x	0,start	107471	end	107574	ratio	0.00662994696042432
feature_id	pO83_CORR.indel.blast.NC_017659.1.fake.107471.107574.1.+.q.1,	feature_shift_x	0,start	107470	end	107574	ratio	0.00662994696042432
draw feature_id = pO83_CORR.indel.blast.NC_017659.1.fake.107471.107703.1.+.q.1
1brefore, feature_id	pO83_CORR.indel.blast.NC_017659.1.fake.107471.107703.1.+.q.1,	feature_shift_x	,start	107471	end	107703
2brefore, feature_id	pO83_CORR.indel.blast.NC_017659.1.fake.107471.107703.1.+.q.1,	feature_shift_x	0,start	107471	end	107703	ratio	0.00662994696042432
feature_id	pO83_CORR.indel.blast.NC_017659.1.fake.107471.107703.1.+.q.1,	feature_shift_x	0,start	107470	end	107703	ratio	0.00662994696042432
draw feature_id = pO83_CORR.indel.blast.NC_017659.1.fake.107471.107875.1.+.q.1
1brefore, feature_id	pO83_CORR.indel.blast.NC_017659.1.fake.107471.107875.1.+.q.1,	feature_shift_x	,start	107471	end	107875
2brefore, feature_id	pO83_CORR.indel.blast.NC_017659.1.fake.107471.107875.1.+.q.1,	feature_shift_x	0,start	107471	end	107875	ratio	0.00662994696042432
feature_id	pO83_CORR.indel.blast.NC_017659.1.fake.107471.107875.1.+.q.1,	feature_shift_x	0,start	107470	end	107875	ratio	0.00662994696042432
draw feature_id = pO83_CORR.indel.blast.NC_017659.1.fake.107471.107789.1.+.q.1
1brefore, feature_id	pO83_CORR.indel.blast.NC_017659.1.fake.107471.107789.1.+.q.1,	feature_shift_x	,start	107471	end	107789
2brefore, feature_id	pO83_CORR.indel.blast.NC_017659.1.fake.107471.107789.1.+.q.1,	feature_shift_x	0,start	107471	end	107789	ratio	0.00662994696042432
feature_id	pO83_CORR.indel.blast.NC_017659.1.fake.107471.107789.1.+.q.1,	feature_shift_x	0,start	107470	end	107789	ratio	0.00662994696042432
draw feature_id = pO83_CORR.indel.blast.NC_017659.1.fake.107477.107617.1.+.q.1
1brefore, feature_id	pO83_CORR.indel.blast.NC_017659.1.fake.107477.107617.1.+.q.1,	feature_shift_x	,start	107477	end	107617
2brefore, feature_id	pO83_CORR.indel.blast.NC_017659.1.fake.107477.107617.1.+.q.1,	feature_shift_x	0,start	107477	end	107617	ratio	0.00662994696042432
feature_id	pO83_CORR.indel.blast.NC_017659.1.fake.107477.107617.1.+.q.1,	feature_shift_x	0,start	107476	end	107617	ratio	0.00662994696042432
draw feature_id = pO83_CORR.indel.blast.NC_017659.1.fake.107557.107961.1.+.q.1
1brefore, feature_id	pO83_CORR.indel.blast.NC_017659.1.fake.107557.107961.1.+.q.1,	feature_shift_x	,start	107557	end	107961
2brefore, feature_id	pO83_CORR.indel.blast.NC_017659.1.fake.107557.107961.1.+.q.1,	feature_shift_x	0,start	107557	end	107961	ratio	0.00662994696042432
feature_id	pO83_CORR.indel.blast.NC_017659.1.fake.107557.107961.1.+.q.1,	feature_shift_x	0,start	107556	end	107961	ratio	0.00662994696042432
draw feature_id = pO83_CORR.indel.blast.NC_017659.1.fake.107600.107959.1.-.q.1
1brefore, feature_id	pO83_CORR.indel.blast.NC_017659.1.fake.107600.107959.1.-.q.1,	feature_shift_x	,start	107600	end	107959
2brefore, feature_id	pO83_CORR.indel.blast.NC_017659.1.fake.107600.107959.1.-.q.1,	feature_shift_x	0,start	107600	end	107959	ratio	0.00662994696042432
feature_id	pO83_CORR.indel.blast.NC_017659.1.fake.107600.107959.1.-.q.1,	feature_shift_x	0,start	107599	end	107959	ratio	0.00662994696042432
draw feature_id = pO83_CORR.indel.blast.NC_017659.1.fake.107643.107961.1.+.q.1
1brefore, feature_id	pO83_CORR.indel.blast.NC_017659.1.fake.107643.107961.1.+.q.1,	feature_shift_x	,start	107643	end	107961
2brefore, feature_id	pO83_CORR.indel.blast.NC_017659.1.fake.107643.107961.1.+.q.1,	feature_shift_x	0,start	107643	end	107961	ratio	0.00662994696042432
feature_id	pO83_CORR.indel.blast.NC_017659.1.fake.107643.107961.1.+.q.1,	feature_shift_x	0,start	107642	end	107961	ratio	0.00662994696042432
draw feature_id = pO83_CORR.indel.blast.NC_017659.1.fake.107729.107961.1.+.q.1
1brefore, feature_id	pO83_CORR.indel.blast.NC_017659.1.fake.107729.107961.1.+.q.1,	feature_shift_x	,start	107729	end	107961
2brefore, feature_id	pO83_CORR.indel.blast.NC_017659.1.fake.107729.107961.1.+.q.1,	feature_shift_x	0,start	107729	end	107961	ratio	0.00662994696042432
feature_id	pO83_CORR.indel.blast.NC_017659.1.fake.107729.107961.1.+.q.1,	feature_shift_x	0,start	107728	end	107961	ratio	0.00662994696042432
draw feature_id = pO83_CORR.indel.blast.NC_017659.1.fake.107821.107961.1.+.q.1
1brefore, feature_id	pO83_CORR.indel.blast.NC_017659.1.fake.107821.107961.1.+.q.1,	feature_shift_x	,start	107821	end	107961
2brefore, feature_id	pO83_CORR.indel.blast.NC_017659.1.fake.107821.107961.1.+.q.1,	feature_shift_x	0,start	107821	end	107961	ratio	0.00662994696042432
feature_id	pO83_CORR.indel.blast.NC_017659.1.fake.107821.107961.1.+.q.1,	feature_shift_x	0,start	107820	end	107961	ratio	0.00662994696042432
draw feature_id = pO83_CORR.indel.blast.NC_017659.1.fake.107858.107961.1.+.q.1
1brefore, feature_id	pO83_CORR.indel.blast.NC_017659.1.fake.107858.107961.1.+.q.1,	feature_shift_x	,start	107858	end	107961
2brefore, feature_id	pO83_CORR.indel.blast.NC_017659.1.fake.107858.107961.1.+.q.1,	feature_shift_x	0,start	107858	end	107961	ratio	0.00662994696042432
feature_id	pO83_CORR.indel.blast.NC_017659.1.fake.107858.107961.1.+.q.1,	feature_shift_x	0,start	107857	end	107961	ratio	0.00662994696042432
draw feature_id = pO83_CORR.indel.blast.NC_017659.1.fake.110471.111241.1.+.q.1
1brefore, feature_id	pO83_CORR.indel.blast.NC_017659.1.fake.110471.111241.1.+.q.1,	feature_shift_x	,start	110471	end	111241
2brefore, feature_id	pO83_CORR.indel.blast.NC_017659.1.fake.110471.111241.1.+.q.1,	feature_shift_x	0,start	110471	end	111241	ratio	0.00662994696042432
feature_id	pO83_CORR.indel.blast.NC_017659.1.fake.110471.111241.1.+.q.1,	feature_shift_x	0,start	110470	end	111241	ratio	0.00662994696042432
draw feature_id = pO83_CORR.indel.blast.NC_017659.1.fake.110474.111241.1.-.q.1
1brefore, feature_id	pO83_CORR.indel.blast.NC_017659.1.fake.110474.111241.1.-.q.1,	feature_shift_x	,start	110474	end	111241
2brefore, feature_id	pO83_CORR.indel.blast.NC_017659.1.fake.110474.111241.1.-.q.1,	feature_shift_x	0,start	110474	end	111241	ratio	0.00662994696042432
feature_id	pO83_CORR.indel.blast.NC_017659.1.fake.110474.111241.1.-.q.1,	feature_shift_x	0,start	110473	end	111241	ratio	0.00662994696042432
draw feature_id = pO83_CORR.indel.blast.NC_017659.1.fake.110474.111244.1.-.q.1
1brefore, feature_id	pO83_CORR.indel.blast.NC_017659.1.fake.110474.111244.1.-.q.1,	feature_shift_x	,start	110474	end	111244
2brefore, feature_id	pO83_CORR.indel.blast.NC_017659.1.fake.110474.111244.1.-.q.1,	feature_shift_x	0,start	110474	end	111244	ratio	0.00662994696042432
feature_id	pO83_CORR.indel.blast.NC_017659.1.fake.110474.111244.1.-.q.1,	feature_shift_x	0,start	110473	end	111244	ratio	0.00662994696042432
draw feature_id = pO83_CORR.indel.blast.NC_017659.1.fake.126723.127490.1.+.q.1
1brefore, feature_id	pO83_CORR.indel.blast.NC_017659.1.fake.126723.127490.1.+.q.1,	feature_shift_x	,start	126723	end	127490
2brefore, feature_id	pO83_CORR.indel.blast.NC_017659.1.fake.126723.127490.1.+.q.1,	feature_shift_x	0,start	126723	end	127490	ratio	0.00662994696042432
feature_id	pO83_CORR.indel.blast.NC_017659.1.fake.126723.127490.1.+.q.1,	feature_shift_x	0,start	126722	end	127490	ratio	0.00662994696042432
draw feature_id = pO83_CORR.indel.blast.NC_017659.1.fake.126723.127490.1.-.q.1
1brefore, feature_id	pO83_CORR.indel.blast.NC_017659.1.fake.126723.127490.1.-.q.1,	feature_shift_x	,start	126723	end	127490
2brefore, feature_id	pO83_CORR.indel.blast.NC_017659.1.fake.126723.127490.1.-.q.1,	feature_shift_x	0,start	126723	end	127490	ratio	0.00662994696042432
feature_id	pO83_CORR.indel.blast.NC_017659.1.fake.126723.127490.1.-.q.1,	feature_shift_x	0,start	126722	end	127490	ratio	0.00662994696042432
draw feature_id = pO83_CORR.indel.blast.NC_017659.1.fake.138798.139568.1.-.q.1
1brefore, feature_id	pO83_CORR.indel.blast.NC_017659.1.fake.138798.139568.1.-.q.1,	feature_shift_x	,start	138798	end	139568
2brefore, feature_id	pO83_CORR.indel.blast.NC_017659.1.fake.138798.139568.1.-.q.1,	feature_shift_x	0,start	138798	end	139568	ratio	0.00662994696042432
feature_id	pO83_CORR.indel.blast.NC_017659.1.fake.138798.139568.1.-.q.1,	feature_shift_x	0,start	138797	end	139568	ratio	0.00662994696042432
draw feature_id = pO83_CORR.indel.blast.NC_017659.1.fake.138801.139574.1.+.q.1
1brefore, feature_id	pO83_CORR.indel.blast.NC_017659.1.fake.138801.139574.1.+.q.1,	feature_shift_x	,start	138801	end	139574
2brefore, feature_id	pO83_CORR.indel.blast.NC_017659.1.fake.138801.139574.1.+.q.1,	feature_shift_x	0,start	138801	end	139574	ratio	0.00662994696042432
feature_id	pO83_CORR.indel.blast.NC_017659.1.fake.138801.139574.1.+.q.1,	feature_shift_x	0,start	138800	end	139574	ratio	0.00662994696042432
draw feature_id = pO83_CORR.indel.blast.NC_017659.1.fake.138801.139569.1.-.q.1
1brefore, feature_id	pO83_CORR.indel.blast.NC_017659.1.fake.138801.139569.1.-.q.1,	feature_shift_x	,start	138801	end	139569
2brefore, feature_id	pO83_CORR.indel.blast.NC_017659.1.fake.138801.139569.1.-.q.1,	feature_shift_x	0,start	138801	end	139569	ratio	0.00662994696042432
feature_id	pO83_CORR.indel.blast.NC_017659.1.fake.138801.139569.1.-.q.1,	feature_shift_x	0,start	138800	end	139569	ratio	0.00662994696042432
draw feature_id = pO83_CORR.indel.blast.NC_017659.1.fake.138801.139568.1.+.q.1
1brefore, feature_id	pO83_CORR.indel.blast.NC_017659.1.fake.138801.139568.1.+.q.1,	feature_shift_x	,start	138801	end	139568
2brefore, feature_id	pO83_CORR.indel.blast.NC_017659.1.fake.138801.139568.1.+.q.1,	feature_shift_x	0,start	138801	end	139568	ratio	0.00662994696042432
feature_id	pO83_CORR.indel.blast.NC_017659.1.fake.138801.139568.1.+.q.1,	feature_shift_x	0,start	138800	end	139568	ratio	0.00662994696042432
draw feature_id = pO83_CORR.indel.blast.NC_017659.1.fake.141329.141474.1.+.q.1
1brefore, feature_id	pO83_CORR.indel.blast.NC_017659.1.fake.141329.141474.1.+.q.1,	feature_shift_x	,start	141329	end	141474
2brefore, feature_id	pO83_CORR.indel.blast.NC_017659.1.fake.141329.141474.1.+.q.1,	feature_shift_x	0,start	141329	end	141474	ratio	0.00662994696042432
feature_id	pO83_CORR.indel.blast.NC_017659.1.fake.141329.141474.1.+.q.1,	feature_shift_x	0,start	141328	end	141474	ratio	0.00662994696042432
draw feature_id = pO83_CORR.indel.blast.NC_017659.1.fake.144228.144373.1.+.q.1
1brefore, feature_id	pO83_CORR.indel.blast.NC_017659.1.fake.144228.144373.1.+.q.1,	feature_shift_x	,start	144228	end	144373
2brefore, feature_id	pO83_CORR.indel.blast.NC_017659.1.fake.144228.144373.1.+.q.1,	feature_shift_x	0,start	144228	end	144373	ratio	0.00662994696042432
feature_id	pO83_CORR.indel.blast.NC_017659.1.fake.144228.144373.1.+.q.1,	feature_shift_x	0,start	144227	end	144373	ratio	0.00662994696042432
draw sample name pO83_CORR.twin.minimap
using /ClustersPloter/src/Times_New_Roman.ttf
text is NC_017659.1, fontsize is 6, ttf is /ClustersPloter/src/Times_New_Roman.ttf
draw feature_id = pO83_CORR.twin.minimap.NC_017659.1.1.147060.2.+.t.1
1brefore, feature_id	pO83_CORR.twin.minimap.NC_017659.1.1.147060.2.+.t.1,	feature_shift_x	,start	1	end	147060
2brefore, feature_id	pO83_CORR.twin.minimap.NC_017659.1.1.147060.2.+.t.1,	feature_shift_x	0,start	1	end	147060	ratio	0.00662994696042432
feature_id	pO83_CORR.twin.minimap.NC_017659.1.1.147060.2.+.t.1,	feature_shift_x	0,start	0	end	147060	ratio	0.00662994696042432
check_blocks_two_ends_cord pO83_CORR.twin.minimap,NC_017659.1,1,1 -> 130,382.666666666667
check_blocks_two_ends_cord pO83_CORR.twin.minimap,NC_017659.1,1,147060 -> 1105,382.666666666667
check_blocks_two_ends_cord pO83_CORR.indel.blast,NC_017659.1.fake,1,147060 -> 1105,249.333333333333
check_blocks_two_ends_cord pO83_CORR.indel.blast,NC_017659.1.fake,1,1 -> 130,249.333333333333
check_blocks_two_ends_cord pO83_CORR,NC_017659.1,1,147060 -> 1105,116
check_blocks_two_ends_cord pO83_CORR,NC_017659.1,1,1 -> 130,116




plot crosslink pair pO83_CORR.indel.blast.NC_017659.1.fake.74016.74783.1.-.q.1,pO83_CORR.NC_017659.1.127490.126723.1.-.t.1, 1th -> 46
plot crosslink pair pO83_CORR.indel.blast.NC_017659.1.fake.34724.36500.1.-.q.1,pO83_CORR.NC_017659.1.42262.40487.1.-.t.1, 2th -> 46
plot crosslink pair pO83_CORR.indel.blast.NC_017659.1.fake.110471.111241.1.+.q.1,pO83_CORR.NC_017659.1.74013.74783.1.+.t.1, 3th -> 46
plot crosslink pair pO83_CORR.indel.blast.NC_017659.1.fake.107471.107574.1.+.q.1,pO83_CORR.NC_017659.1.107858.107961.1.+.t.1, 4th -> 46
plot crosslink pair pO83_CORR.indel.blast.NC_017659.1.fake.110474.111241.1.-.q.1,pO83_CORR.NC_017659.1.127490.126723.1.-.t.1, 5th -> 46
plot crosslink pair pO83_CORR.indel.blast.NC_017659.1.fake.45180.45999.1.-.q.1,pO83_CORR.NC_017659.1.48349.47530.1.-.t.1, 6th -> 46
plot crosslink pair pO83_CORR.indel.blast.NC_017659.1.fake.141329.141474.1.+.q.1,pO83_CORR.NC_017659.1.144228.144373.1.+.t.1, 7th -> 46
plot crosslink pair pO83_CORR.indel.blast.NC_017659.1.fake.15820.15942.1.-.q.1,pO83_CORR.NC_017659.1.75060.74940.1.-.t.1, 8th -> 46
plot crosslink pair pO83_CORR.indel.blast.NC_017659.1.fake.144228.144373.1.+.q.1,pO83_CORR.NC_017659.1.141329.141474.1.+.t.1, 9th -> 46
plot crosslink pair pO83_CORR.indel.blast.NC_017659.1.fake.1.1898.1.+.q.1,pO83_CORR.NC_017659.1.1.1898.1.+.t.1, 10th -> 46
plot crosslink pair pO83_CORR.indel.blast.NC_017659.1.fake.103111.103472.1.+.q.1,pO83_CORR.NC_017659.1.106746.107107.1.+.t.1, 11th -> 46
plot crosslink pair pO83_CORR.indel.blast.NC_017659.1.fake.74016.74784.1.-.q.1,pO83_CORR.NC_017659.1.44534.43766.1.-.t.1, 12th -> 46
plot crosslink pair pO83_CORR.indel.blast.NC_017659.1.fake.5251.5460.1.+.q.1,pO83_CORR.NC_017659.1.1891.2100.1.+.t.1, 13th -> 46
plot crosslink pair pO83_CORR.indel.blast.NC_017659.1.fake.107729.107961.1.+.q.1,pO83_CORR.NC_017659.1.107471.107703.1.+.t.1, 14th -> 46
plot crosslink pair pO83_CORR.indel.blast.NC_017659.1.fake.138801.139568.1.+.q.1,pO83_CORR.NC_017659.1.126723.127490.1.+.t.1, 15th -> 46
plot crosslink pair pO83_CORR.indel.blast.NC_017659.1.fake.43767.44540.1.+.q.1,pO83_CORR.NC_017659.1.138801.139574.1.+.t.1, 16th -> 46
plot crosslink pair pO83_CORR.indel.blast.NC_017659.1.fake.107858.107961.1.+.q.1,pO83_CORR.NC_017659.1.107471.107574.1.+.t.1, 17th -> 46
plot crosslink pair pO83_CORR.indel.blast.NC_017659.1.fake.107643.107961.1.+.q.1,pO83_CORR.NC_017659.1.107471.107789.1.+.t.1, 18th -> 46
plot crosslink pair pO83_CORR.indel.blast.NC_017659.1.fake.74015.74783.1.-.q.1,pO83_CORR.NC_017659.1.139569.138801.1.-.t.1, 19th -> 46
plot crosslink pair pO83_CORR.indel.blast.NC_017659.1.fake.43766.44534.1.-.q.1,pO83_CORR.NC_017659.1.74784.74016.1.-.t.1, 20th -> 46
plot crosslink pair pO83_CORR.indel.blast.NC_017659.1.fake.1.147060.2.+.q.1,pO83_CORR.twin.minimap.NC_017659.1.1.147060.2.+.t.1, 21th -> 46
plot crosslink pair pO83_CORR.indel.blast.NC_017659.1.fake.107471.107875.1.+.q.1,pO83_CORR.NC_017659.1.107557.107961.1.+.t.1, 22th -> 46
plot crosslink pair pO83_CORR.indel.blast.NC_017659.1.fake.126723.127490.1.-.q.1,pO83_CORR.NC_017659.1.74783.74016.1.-.t.1, 23th -> 46
plot crosslink pair pO83_CORR.indel.blast.NC_017659.1.fake.40487.42262.1.-.q.1,pO83_CORR.NC_017659.1.36500.34724.1.-.t.1, 24th -> 46
plot crosslink pair pO83_CORR.indel.blast.NC_017659.1.fake.107471.107789.1.+.q.1,pO83_CORR.NC_017659.1.107643.107961.1.+.t.1, 25th -> 46
plot crosslink pair pO83_CORR.indel.blast.NC_017659.1.fake.126723.127490.1.-.q.1,pO83_CORR.NC_017659.1.111241.110474.1.-.t.1, 26th -> 46
plot crosslink pair pO83_CORR.indel.blast.NC_017659.1.fake.43767.44534.1.-.q.1,pO83_CORR.NC_017659.1.111241.110474.1.-.t.1, 27th -> 46
plot crosslink pair pO83_CORR.indel.blast.NC_017659.1.fake.74940.75060.1.-.q.1,pO83_CORR.NC_017659.1.15942.15820.1.-.t.1, 28th -> 46
plot crosslink pair pO83_CORR.indel.blast.NC_017659.1.fake.107557.107961.1.+.q.1,pO83_CORR.NC_017659.1.107471.107875.1.+.t.1, 29th -> 46
plot crosslink pair pO83_CORR.indel.blast.NC_017659.1.fake.138801.139574.1.+.q.1,pO83_CORR.NC_017659.1.43767.44540.1.+.t.1, 30th -> 46
plot crosslink pair pO83_CORR.indel.blast.NC_017659.1.fake.107600.107959.1.-.q.1,pO83_CORR.NC_017659.1.107959.107600.1.-.t.1, 31th -> 46
plot crosslink pair pO83_CORR.indel.blast.NC_017659.1.fake.110474.111244.1.-.q.1,pO83_CORR.NC_017659.1.139568.138798.1.-.t.1, 32th -> 46
plot crosslink pair pO83_CORR.indel.blast.NC_017659.1.fake.106746.107107.1.+.q.1,pO83_CORR.NC_017659.1.103111.103472.1.+.t.1, 33th -> 46
plot crosslink pair pO83_CORR.indel.blast.NC_017659.1.fake.1891.5257.1.+.q.1,pO83_CORR.NC_017659.1.2101.5468.1.+.t.1, 34th -> 46
plot crosslink pair pO83_CORR.indel.blast.NC_017659.1.fake.126723.127490.1.+.q.1,pO83_CORR.NC_017659.1.43767.44534.1.+.t.1, 35th -> 46
plot crosslink pair pO83_CORR.indel.blast.NC_017659.1.fake.43767.44534.1.+.q.1,pO83_CORR.NC_017659.1.126723.127490.1.+.t.1, 36th -> 46
plot crosslink pair pO83_CORR.indel.blast.NC_017659.1.fake.138801.139569.1.-.q.1,pO83_CORR.NC_017659.1.74783.74015.1.-.t.1, 37th -> 46
plot crosslink pair pO83_CORR.indel.blast.NC_017659.1.fake.107821.107961.1.+.q.1,pO83_CORR.NC_017659.1.107477.107617.1.+.t.1, 38th -> 46
plot crosslink pair pO83_CORR.indel.blast.NC_017659.1.fake.47530.48349.1.-.q.1,pO83_CORR.NC_017659.1.45999.45180.1.-.t.1, 39th -> 46
plot crosslink pair pO83_CORR.indel.blast.NC_017659.1.fake.126723.127490.1.+.q.1,pO83_CORR.NC_017659.1.138801.139568.1.+.t.1, 40th -> 46
plot crosslink pair pO83_CORR.indel.blast.NC_017659.1.fake.138798.139568.1.-.q.1,pO83_CORR.NC_017659.1.111244.110474.1.-.t.1, 41th -> 46
plot crosslink pair pO83_CORR.indel.blast.NC_017659.1.fake.110474.111241.1.-.q.1,pO83_CORR.NC_017659.1.44534.43767.1.-.t.1, 42th -> 46
plot crosslink pair pO83_CORR.indel.blast.NC_017659.1.fake.107477.107617.1.+.q.1,pO83_CORR.NC_017659.1.107821.107961.1.+.t.1, 43th -> 46
plot crosslink pair pO83_CORR.indel.blast.NC_017659.1.fake.74013.74783.1.+.q.1,pO83_CORR.NC_017659.1.110471.111241.1.+.t.1, 44th -> 46
plot crosslink pair pO83_CORR.indel.blast.NC_017659.1.fake.5460.147060.1.+.q.1,pO83_CORR.NC_017659.1.5460.147060.1.+.t.1, 45th -> 46
plot crosslink pair pO83_CORR.indel.blast.NC_017659.1.fake.107471.107703.1.+.q.1,pO83_CORR.NC_017659.1.107729.107961.1.+.t.1, 46th -> 46
scale_display is yes
disply scale
unit_scale is 11.2709098327213=1700*0.00662994696042432
ticks number is 86
cluster_width_ratio 0.75*1300 % 11.2709098327213
order is -1
order is 0.0222222222222222
order is 0.0444444444444444
order is 0.0666666666666667
order is 0.0888888888888889
order is 0.111111111111111
order is 0.133333333333333
order is 0.155555555555556
order is 0.177777777777778
order is 0.2
order is 0.222222222222222
order is 0.244444444444444
order is 0.266666666666667
order is 0.288888888888889
order is 0.311111111111111
order is 0.333333333333333
order is 0.355555555555556
order is 0.377777777777778
order is 0.4
order is 0.422222222222222
order is 0.444444444444444
order is 0.466666666666667
order is 0.488888888888889
order is 0.511111111111111
order is 0.533333333333333
order is 0.555555555555556
order is 0.577777777777778
order is 0.6
order is 0.622222222222222
order is 0.644444444444444
order is 0.666666666666667
order is 0.688888888888889
order is 0.711111111111111
order is 0.733333333333333
order is 0.755555555555556
order is 0.777777777777778
order is 0.8
order is 0.822222222222222
order is 0.844444444444444
order is 0.866666666666667
order is 0.888888888888889
order is 0.911111111111111
order is 0.933333333333333
order is 0.955555555555556
order is 0.977777777777778
order is 1
order is 5

outfile is  ./out8.svg and ./out8.notitle.svg ./out8.html

if you want png or pdf format,you could use convert or cairosvg to convert svg to pdf or png:
	convert  -density 100 ./out8.svg ./out8.png
	convert -density 100 ./out8.svg ./out8.dpi100.pdf

/ClustersPloter/src/navigator
/ClustersPloter/src/svg-pan-zoom.js exists,
	so output ./out8.html, which you can zoom in/out or drag, thanks https://github.com/ariutta/svg-pan-zoom

