Mon Apr 13 09:24:17 UTC 2020
output is:
-rw-r--r-- 1 root root 675K Apr 13 09:24 out3.html
-rw-r--r-- 1 root root  51K Apr 13 09:24 out3.notitle.svg
-rw-r--r-- 1 root root  84K Apr 13 09:24 out3.svg

sh ../ClustersPloter.sh  tracks.4.list  out4 . main.4.conf
+ sh ../ClustersPloter.sh tracks.4.list out4 . main.4.conf
-e 
find Imager::Font
find /usr/bin/samtools
find /usr/bin/sort
find /usr/bin/perl

Mon Apr 13 09:24:17 UTC 2020
-e perl /ClustersPloter/src/prepare.data.pl --list tracks.4.list --prefix out4 --outdir . --conf main.4.conf >out4.prepare.data.log 2>out4.prepare.data.error.tmp 

-e 
error: not support default_legend in --conf . only support absolute_postion_in_title connect_stroke_color connect_stroke_dasharray connect_stroke_width connect_with_same_scaffold cross_link_anchor_pos cross_link_color cross_link_height_ellipse cross_link_opacity cross_link_order cross_link_orientation_ellipse cross_link_shape crossing_link display_feature display_feature_label display_legend distance_closed_feature feature_arrow_sharp_extent feature_arrow_width_extent feature_border_color feature_border_size feature_color feature_height_ratio feature_keywords feature_label_auto_angle_flag feature_label_color feature_label_order feature_label_size feature_order feature_setting feature_shape feature_shift_x feature_shift_y feature_shift_y_unit genome_height_ratio ignore_sharp_arrow label_rotate_angle legend_font_size legend_height_ratio legend_height_space legend_stroke_color legend_stroke_width legend_width_margin legend_width_textpercent y_margin_feature_label x_margin_feature_label pdf_dpi pos_feature_label sample_name_color_default sample_name_font_size_default sample_name_old2new scale_color scale_display scale_order scale_padding_y scale_position scale_ratio scale_tick_fontsize scale_tick_height scale_tick_opacity scale_tick_padding_y scale_width shift_angle_closed_feature space_between_blocks svg_background_color svg_width_height top_bottom_margin track_order track_style width_ratio_ref_cluster_legend cross_link_color_reverse feature_opacity color_sample_name_default cross_link_orientation legend_height_percent feature_height_unit sample_name_old2new2 crossing_link2 feature_setting2 reads_mapping feature_x_extent tracks_shift_x tracks_shift_y tracks_reorder cross_link_width_ellipse correct_ellipse_coordinate hist_scatter_line label_text_anchor cross_link_shift_y start scf_id sample end type feature_label legend_label synteny label_text_alignment_baseline crosslink_stroke_style display_segment_name feature_popup_title allow_feature_out_of_list edge_coordinate_feature_out_of_list allow_feature_out_of_list_flag skip_feature_type_keep_crosslink cross_link_track_name block_start_end feature_label_textLength feature_label_lengthAdjust tracks_block_reverse feature_id_is_unique cross_link_opacity_reverse feature_color_reverse feature_opacity_reverse display_segment_strand feature_shift_x_to feature_shift_y_to ref_name_right_gap legend_position feature_content_display_keywords feature_content_display feature_content general_features feature_id_suffix data_feature_setting chop_soft_clip

error in file: out4.prepare.data.error


Mon Apr 13 09:24:18 UTC 2020
sh ../ClustersPloter.sh tracks.5.list out5 . main.5.conf
+ sh ../ClustersPloter.sh tracks.5.list out5 . main.5.conf
-e 
find Imager::Font
find /usr/bin/samtools
find /usr/bin/sort
find /usr/bin/perl

Mon Apr 13 09:24:18 UTC 2020
-e perl /ClustersPloter/src/prepare.data.pl --list tracks.5.list --prefix out5 --outdir . --conf main.5.conf >out5.prepare.data.log 2>out5.prepare.data.error.tmp 

-e 
error: not support default_legend in --conf . only support absolute_postion_in_title connect_stroke_color connect_stroke_dasharray connect_stroke_width connect_with_same_scaffold cross_link_anchor_pos cross_link_color cross_link_height_ellipse cross_link_opacity cross_link_order cross_link_orientation_ellipse cross_link_shape crossing_link display_feature display_feature_label display_legend distance_closed_feature feature_arrow_sharp_extent feature_arrow_width_extent feature_border_color feature_border_size feature_color feature_height_ratio feature_keywords feature_label_auto_angle_flag feature_label_color feature_label_order feature_label_size feature_order feature_setting feature_shape feature_shift_x feature_shift_y feature_shift_y_unit genome_height_ratio ignore_sharp_arrow label_rotate_angle legend_font_size legend_height_ratio legend_height_space legend_stroke_color legend_stroke_width legend_width_margin legend_width_textpercent y_margin_feature_label x_margin_feature_label pdf_dpi pos_feature_label sample_name_color_default sample_name_font_size_default sample_name_old2new scale_color scale_display scale_order scale_padding_y scale_position scale_ratio scale_tick_fontsize scale_tick_height scale_tick_opacity scale_tick_padding_y scale_width shift_angle_closed_feature space_between_blocks svg_background_color svg_width_height top_bottom_margin track_order track_style width_ratio_ref_cluster_legend cross_link_color_reverse feature_opacity color_sample_name_default cross_link_orientation legend_height_percent feature_height_unit sample_name_old2new2 crossing_link2 feature_setting2 reads_mapping feature_x_extent tracks_shift_x tracks_shift_y tracks_reorder cross_link_width_ellipse correct_ellipse_coordinate hist_scatter_line label_text_anchor cross_link_shift_y start scf_id sample end type feature_label legend_label synteny label_text_alignment_baseline crosslink_stroke_style display_segment_name feature_popup_title allow_feature_out_of_list edge_coordinate_feature_out_of_list allow_feature_out_of_list_flag skip_feature_type_keep_crosslink cross_link_track_name block_start_end feature_label_textLength feature_label_lengthAdjust tracks_block_reverse feature_id_is_unique cross_link_opacity_reverse feature_color_reverse feature_opacity_reverse display_segment_strand feature_shift_x_to feature_shift_y_to ref_name_right_gap legend_position feature_content_display_keywords feature_content_display feature_content general_features feature_id_suffix data_feature_setting chop_soft_clip

error in file: out5.prepare.data.error


Mon Apr 13 09:24:18 UTC 2020
sh ../ClustersPloter.sh  tracks.6.list  out6 . main.6.conf
+ sh ../ClustersPloter.sh tracks.6.list out6 . main.6.conf
-e 
find Imager::Font
find /usr/bin/samtools
find /usr/bin/sort
find /usr/bin/perl

Mon Apr 13 09:24:18 UTC 2020
-e perl /ClustersPloter/src/prepare.data.pl --list tracks.6.list --prefix out6 --outdir . --conf main.6.conf >out6.prepare.data.log 2>out6.prepare.data.error.tmp 

-e 
error: not support default_legend in --conf . only support absolute_postion_in_title connect_stroke_color connect_stroke_dasharray connect_stroke_width connect_with_same_scaffold cross_link_anchor_pos cross_link_color cross_link_height_ellipse cross_link_opacity cross_link_order cross_link_orientation_ellipse cross_link_shape crossing_link display_feature display_feature_label display_legend distance_closed_feature feature_arrow_sharp_extent feature_arrow_width_extent feature_border_color feature_border_size feature_color feature_height_ratio feature_keywords feature_label_auto_angle_flag feature_label_color feature_label_order feature_label_size feature_order feature_setting feature_shape feature_shift_x feature_shift_y feature_shift_y_unit genome_height_ratio ignore_sharp_arrow label_rotate_angle legend_font_size legend_height_ratio legend_height_space legend_stroke_color legend_stroke_width legend_width_margin legend_width_textpercent y_margin_feature_label x_margin_feature_label pdf_dpi pos_feature_label sample_name_color_default sample_name_font_size_default sample_name_old2new scale_color scale_display scale_order scale_padding_y scale_position scale_ratio scale_tick_fontsize scale_tick_height scale_tick_opacity scale_tick_padding_y scale_width shift_angle_closed_feature space_between_blocks svg_background_color svg_width_height top_bottom_margin track_order track_style width_ratio_ref_cluster_legend cross_link_color_reverse feature_opacity color_sample_name_default cross_link_orientation legend_height_percent feature_height_unit sample_name_old2new2 crossing_link2 feature_setting2 reads_mapping feature_x_extent tracks_shift_x tracks_shift_y tracks_reorder cross_link_width_ellipse correct_ellipse_coordinate hist_scatter_line label_text_anchor cross_link_shift_y start scf_id sample end type feature_label legend_label synteny label_text_alignment_baseline crosslink_stroke_style display_segment_name feature_popup_title allow_feature_out_of_list edge_coordinate_feature_out_of_list allow_feature_out_of_list_flag skip_feature_type_keep_crosslink cross_link_track_name block_start_end feature_label_textLength feature_label_lengthAdjust tracks_block_reverse feature_id_is_unique cross_link_opacity_reverse feature_color_reverse feature_opacity_reverse display_segment_strand feature_shift_x_to feature_shift_y_to ref_name_right_gap legend_position feature_content_display_keywords feature_content_display feature_content general_features feature_id_suffix data_feature_setting chop_soft_clip

error in file: out6.prepare.data.error


Mon Apr 13 09:24:18 UTC 2020
sh ../ClustersPloter.sh  tracks.7.list  out7 . main.7.conf
+ sh ../ClustersPloter.sh tracks.7.list out7 . main.7.conf
-e 
find Imager::Font
find /usr/bin/samtools
find /usr/bin/sort
find /usr/bin/perl
Mon Apr 13 09:24:18 UTC 2020


Mon Apr 13 09:24:18 UTC 2020
-e perl /ClustersPloter/src/plot.genome.featureCluster.pl --list tracks.7.list.out7 --prefix out7 --outdir . --conf main.7.conf.out7 >out7.plot.log 2>out7.plot.error.tmp


-e 
error: not support default_legend in --conf . only support absolute_postion_in_title connect_stroke_color connect_stroke_dasharray connect_stroke_width connect_with_same_scaffold cross_link_anchor_pos cross_link_color cross_link_height_ellipse cross_link_opacity cross_link_order cross_link_orientation_ellipse cross_link_shape crossing_link display_feature display_feature_label display_legend distance_closed_feature feature_arrow_sharp_extent feature_arrow_width_extent feature_border_color feature_border_size feature_color feature_height_ratio feature_keywords feature_label_auto_angle_flag feature_label_color feature_label_order feature_label_size feature_order feature_setting feature_shape feature_shift_x feature_shift_y feature_shift_y_unit genome_height_ratio ignore_sharp_arrow label_rotate_angle legend_font_size legend_height_ratio legend_height_space legend_stroke_color legend_stroke_width legend_width_margin legend_width_textpercent y_margin_feature_label x_margin_feature_label pdf_dpi pos_feature_label sample_name_color_default sample_name_font_size_default sample_name_old2new scale_color scale_display scale_order scale_padding_y scale_position scale_ratio scale_tick_fontsize scale_tick_height scale_tick_opacity scale_tick_padding_y scale_width shift_angle_closed_feature space_between_blocks svg_background_color svg_width_height top_bottom_margin track_order track_style width_ratio_ref_cluster_legend cross_link_color_reverse feature_opacity color_sample_name_default cross_link_orientation legend_height_percent feature_height_unit sample_name_old2new2 crossing_link2 feature_setting2 reads_mapping feature_x_extent tracks_shift_x tracks_shift_y tracks_reorder cross_link_width_ellipse correct_ellipse_coordinate hist_scatter_line label_text_anchor cross_link_shift_y start scf_id sample end type feature_label legend_label synteny label_text_alignment_baseline crosslink_stroke_style display_segment_name feature_popup_title allow_feature_out_of_list edge_coordinate_feature_out_of_list allow_feature_out_of_list_flag skip_feature_type_keep_crosslink cross_link_track_name block_start_end feature_label_textLength feature_label_lengthAdjust tracks_block_reverse feature_id_is_unique cross_link_opacity_reverse feature_color_reverse feature_opacity_reverse display_segment_strand feature_shift_x_to feature_shift_y_to ref_name_right_gap legend_position feature_content_display_keywords feature_content_display feature_content general_features feature_id_suffix data_feature_setting chop_soft_clip

detail error in file out7.plot.error, 


Mon Apr 13 09:24:18 UTC 2020

sh ../ClustersPloter.sh  tracks.8.list out8 ./ main.8.conf
+ sh ../ClustersPloter.sh tracks.8.list out8 ./ main.8.conf
-e 
find Imager::Font
find /usr/bin/samtools
find /usr/bin/sort
find /usr/bin/perl

Mon Apr 13 09:24:18 UTC 2020
-e perl /ClustersPloter/src/prepare.data.pl --list tracks.8.list --prefix out8 --outdir . --conf main.8.conf >out8.prepare.data.log 2>out8.prepare.data.error.tmp 

-e 
error: not support default_legend in --conf . only support absolute_postion_in_title connect_stroke_color connect_stroke_dasharray connect_stroke_width connect_with_same_scaffold cross_link_anchor_pos cross_link_color cross_link_height_ellipse cross_link_opacity cross_link_order cross_link_orientation_ellipse cross_link_shape crossing_link display_feature display_feature_label display_legend distance_closed_feature feature_arrow_sharp_extent feature_arrow_width_extent feature_border_color feature_border_size feature_color feature_height_ratio feature_keywords feature_label_auto_angle_flag feature_label_color feature_label_order feature_label_size feature_order feature_setting feature_shape feature_shift_x feature_shift_y feature_shift_y_unit genome_height_ratio ignore_sharp_arrow label_rotate_angle legend_font_size legend_height_ratio legend_height_space legend_stroke_color legend_stroke_width legend_width_margin legend_width_textpercent y_margin_feature_label x_margin_feature_label pdf_dpi pos_feature_label sample_name_color_default sample_name_font_size_default sample_name_old2new scale_color scale_display scale_order scale_padding_y scale_position scale_ratio scale_tick_fontsize scale_tick_height scale_tick_opacity scale_tick_padding_y scale_width shift_angle_closed_feature space_between_blocks svg_background_color svg_width_height top_bottom_margin track_order track_style width_ratio_ref_cluster_legend cross_link_color_reverse feature_opacity color_sample_name_default cross_link_orientation legend_height_percent feature_height_unit sample_name_old2new2 crossing_link2 feature_setting2 reads_mapping feature_x_extent tracks_shift_x tracks_shift_y tracks_reorder cross_link_width_ellipse correct_ellipse_coordinate hist_scatter_line label_text_anchor cross_link_shift_y start scf_id sample end type feature_label legend_label synteny label_text_alignment_baseline crosslink_stroke_style display_segment_name feature_popup_title allow_feature_out_of_list edge_coordinate_feature_out_of_list allow_feature_out_of_list_flag skip_feature_type_keep_crosslink cross_link_track_name block_start_end feature_label_textLength feature_label_lengthAdjust tracks_block_reverse feature_id_is_unique cross_link_opacity_reverse feature_color_reverse feature_opacity_reverse display_segment_strand feature_shift_x_to feature_shift_y_to ref_name_right_gap legend_position feature_content_display_keywords feature_content_display feature_content general_features feature_id_suffix data_feature_setting chop_soft_clip

error in file: out8.prepare.data.error



