find package FindBin
find package JSON
feature_shift_y_unit -> backbone
scale_order -> -1
feature_order -> 1
scale_color -> green
legend_stroke_color -> black
ref_name_right_gap -> 0.15
crosslink_stroke_style -> stroke:black;stroke-width:0.1;
top_bottom_margin -> 0.15
feature_arrow_sharp_extent -> 0.3
cross_link_orientation -> forward
scale_padding_y -> 0.5
legend_font_size -> 15
legend_width_textpercent -> 0.6
connect_stroke_width -> 1
feature_height_unit -> backbone
absolute_postion_in_title -> yes
scale_display -> yes
feature_opacity -> 1
width_ratio_ref_cluster_legend -> 0.1-0.75-0.15
feature_label_order -> 1
feature_shift_x -> 0
legend_height_space -> 0.1
feature_setting -> feature.color.label.conf.out2
connect_with_same_scaffold -> yes
y_margin_feature_label -> 0.05
x_margin_feature_label -> 0.01
pos_feature_label -> medium_up_skip_arrow_sharp
sample_name_font_size_default -> 10
cross_link_anchor_pos -> medium_medium
crossing_link -> feature.crossing.link.out2
legend_width_margin -> 0.1
pdf_dpi -> 100
scale_position -> low
display_feature_label -> no
feature_content_display -> no
feature_shape -> arrow
scale_tick_height -> 0.01
legend_stroke_width -> 0.2
connect_stroke_color -> black
display_segment_name -> yes,center,shift_y:+2,fontsize:6,color:black,order:5,rotate:0
shift_angle_closed_feature -> 10
label_rotate_angle -> 0
tracks_shift_y -> pO83_CORR,0,+0.1:+0;
display_legend -> yes
connect_stroke_dasharray -> 2,2
scale_tick_padding_y -> 10
cross_link_width_ellipse -> 0.2
feature_border_color -> black
svg_background_color -> white
feature_label_color -> black
cross_link_color_reverse -> #3CB371
cross_link_orientation_ellipse -> up
track_order -> 0
genome_height_ratio -> 1
scale_ratio -> 1000
feature_id_is_unique -> no
feature_color -> rgb(50,205,50)
cross_link_order -> 2
distance_closed_feature -> 1
feature_label_size -> 10
cross_link_opacity -> 0.8
display_segment_strand -> 5:5',3:3',color:black,fontsize:10
space_between_blocks -> 500
legend_height_ratio -> 0.9
label_text_anchor -> middle
feature_arrow_width_extent -> 0.2
sample_name_color_default -> black
feature_shift_y -> 0
correct_ellipse_coordinate -> no
legend_height_percent -> 0.2
cross_link_shape -> quadrilateral
color_sample_name_default -> green
feature_x_extent -> 0bp,0bp
svg_width_height -> 1300,700
scale_tick_opacity -> 0.9
synteny -> 0->1,pO83_CORR.indel,pO83_CORR,../../data/mummer.delta.filter.coords,mummer_coords,quadrilateral,orange->opacity0.5,blue->opacity0.7,+3:-3,1
feature_label_auto_angle_flag -> 1
ignore_sharp_arrow -> no
cross_link_height_ellipse -> 10,8
legend_position -> right
allow_feature_out_of_list -> synteny
display_feature -> yes
scale_width -> 0.5
label_text_alignment_baseline -> baseline
feature_border_size -> 0
track_style -> fill:green
feature_keywords -> ,synteny
chop_soft_clip -> yes
scale_tick_fontsize -> 10
tracks_shift_x -> pO83_CORR,1,+200bp:+0bp;pO83_CORR,2,-400bp:+0bp;
feature_height_ratio -> 3.5
cross_link_color -> #FF8C00

not_exists hist_scatter_line in confs

not_exists reads_mapping in confs
key synteny = 0->1,pO83_CORR.indel,pO83_CORR,../../data/mummer.delta.filter.coords,mummer_coords,quadrilateral,orange->opacity0.5,blue->opacity0.7,+3:-3,1

svg_width is 1300, svg_height is svg_height
start read tracks.2.list.out2
parse pO83_CORR pO83_CORR:NC_017659.1:1700-5900 -> block_index 1

parse pO83_CORR pO83_CORR:NC_017659.1:5901-7000 -> block_index 2

read gff, pO83_CORR:NC_017659.1:5901-7000 block_index 2 for NC_017659.1	add	synteny	5460	147060	.	+	.	ID=pO83_CORR.NC_017659.1.5460.147060.1.+.t.q_block_index=1.t_block_index=1;
read gff, pO83_CORR:NC_017659.1:1700-5900 block_index 1 for NC_017659.1	add	synteny	5460	147060	.	+	.	ID=pO83_CORR.NC_017659.1.5460.147060.1.+.t.q_block_index=1.t_block_index=1;
read gff, pO83_CORR:NC_017659.1:5901-7000 block_index 2 for NC_017659.1	add	synteny	5460	147060	.	+	.	ID=pO83_CORR.NC_017659.1.5460.147060.1.+.t.q_block_index=2.t_block_index=2;
read gff, pO83_CORR:NC_017659.1:1700-5900 block_index 1 for NC_017659.1	add	synteny	5460	147060	.	+	.	ID=pO83_CORR.NC_017659.1.5460.147060.1.+.t.q_block_index=2.t_block_index=2;
read gff, pO83_CORR:NC_017659.1:5901-7000 block_index 2 for NC_017659.1	add	synteny	2101	5460	.	+	.	ID=pO83_CORR.NC_017659.1.2101.5460.1.+.t.q_block_index=1.t_block_index=1;
read gff, pO83_CORR:NC_017659.1:1700-5900 block_index 1 for NC_017659.1	add	synteny	2101	5460	.	+	.	ID=pO83_CORR.NC_017659.1.2101.5460.1.+.t.q_block_index=1.t_block_index=1;
read gff, pO83_CORR:NC_017659.1:5901-7000 block_index 2 for NC_017659.1	add	synteny	1	1898	.	+	.	ID=pO83_CORR.NC_017659.1.1.1898.1.+.t.q_block_index=1.t_block_index=1;
read gff, pO83_CORR:NC_017659.1:1700-5900 block_index 1 for NC_017659.1	add	synteny	1	1898	.	+	.	ID=pO83_CORR.NC_017659.1.1.1898.1.+.t.q_block_index=1.t_block_index=1;
read gff, pO83_CORR:NC_017659.1:5901-7000 block_index 2 for NC_017659.1	add	synteny	1891	2100	.	+	.	ID=pO83_CORR.NC_017659.1.1891.2100.1.+.t.q_block_index=1.t_block_index=1;
read gff, pO83_CORR:NC_017659.1:1700-5900 block_index 1 for NC_017659.1	add	synteny	1891	2100	.	+	.	ID=pO83_CORR.NC_017659.1.1891.2100.1.+.t.q_block_index=1.t_block_index=1;
read_list pO83_CORR end
parse pO83_CORR.indel pO83_CORR.indel:NC_017659.1.fake:1700-6000 -> block_index 1

parse pO83_CORR.indel pO83_CORR.indel:NC_017659.1.fake:6001-7000 -> block_index 2

read gff, pO83_CORR.indel:NC_017659.1.fake:1700-6000 block_index 1 for NC_017659.1.fake	add	synteny	5460	147060	.	+	.	ID=pO83_CORR.indel.NC_017659.1.fake.5460.147060.1.+.q.q_block_index=1.t_block_index=1;
read gff, pO83_CORR.indel:NC_017659.1.fake:6001-7000 block_index 2 for NC_017659.1.fake	add	synteny	5460	147060	.	+	.	ID=pO83_CORR.indel.NC_017659.1.fake.5460.147060.1.+.q.q_block_index=1.t_block_index=1;
read gff, pO83_CORR.indel:NC_017659.1.fake:1700-6000 block_index 1 for NC_017659.1.fake	add	synteny	5460	147060	.	+	.	ID=pO83_CORR.indel.NC_017659.1.fake.5460.147060.1.+.q.q_block_index=2.t_block_index=2;
read gff, pO83_CORR.indel:NC_017659.1.fake:6001-7000 block_index 2 for NC_017659.1.fake	add	synteny	5460	147060	.	+	.	ID=pO83_CORR.indel.NC_017659.1.fake.5460.147060.1.+.q.q_block_index=2.t_block_index=2;
read gff, pO83_CORR.indel:NC_017659.1.fake:1700-6000 block_index 1 for NC_017659.1.fake	add	synteny	1891	5250	.	+	.	ID=pO83_CORR.indel.NC_017659.1.fake.1891.5250.1.+.q.q_block_index=1.t_block_index=1;
read gff, pO83_CORR.indel:NC_017659.1.fake:6001-7000 block_index 2 for NC_017659.1.fake	add	synteny	1891	5250	.	+	.	ID=pO83_CORR.indel.NC_017659.1.fake.1891.5250.1.+.q.q_block_index=1.t_block_index=1;
read gff, pO83_CORR.indel:NC_017659.1.fake:1700-6000 block_index 1 for NC_017659.1.fake	add	synteny	1	1898	.	+	.	ID=pO83_CORR.indel.NC_017659.1.fake.1.1898.1.+.q.q_block_index=1.t_block_index=1;
read gff, pO83_CORR.indel:NC_017659.1.fake:6001-7000 block_index 2 for NC_017659.1.fake	add	synteny	1	1898	.	+	.	ID=pO83_CORR.indel.NC_017659.1.fake.1.1898.1.+.q.q_block_index=1.t_block_index=1;
read gff, pO83_CORR.indel:NC_017659.1.fake:1700-6000 block_index 1 for NC_017659.1.fake	add	synteny	5251	5460	.	+	.	ID=pO83_CORR.indel.NC_017659.1.fake.5251.5460.1.+.q.q_block_index=1.t_block_index=1;
read gff, pO83_CORR.indel:NC_017659.1.fake:6001-7000 block_index 2 for NC_017659.1.fake	add	synteny	5251	5460	.	+	.	ID=pO83_CORR.indel.NC_017659.1.fake.5251.5460.1.+.q.q_block_index=1.t_block_index=1;
read_list pO83_CORR.indel end
end read tracks.2.list.out2
lenged number is 0
draw sample name pO83_CORR
using /ClustersPloter/src/Times_New_Roman.ttf
text is NC_017659.1:1700-5900bp, fontsize is 6, ttf is /ClustersPloter/src/Times_New_Roman.ttf
draw feature_id = pO83_CORR.NC_017659.1.1.1898.1.+.t.q_block_index=1.t_block_index=1
1brefore, feature_id	pO83_CORR.NC_017659.1.1.1898.1.+.t.q_block_index=1.t_block_index=1,	feature_shift_x	,start	-7598	end	-5701
2brefore, feature_id	pO83_CORR.NC_017659.1.1.1898.1.+.t.q_block_index=1.t_block_index=1,	feature_shift_x	0,start	-7598	end	-5701	ratio	0.168074469918979
feature_id	pO83_CORR.NC_017659.1.1.1898.1.+.t.q_block_index=1.t_block_index=1,	feature_shift_x	0,start	-7599	end	-5701	ratio	0.168074469918979
draw feature_id = pO83_CORR.NC_017659.1.1891.2100.1.+.t.q_block_index=1.t_block_index=1
1brefore, feature_id	pO83_CORR.NC_017659.1.1891.2100.1.+.t.q_block_index=1.t_block_index=1,	feature_shift_x	,start	-5708	end	-5499
2brefore, feature_id	pO83_CORR.NC_017659.1.1891.2100.1.+.t.q_block_index=1.t_block_index=1,	feature_shift_x	0,start	-5708	end	-5499	ratio	0.168074469918979
feature_id	pO83_CORR.NC_017659.1.1891.2100.1.+.t.q_block_index=1.t_block_index=1,	feature_shift_x	0,start	-5709	end	-5499	ratio	0.168074469918979
draw feature_id = pO83_CORR.NC_017659.1.2101.5460.1.+.t.q_block_index=1.t_block_index=1
1brefore, feature_id	pO83_CORR.NC_017659.1.2101.5460.1.+.t.q_block_index=1.t_block_index=1,	feature_shift_x	,start	-5498	end	-2139
2brefore, feature_id	pO83_CORR.NC_017659.1.2101.5460.1.+.t.q_block_index=1.t_block_index=1,	feature_shift_x	0,start	-5498	end	-2139	ratio	0.168074469918979
feature_id	pO83_CORR.NC_017659.1.2101.5460.1.+.t.q_block_index=1.t_block_index=1,	feature_shift_x	0,start	-5499	end	-2139	ratio	0.168074469918979
draw feature_id = pO83_CORR.NC_017659.1.5460.147060.1.+.t.q_block_index=1.t_block_index=1
1brefore, feature_id	pO83_CORR.NC_017659.1.5460.147060.1.+.t.q_block_index=1.t_block_index=1,	feature_shift_x	,start	-2139	end	139461
2brefore, feature_id	pO83_CORR.NC_017659.1.5460.147060.1.+.t.q_block_index=1.t_block_index=1,	feature_shift_x	0,start	-2139	end	139461	ratio	0.168074469918979
feature_id	pO83_CORR.NC_017659.1.5460.147060.1.+.t.q_block_index=1.t_block_index=1,	feature_shift_x	0,start	-2140	end	139461	ratio	0.168074469918979
using /ClustersPloter/src/Times_New_Roman.ttf
text is NC_017659.1:5901-7000bp, fontsize is 6, ttf is /ClustersPloter/src/Times_New_Roman.ttf
draw feature_id = pO83_CORR.NC_017659.1.5460.147060.1.+.t.q_block_index=2.t_block_index=2
1brefore, feature_id	pO83_CORR.NC_017659.1.5460.147060.1.+.t.q_block_index=2.t_block_index=2,	feature_shift_x	,start	-440	end	141160
2brefore, feature_id	pO83_CORR.NC_017659.1.5460.147060.1.+.t.q_block_index=2.t_block_index=2,	feature_shift_x	0,start	-440	end	141160	ratio	0.168074469918979
feature_id	pO83_CORR.NC_017659.1.5460.147060.1.+.t.q_block_index=2.t_block_index=2,	feature_shift_x	0,start	-441	end	141160	ratio	0.168074469918979
draw sample name pO83_CORR.indel
using /ClustersPloter/src/Times_New_Roman.ttf
text is NC_017659.1.fake:1700-6000bp, fontsize is 6, ttf is /ClustersPloter/src/Times_New_Roman.ttf
draw feature_id = pO83_CORR.indel.NC_017659.1.fake.1.1898.1.+.q.q_block_index=1.t_block_index=1
1brefore, feature_id	pO83_CORR.indel.NC_017659.1.fake.1.1898.1.+.q.q_block_index=1.t_block_index=1,	feature_shift_x	,start	-1698	end	199
2brefore, feature_id	pO83_CORR.indel.NC_017659.1.fake.1.1898.1.+.q.q_block_index=1.t_block_index=1,	feature_shift_x	0,start	-1698	end	199	ratio	0.168074469918979
feature_id	pO83_CORR.indel.NC_017659.1.fake.1.1898.1.+.q.q_block_index=1.t_block_index=1,	feature_shift_x	0,start	-1699	end	199	ratio	0.168074469918979
draw feature_id = pO83_CORR.indel.NC_017659.1.fake.1891.5250.1.+.q.q_block_index=1.t_block_index=1
1brefore, feature_id	pO83_CORR.indel.NC_017659.1.fake.1891.5250.1.+.q.q_block_index=1.t_block_index=1,	feature_shift_x	,start	192	end	3551
2brefore, feature_id	pO83_CORR.indel.NC_017659.1.fake.1891.5250.1.+.q.q_block_index=1.t_block_index=1,	feature_shift_x	0,start	192	end	3551	ratio	0.168074469918979
feature_id	pO83_CORR.indel.NC_017659.1.fake.1891.5250.1.+.q.q_block_index=1.t_block_index=1,	feature_shift_x	0,start	191	end	3551	ratio	0.168074469918979
draw feature_id = pO83_CORR.indel.NC_017659.1.fake.5251.5460.1.+.q.q_block_index=1.t_block_index=1
1brefore, feature_id	pO83_CORR.indel.NC_017659.1.fake.5251.5460.1.+.q.q_block_index=1.t_block_index=1,	feature_shift_x	,start	3552	end	3761
2brefore, feature_id	pO83_CORR.indel.NC_017659.1.fake.5251.5460.1.+.q.q_block_index=1.t_block_index=1,	feature_shift_x	0,start	3552	end	3761	ratio	0.168074469918979
feature_id	pO83_CORR.indel.NC_017659.1.fake.5251.5460.1.+.q.q_block_index=1.t_block_index=1,	feature_shift_x	0,start	3551	end	3761	ratio	0.168074469918979
draw feature_id = pO83_CORR.indel.NC_017659.1.fake.5460.147060.1.+.q.q_block_index=1.t_block_index=1
1brefore, feature_id	pO83_CORR.indel.NC_017659.1.fake.5460.147060.1.+.q.q_block_index=1.t_block_index=1,	feature_shift_x	,start	3761	end	145361
2brefore, feature_id	pO83_CORR.indel.NC_017659.1.fake.5460.147060.1.+.q.q_block_index=1.t_block_index=1,	feature_shift_x	0,start	3761	end	145361	ratio	0.168074469918979
feature_id	pO83_CORR.indel.NC_017659.1.fake.5460.147060.1.+.q.q_block_index=1.t_block_index=1,	feature_shift_x	0,start	3760	end	145361	ratio	0.168074469918979
using /ClustersPloter/src/Times_New_Roman.ttf
text is NC_017659.1.fake:6001-7000bp, fontsize is 6, ttf is /ClustersPloter/src/Times_New_Roman.ttf
draw feature_id = pO83_CORR.indel.NC_017659.1.fake.5460.147060.1.+.q.q_block_index=2.t_block_index=2
1brefore, feature_id	pO83_CORR.indel.NC_017659.1.fake.5460.147060.1.+.q.q_block_index=2.t_block_index=2,	feature_shift_x	,start	-2239	end	139361
2brefore, feature_id	pO83_CORR.indel.NC_017659.1.fake.5460.147060.1.+.q.q_block_index=2.t_block_index=2,	feature_shift_x	0,start	-2239	end	139361	ratio	0.168074469918979
feature_id	pO83_CORR.indel.NC_017659.1.fake.5460.147060.1.+.q.q_block_index=2.t_block_index=2,	feature_shift_x	0,start	-2240	end	139361	ratio	0.168074469918979
check_blocks_two_ends_cord pO83_CORR.indel,NC_017659.1.fake,2,6001 -> 936.92553008102,504.416666666667
check_blocks_two_ends_cord pO83_CORR.indel,NC_017659.1.fake,2,7000 -> 1105,504.416666666667
check_blocks_two_ends_cord pO83_CORR.indel,NC_017659.1.fake,1,6000 -> 852.888295121531,504.416666666667
check_blocks_two_ends_cord pO83_CORR.indel,NC_017659.1.fake,1,1700 -> 130,504.416666666667
check_blocks_two_ends_cord pO83_CORR,NC_017659.1,2,7000 -> 1071.3851060162,221.083333333333
check_blocks_two_ends_cord pO83_CORR,NC_017659.1,2,5901 -> 886.503189105327,221.083333333333
check_blocks_two_ends_cord pO83_CORR,NC_017659.1,1,1700 -> 163.614893983796,221.083333333333
check_blocks_two_ends_cord pO83_CORR,NC_017659.1,1,5900 -> 869.695742113429,221.083333333333




edge_coordinate_feature_out_of_list is 130,504.416666666667:852.888295121531,504.416666666667 -> 163.614893983796,221.083333333333:869.695742113429,221.083333333333 ->1,1
plot crosslink pair pO83_CORR.indel.NC_017659.1.fake.5460.147060.1.+.q.q_block_index=1.t_block_index=1,pO83_CORR.NC_017659.1.5460.147060.1.+.t.q_block_index=1.t_block_index=1, 1th -> 5
edge_coordinate_feature_out_of_list is 936.92553008102,504.416666666667:1105,504.416666666667 -> 886.503189105327,221.083333333333:1071.3851060162,221.083333333333 ->2,2
plot crosslink pair pO83_CORR.indel.NC_017659.1.fake.5460.147060.1.+.q.q_block_index=2.t_block_index=2,pO83_CORR.NC_017659.1.5460.147060.1.+.t.q_block_index=2.t_block_index=2, 2th -> 5
edge_coordinate_feature_out_of_list is 130,504.416666666667:852.888295121531,504.416666666667 -> 163.614893983796,221.083333333333:869.695742113429,221.083333333333 ->1,1
plot crosslink pair pO83_CORR.indel.NC_017659.1.fake.1.1898.1.+.q.q_block_index=1.t_block_index=1,pO83_CORR.NC_017659.1.1.1898.1.+.t.q_block_index=1.t_block_index=1, 3th -> 5
plot crosslink pair pO83_CORR.indel.NC_017659.1.fake.1891.5250.1.+.q.q_block_index=1.t_block_index=1,pO83_CORR.NC_017659.1.2101.5460.1.+.t.q_block_index=1.t_block_index=1, 4th -> 5
plot crosslink pair pO83_CORR.indel.NC_017659.1.fake.5251.5460.1.+.q.q_block_index=1.t_block_index=1,pO83_CORR.NC_017659.1.1891.2100.1.+.t.q_block_index=1.t_block_index=1, 5th -> 5
scale_display is yes
disply scale
unit_scale is 168.074469918979=1000*0.168074469918979
ticks number is 5
cluster_width_ratio 0.75*1300 % 168.074469918979
order is -1
order is 0
order is 0.2
order is 0.4
order is 0.6
order is 0.8
order is 1
order is 5

outfile is  ./out2.svg and ./out2.notitle.svg ./out2.html

if you want png or pdf format,you could use convert or cairosvg to convert svg to pdf or png:
	convert  -density 100 ./out2.svg ./out2.png
	convert -density 100 ./out2.svg ./out2.dpi100.pdf

/ClustersPloter/src/navigator
/ClustersPloter/src/svg-pan-zoom.js exists,
	so output ./out2.html, which you can zoom in/out or drag, thanks https://github.com/ariutta/svg-pan-zoom

